Log file open, 12/13/16 02:41:25
LogInit:Display: Running engine for game: Loneliness
LogPlatformFile: Not using cached read wrapper
LogInit:Display: RandInit(-687399869) SRandInit(-687399869).
LogTaskGraph: Started task graph with 5 named threads and 6 total threads with 1 sets of task threads.
LogStats: Stats thread started at 0.074179
LogPluginManager: Loaded Plugin Paper2D, From D:/Program Files (x86)/Epic Games/4.13/Engine/Plugins/2D/Paper2D/Paper2D.uplugin
LogPluginManager: Loaded Plugin LightPropagationVolume, From D:/Program Files (x86)/Epic Games/4.13/Engine/Plugins/Blendables/LightPropagationVolume/LightPropagationVolume.uplugin
LogPluginManager: Loaded Plugin BlankPlugin, From D:/Program Files (x86)/Epic Games/4.13/Engine/Plugins/Developer/BlankPlugin/BlankPlugin.uplugin
LogPluginManager: Loaded Plugin CodeLiteSourceCodeAccess, From D:/Program Files (x86)/Epic Games/4.13/Engine/Plugins/Developer/CodeLiteSourceCodeAccess/CodeLiteSourceCodeAccess.uplugin
LogPluginManager: Loaded Plugin GitSourceControl, From D:/Program Files (x86)/Epic Games/4.13/Engine/Plugins/Developer/GitSourceControl/GitSourceControl.uplugin
LogPluginManager: Loaded Plugin KDevelopSourceCodeAccess, From D:/Program Files (x86)/Epic Games/4.13/Engine/Plugins/Developer/KDevelopSourceCodeAccess/KDevelopSourceCodeAccess.uplugin
LogPluginManager: Loaded Plugin NullSourceCodeAccess, From D:/Program Files (x86)/Epic Games/4.13/Engine/Plugins/Developer/NullSourceCodeAccess/NullSourceCodeAccess.uplugin
LogPluginManager: Loaded Plugin OneSkyLocalizationService, From D:/Program Files (x86)/Epic Games/4.13/Engine/Plugins/Developer/OneSkyLocalizationService/OneSkyLocalizationService.uplugin
LogPluginManager: Loaded Plugin PerforceSourceControl, From D:/Program Files (x86)/Epic Games/4.13/Engine/Plugins/Developer/PerforceSourceControl/PerforceSourceControl.uplugin
LogPluginManager: Loaded Plugin SubversionSourceControl, From D:/Program Files (x86)/Epic Games/4.13/Engine/Plugins/Developer/SubversionSourceControl/SubversionSourceControl.uplugin
LogPluginManager: Loaded Plugin UObjectPlugin, From D:/Program Files (x86)/Epic Games/4.13/Engine/Plugins/Developer/UObjectPlugin/UObjectPlugin.uplugin
LogPluginManager: Loaded Plugin VisualStudioSourceCodeAccess, From D:/Program Files (x86)/Epic Games/4.13/Engine/Plugins/Developer/VisualStudioSourceCodeAccess/VisualStudioSourceCodeAccess.uplugin
LogPluginManager: Loaded Plugin XCodeSourceCodeAccess, From D:/Program Files (x86)/Epic Games/4.13/Engine/Plugins/Developer/XCodeSourceCodeAccess/XCodeSourceCodeAccess.uplugin
LogPluginManager: Loaded Plugin EpicSurvey, From D:/Program Files (x86)/Epic Games/4.13/Engine/Plugins/Editor/EpicSurvey/EpicSurvey.uplugin
LogPluginManager: Loaded Plugin MacGraphicsSwitching, From D:/Program Files (x86)/Epic Games/4.13/Engine/Plugins/Editor/MacGraphicsSwitching/MacGraphicsSwitching.uplugin
LogPluginManager: Loaded Plugin MobileLauncherProfileWizard, From D:/Program Files (x86)/Epic Games/4.13/Engine/Plugins/Editor/MobileLauncherProfileWizard/MobileLauncherProfileWizard.uplugin
LogPluginManager: Loaded Plugin PluginBrowser, From D:/Program Files (x86)/Epic Games/4.13/Engine/Plugins/Editor/PluginBrowser/PluginBrowser.uplugin
LogPluginManager: Loaded Plugin SpeedTreeImporter, From D:/Program Files (x86)/Epic Games/4.13/Engine/Plugins/Editor/SpeedTreeImporter/SpeedTreeImporter.uplugin
LogPluginManager: Loaded Plugin SuperSearchEditor, From D:/Program Files (x86)/Epic Games/4.13/Engine/Plugins/Editor/SuperSearchEditor/SuperSearchEditor.uplugin
LogPluginManager: Loaded Plugin AlembicImporter, From D:/Program Files (x86)/Epic Games/4.13/Engine/Plugins/Experimental/AlembicImporter/AlembicImporter.uplugin
LogPluginManager: Loaded Plugin BlueprintStats, From D:/Program Files (x86)/Epic Games/4.13/Engine/Plugins/Experimental/BlueprintStats/BlueprintStats.uplugin
LogPluginManager: Loaded Plugin CharacterAI, From D:/Program Files (x86)/Epic Games/4.13/Engine/Plugins/Experimental/CharacterAI/CharacterAI.uplugin
LogPluginManager: Loaded Plugin CodeEditor, From D:/Program Files (x86)/Epic Games/4.13/Engine/Plugins/Experimental/CodeEditor/CodeEditor.uplugin
LogPluginManager: Loaded Plugin CodeView, From D:/Program Files (x86)/Epic Games/4.13/Engine/Plugins/Experimental/CodeView/CodeView.uplugin
LogPluginManager: Loaded Plugin HTML5Networking, From D:/Program Files (x86)/Epic Games/4.13/Engine/Plugins/Experimental/HTML5Networking/HTML5Networking.uplugin
LogPluginManager: Loaded Plugin LiveEditor, From D:/Program Files (x86)/Epic Games/4.13/Engine/Plugins/Experimental/LiveEditor/LiveEditor.uplugin
LogPluginManager: Loaded Plugin OSVR, From D:/Program Files (x86)/Epic Games/4.13/Engine/Plugins/Experimental/OSVR/OSVR.uplugin
LogPluginManager: Loaded Plugin Phya, From D:/Program Files (x86)/Epic Games/4.13/Engine/Plugins/Experimental/Phya/Phya.uplugin
LogPluginManager: Loaded Plugin SignificanceManager, From D:/Program Files (x86)/Epic Games/4.13/Engine/Plugins/Experimental/SignificanceManager/SignificanceManager.uplugin
LogPluginManager: Loaded Plugin SimpleHMD, From D:/Program Files (x86)/Epic Games/4.13/Engine/Plugins/Experimental/SimpleHMD/SimpleHMD.uplugin
LogPluginManager: Loaded Plugin StereoPanorama, From D:/Program Files (x86)/Epic Games/4.13/Engine/Plugins/Experimental/StereoPanorama/StereoPanorama.uplugin
LogPluginManager: Loaded Plugin StructBox, From D:/Program Files (x86)/Epic Games/4.13/Engine/Plugins/Experimental/StructBox/StructBox.uplugin
LogPluginManager: Loaded Plugin AndroidMedia, From D:/Program Files (x86)/Epic Games/4.13/Engine/Plugins/Media/AndroidMedia/AndroidMedia.uplugin
LogPluginManager: Loaded Plugin AvfMedia, From D:/Program Files (x86)/Epic Games/4.13/Engine/Plugins/Media/AvfMedia/AvfMedia.uplugin
LogPluginManager: Loaded Plugin MediaPlayerEditor, From D:/Program Files (x86)/Epic Games/4.13/Engine/Plugins/Media/MediaPlayerEditor/MediaPlayerEditor.uplugin
LogPluginManager: Loaded Plugin WmfMedia, From D:/Program Files (x86)/Epic Games/4.13/Engine/Plugins/Media/WmfMedia/WmfMedia.uplugin
LogPluginManager: Loaded Plugin MessagingDebugger, From D:/Program Files (x86)/Epic Games/4.13/Engine/Plugins/Messaging/MessagingDebugger/MessagingDebugger.uplugin
LogPluginManager: Loaded Plugin TcpMessaging, From D:/Program Files (x86)/Epic Games/4.13/Engine/Plugins/Messaging/TcpMessaging/TcpMessaging.uplugin
LogPluginManager: Loaded Plugin UdpMessaging, From D:/Program Files (x86)/Epic Games/4.13/Engine/Plugins/Messaging/UdpMessaging/UdpMessaging.uplugin
LogPluginManager: Loaded Plugin LevelSequenceEditor, From D:/Program Files (x86)/Epic Games/4.13/Engine/Plugins/MovieScene/LevelSequenceEditor/LevelSequenceEditor.uplugin
LogPluginManager: Loaded Plugin MatineeToLevelSequence, From D:/Program Files (x86)/Epic Games/4.13/Engine/Plugins/MovieScene/MatineeToLevelSequence/MatineeToLevelSequence.uplugin
LogPluginManager: Loaded Plugin NetcodeUnitTest, From D:/Program Files (x86)/Epic Games/4.13/Engine/Plugins/NetcodeUnitTest/NetcodeUnitTest/NetcodeUnitTest.uplugin
LogPluginManager: Loaded Plugin NUTUnrealEngine4, From D:/Program Files (x86)/Epic Games/4.13/Engine/Plugins/NetcodeUnitTest/NUTUnrealEngine4/NUTUnrealEngine4.uplugin
LogPluginManager: Loaded Plugin OnlineSubsystemGooglePlay, From D:/Program Files (x86)/Epic Games/4.13/Engine/Plugins/Online/Android/OnlineSubsystemGooglePlay/OnlineSubsystemGooglePlay.uplugin
LogPluginManager: Loaded Plugin OnlineSubsystemIOS, From D:/Program Files (x86)/Epic Games/4.13/Engine/Plugins/Online/IOS/OnlineSubsystemIOS/OnlineSubsystemIOS.uplugin
LogPluginManager: Loaded Plugin OnlineFramework, From D:/Program Files (x86)/Epic Games/4.13/Engine/Plugins/Online/OnlineFramework/OnlineFramework.uplugin
LogPluginManager: Loaded Plugin OnlineSubsystem, From D:/Program Files (x86)/Epic Games/4.13/Engine/Plugins/Online/OnlineSubsystem/OnlineSubsystem.uplugin
LogPluginManager: Loaded Plugin OnlineSubsystemAmazon, From D:/Program Files (x86)/Epic Games/4.13/Engine/Plugins/Online/OnlineSubsystemAmazon/OnlineSubsystemAmazon.uplugin
LogPluginManager: Loaded Plugin OnlineSubsystemFacebook, From D:/Program Files (x86)/Epic Games/4.13/Engine/Plugins/Online/OnlineSubsystemFacebook/OnlineSubsystemFacebook.uplugin
LogPluginManager: Loaded Plugin OnlineSubsystemNull, From D:/Program Files (x86)/Epic Games/4.13/Engine/Plugins/Online/OnlineSubsystemNull/OnlineSubsystemNull.uplugin
LogPluginManager: Loaded Plugin OnlineSubsystemOculus, From D:/Program Files (x86)/Epic Games/4.13/Engine/Plugins/Online/OnlineSubsystemOculus/OnlineSubsystemOculus.uplugin
LogPluginManager: Loaded Plugin OnlineSubsystemSteam, From D:/Program Files (x86)/Epic Games/4.13/Engine/Plugins/Online/OnlineSubsystemSteam/OnlineSubsystemSteam.uplugin
LogPluginManager: Loaded Plugin OnlineSubsystemUtils, From D:/Program Files (x86)/Epic Games/4.13/Engine/Plugins/Online/OnlineSubsystemUtils/OnlineSubsystemUtils.uplugin
LogPluginManager: Loaded Plugin IOSTapJoy, From D:/Program Files (x86)/Epic Games/4.13/Engine/Plugins/Runtime/Advertising/IOSTapJoy/IOSTapJoy.uplugin
LogPluginManager: Loaded Plugin AnalyticsBlueprintLibrary, From D:/Program Files (x86)/Epic Games/4.13/Engine/Plugins/Runtime/Analytics/AnalyticsBlueprintLibrary/AnalyticsBlueprintLibrary.uplugin
LogPluginManager: Loaded Plugin AnalyticsMulticast, From D:/Program Files (x86)/Epic Games/4.13/Engine/Plugins/Runtime/Analytics/AnalyticsMulticast/AnalyticsMulticast.uplugin
LogPluginManager: Loaded Plugin Apsalar, From D:/Program Files (x86)/Epic Games/4.13/Engine/Plugins/Runtime/Analytics/Apsalar/Apsalar.uplugin
LogPluginManager: Loaded Plugin FileLogging, From D:/Program Files (x86)/Epic Games/4.13/Engine/Plugins/Runtime/Analytics/FileLogging/FileLogging.uplugin
LogPluginManager: Loaded Plugin Flurry, From D:/Program Files (x86)/Epic Games/4.13/Engine/Plugins/Runtime/Analytics/Flurry/Flurry.uplugin
LogPluginManager: Loaded Plugin AndroidDeviceProfileSelector, From D:/Program Files (x86)/Epic Games/4.13/Engine/Plugins/Runtime/AndroidDeviceProfileSelector/AndroidDeviceProfileSelector.uplugin
LogPluginManager: Loaded Plugin AndroidMoviePlayer, From D:/Program Files (x86)/Epic Games/4.13/Engine/Plugins/Runtime/AndroidMoviePlayer/AndroidMoviePlayer.uplugin
LogPluginManager: Loaded Plugin AppleMoviePlayer, From D:/Program Files (x86)/Epic Games/4.13/Engine/Plugins/Runtime/AppleMoviePlayer/AppleMoviePlayer.uplugin
LogPluginManager: Loaded Plugin ArchVisCharacter, From D:/Program Files (x86)/Epic Games/4.13/Engine/Plugins/Runtime/ArchVisCharacter/ArchVisCharacter.uplugin
LogPluginManager: Loaded Plugin CableComponent, From D:/Program Files (x86)/Epic Games/4.13/Engine/Plugins/Runtime/CableComponent/CableComponent.uplugin
LogPluginManager: Loaded Plugin CustomMeshComponent, From D:/Program Files (x86)/Epic Games/4.13/Engine/Plugins/Runtime/CustomMeshComponent/CustomMeshComponent.uplugin
LogPluginManager: Loaded Plugin ExampleDeviceProfileSelector, From D:/Program Files (x86)/Epic Games/4.13/Engine/Plugins/Runtime/ExampleDeviceProfileSelector/ExampleDeviceProfileSelector.uplugin
LogPluginManager: Loaded Plugin GearVR, From D:/Program Files (x86)/Epic Games/4.13/Engine/Plugins/Runtime/GearVR/GearVR.uplugin
LogPluginManager: Loaded Plugin GoogleVRController, From D:/Program Files (x86)/Epic Games/4.13/Engine/Plugins/Runtime/GoogleVR/GoogleVRController/GoogleVRController.uplugin
LogPluginManager: Loaded Plugin GoogleVRHMD, From D:/Program Files (x86)/Epic Games/4.13/Engine/Plugins/Runtime/GoogleVR/GoogleVRHMD/GoogleVRHMD.uplugin
LogPluginManager: Loaded Plugin IOSDeviceProfileSelector, From D:/Program Files (x86)/Epic Games/4.13/Engine/Plugins/Runtime/IOSDeviceProfileSelector/IOSDeviceProfileSelector.uplugin
LogPluginManager: Loaded Plugin LeapMotion, From D:/Program Files (x86)/Epic Games/4.13/Engine/Plugins/Runtime/LeapMotion/LeapMotion.uplugin
LogPluginManager: Loaded Plugin LinuxDeviceProfileSelector, From D:/Program Files (x86)/Epic Games/4.13/Engine/Plugins/Runtime/LinuxDeviceProfileSelector/LinuxDeviceProfileSelector.uplugin
LogPluginManager: Loaded Plugin LiveEditorListenServer, From D:/Program Files (x86)/Epic Games/4.13/Engine/Plugins/Runtime/LiveEditorListenServer/LiveEditorListenServer.uplugin
LogPluginManager: Loaded Plugin OculusAudio, From D:/Program Files (x86)/Epic Games/4.13/Engine/Plugins/Runtime/OculusAudio/OculusAudio.uplugin
LogPluginManager: Loaded Plugin OculusInput, From D:/Program Files (x86)/Epic Games/4.13/Engine/Plugins/Runtime/OculusInput/OculusInput.uplugin
LogPluginManager: Loaded Plugin OculusLibrary, From D:/Program Files (x86)/Epic Games/4.13/Engine/Plugins/Runtime/OculusLibrary/OculusLibrary.uplugin
LogPluginManager: Loaded Plugin OculusRift, From D:/Program Files (x86)/Epic Games/4.13/Engine/Plugins/Runtime/OculusRift/OculusRift.uplugin
LogPluginManager: Loaded Plugin Oodle, From D:/Program Files (x86)/Epic Games/4.13/Engine/Plugins/Runtime/PacketHandlers/CompressionComponents/Oodle/Oodle.uplugin
LogPluginManager: Loaded Plugin ProceduralMeshComponent, From D:/Program Files (x86)/Epic Games/4.13/Engine/Plugins/Runtime/ProceduralMeshComponent/ProceduralMeshComponent.uplugin
LogPluginManager: Loaded Plugin SoundMod, From D:/Program Files (x86)/Epic Games/4.13/Engine/Plugins/Runtime/SoundMod/SoundMod.uplugin
LogPluginManager: Loaded Plugin SoundVisualizations, From D:/Program Files (x86)/Epic Games/4.13/Engine/Plugins/Runtime/SoundVisualizations/SoundVisualizations.uplugin
LogPluginManager: Loaded Plugin SteamController, From D:/Program Files (x86)/Epic Games/4.13/Engine/Plugins/Runtime/Steam/SteamController/SteamController.uplugin
LogPluginManager: Loaded Plugin SteamVR, From D:/Program Files (x86)/Epic Games/4.13/Engine/Plugins/Runtime/Steam/SteamVR/SteamVR.uplugin
LogPluginManager: Loaded Plugin WebBrowserWidget, From D:/Program Files (x86)/Epic Games/4.13/Engine/Plugins/Runtime/WebBrowserWidget/WebBrowserWidget.uplugin
LogPluginManager: Loaded Plugin WindowsDeviceProfileSelector, From D:/Program Files (x86)/Epic Games/4.13/Engine/Plugins/Runtime/WindowsDeviceProfileSelector/WindowsDeviceProfileSelector.uplugin
LogPluginManager: Loaded Plugin WindowsMoviePlayer, From D:/Program Files (x86)/Epic Games/4.13/Engine/Plugins/Runtime/WindowsMoviePlayer/WindowsMoviePlayer.uplugin
LogPluginManager: Loaded Plugin ScriptPlugin, From D:/Program Files (x86)/Epic Games/4.13/Engine/Plugins/ScriptPlugin/ScriptPlugin.uplugin
LogPluginManager: Loaded Plugin SlateRemote, From D:/Program Files (x86)/Epic Games/4.13/Engine/Plugins/Slate/SlateRemote/SlateRemote.uplugin
LogInit: Using libcurl 7.47.1
LogInit:  - built for x86_64-pc-win32
LogInit:  - supports SSL with WinSSL
LogInit:  - other features:
LogInit:      CURL_VERSION_SSL
LogInit:      CURL_VERSION_IPV6
LogInit:      CURL_VERSION_ASYNCHDNS
LogInit:      CURL_VERSION_LARGEFILE
LogInit:      CURL_VERSION_IDN
LogInit:  CurlRequestOptions (configurable via config and command line):
LogInit:  - bVerifyPeer = false  - Libcurl will NOT verify peer certificate
LogInit:  - bUseHttpProxy = false  - Libcurl will NOT use HTTP proxy
LogInit:  - bDontReuseConnections = false  - Libcurl will reuse connections
LogInit:  - CertBundlePath = nullptr  - Libcurl will use whatever was configured at build time.
LogInit: Build: ++UE4+Release-4.13-CL-3172292
LogInit: Engine Version: 4.13.2-3172292+++UE4+Release-4.13
LogInit: Compatible Engine Version: 4.13.0-3106830+++UE4+Release-4.13
LogInit: Net CL: 3172292
LogDevObjectVersion: Number of dev versions registered: 13
LogDevObjectVersion:   Dev-Blueprints (B0D832E4-1F89-4F0D-ACCF-7EB736FD4AA2): 5
LogDevObjectVersion:   Dev-Build (E1C64328-A22C-4D53-A36C-8E866417BD8C): 0
LogDevObjectVersion:   Dev-Core (375EC13C-06E4-48FB-B500-84F0262A717E): 1
LogDevObjectVersion:   Dev-Editor (E4B068ED-F494-42E9-A231-DA0B2E46BB41): 6
LogDevObjectVersion:   Dev-Framework (CFFC743F-43B0-4480-9391-14DF171D2073): 12
LogDevObjectVersion:   Dev-Mobile (B02B49B5-BB20-44E9-A304-32B752E40360): 0
LogDevObjectVersion:   Dev-Networking (A4E4105C-59A1-49B5-A7C5-40C4547EDFEE): 0
LogDevObjectVersion:   Dev-Online (39C831C9-5AE6-47DC-9A44-9C173E1C8E7C): 0
LogDevObjectVersion:   Dev-Physics (78F01B33-EBEA-4F98-B9B4-84EACCB95AA2): 0
LogDevObjectVersion:   Dev-Platform (6631380F-2D4D-43E0-8009-CF276956A95A): 0
LogDevObjectVersion:   Dev-Rendering (12F88B9F-8875-4AFC-A67C-D90C383ABD29): 4
LogDevObjectVersion:   Dev-Sequencer (7B5AE74C-D270-4C10-A958-57980B212A5A): 0
LogDevObjectVersion:   Dev-VR (D7296918-1DD6-4BDD-9DE2-64A83CC13884): 0
LogInit: Compiled (64-bit): Oct 24 2016 14:29:06
LogInit: Compiled with Visual C++: 19.00.23026.00
LogInit: Build Configuration: Development
LogInit: Branch Name: ++UE4+Release-4.13
LogInit: Command line:  
LogInit: Base directory: D:/Program Files (x86)/Epic Games/4.13/Engine/Binaries/Win64/
LogInit: Installed Engine Build: 1
LogInit: Presizing for max 8388607 objects, including 0 objects not considered by GC, pre-allocating 0 bytes for permanent pool.
LogInit: Object subsystem initialized
[2016.12.12-23.41.25:399][  0]LogInit: Selected Device Profile: [Windows]
[2016.12.12-23.41.25:399][  0]LogInit: Applying CVar settings loaded from the selected device profile: [Windows]
[2016.12.12-23.41.25:428][  0]LogInit: Computer: MSI-ПК
[2016.12.12-23.41.25:428][  0]LogInit: User: msi
[2016.12.12-23.41.25:428][  0]LogInit: CPU Page size=65536, Cores=2
[2016.12.12-23.41.25:428][  0]LogInit: High frequency timer resolution =2.533369 MHz
[2016.12.12-23.41.25:428][  0]LogMemory: Memory total: Physical=7.9GB (8GB approx)
[2016.12.12-23.41.25:428][  0]LogMemory: Platform Memory Stats for Windows
[2016.12.12-23.41.25:428][  0]LogMemory: Process Physical Memory: 256.29 MB used, 256.29 MB peak
[2016.12.12-23.41.25:428][  0]LogMemory: Process Virtual Memory: 261.18 MB used, 261.18 MB peak
[2016.12.12-23.41.25:428][  0]LogMemory: Physical Memory: 6369.96 MB used, 8088.95 MB total
[2016.12.12-23.41.25:428][  0]LogMemory: Virtual Memory: 591.70 MB used, 8388608.00 MB total
[2016.12.12-23.41.25:478][  0]LogTextLocalizationManager: No translations for ('ru-RU') exist, falling back to 'en' for localization and internationalization data.
[2016.12.12-23.41.26:701][  0]LogD3D11RHI: D3D11 adapters:
[2016.12.12-23.41.26:734][  0]LogD3D11RHI:    0. 'NVIDIA GeForce GTX 660M' (Feature Level 11_0)
[2016.12.12-23.41.26:734][  0]LogD3D11RHI:       1989/0/3788 MB DedicatedVideo/DedicatedSystem/SharedSystem, Outputs:1, VendorId:0x10de
[2016.12.12-23.41.26:756][  0]LogD3D11RHI:    1. 'NVIDIA GeForce GTX 660M' (Feature Level 11_0)
[2016.12.12-23.41.26:756][  0]LogD3D11RHI:       1989/0/3788 MB DedicatedVideo/DedicatedSystem/SharedSystem, Outputs:0, VendorId:0x10de
[2016.12.12-23.41.26:756][  0]LogD3D11RHI: Chosen D3D11 Adapter: 0
[2016.12.12-23.41.26:768][  0]LogD3D11RHI: Creating new Direct3DDevice
[2016.12.12-23.41.26:769][  0]LogD3D11RHI:     GPU DeviceId: 0xfd4 (for the marketing name, search the web for "GPU Device Id")
[2016.12.12-23.41.26:769][  0]LogWindows: EnumDisplayDevices:
[2016.12.12-23.41.26:769][  0]LogWindows:    0. 'Intel(R) HD Graphics 4000' (P:1 D:1)
[2016.12.12-23.41.26:769][  0]LogWindows:    1. 'Intel(R) HD Graphics 4000' (P:0 D:0)
[2016.12.12-23.41.26:769][  0]LogWindows:    2. 'Intel(R) HD Graphics 4000' (P:0 D:0)
[2016.12.12-23.41.26:769][  0]LogWindows:    3. 'NVIDIA GeForce GTX 660M' (P:0 D:0)
[2016.12.12-23.41.26:770][  0]LogWindows:    4. 'RDPDD Chained DD' (P:0 D:0)
[2016.12.12-23.41.26:770][  0]LogWindows:    5. 'RDP Encoder Mirror Driver' (P:0 D:0)
[2016.12.12-23.41.26:770][  0]LogWindows:    6. 'RDP Reflector Display Driver' (P:0 D:0)
[2016.12.12-23.41.26:770][  0]LogWindows: DebugString: PrimaryIsNotTheChoosenAdapter PrimaryIsNotTheChoosenAdapter PrimaryIsNotTheChoosenAdapter GetVideoDriverDetailsInvalid PrimaryIsNotTheChoosenAdapter GetVideoDriverDetailsInvalid PrimaryIsNotTheChoosenAdapter GetVideoDriverDetailsInvalid PrimaryIsNotTheChoosenAdapter 
[2016.12.12-23.41.26:770][  0]LogD3D11RHI:     Adapter Name: NVIDIA GeForce GTX 660M
[2016.12.12-23.41.26:770][  0]LogD3D11RHI:   Driver Version: 375.63 (internal:21.21.13.7563, unified:375.63)
[2016.12.12-23.41.26:770][  0]LogD3D11RHI:      Driver Date: 10-21-2016
[2016.12.12-23.41.26:770][  0]LogRHI: Texture pool is 1361 MB (70% of 1945 MB)
[2016.12.12-23.41.26:787][  0]LogD3D11RHI: Async texture creation enabled
[2016.12.12-23.41.26:804][  0]LogD3D11RHI: GPU Timing Frequency: 1000.000000 (Debug: 2 2)
[2016.12.12-23.41.26:805][  0]LogShaderCompilers: Guid format shader working directory is -21 characters bigger than the processId version (../../../../../../Users/msi/Documents/Unreal Projects/Loneliness/Intermediate/Shaders/WorkingDirectory/10064/).
[2016.12.12-23.41.26:805][  0]LogShaderCompilers: Cleaned the shader compiler working directory 'C:/Users/msi/AppData/Local/Temp/UnrealShaderWorkingDir/257943E74548FFB2C407EA9A27B61456/'.
[2016.12.12-23.41.26:805][  0]LogShaderCompilers:Display: Using Local Shader Compiler.
[2016.12.12-23.41.28:328][  0]LogTemp:Display: Loaded TP AllDesktopTargetPlatform
[2016.12.12-23.41.28:340][  0]LogTemp:Display: Loaded TP WindowsClientTargetPlatform
[2016.12.12-23.41.28:351][  0]LogTemp:Display: Loaded TP WindowsNoEditorTargetPlatform
[2016.12.12-23.41.28:364][  0]LogTemp:Display: Loaded TP WindowsServerTargetPlatform
[2016.12.12-23.41.28:377][  0]LogTemp:Display: Loaded TP WindowsTargetPlatform
[2016.12.12-23.41.28:386][  0]LogTemp:Display: Loaded TP AndroidTargetPlatform
[2016.12.12-23.41.28:395][  0]LogTemp:Display: Loaded TP Android_ASTCTargetPlatform
[2016.12.12-23.41.28:404][  0]LogTemp:Display: Loaded TP Android_ATCTargetPlatform
[2016.12.12-23.41.28:414][  0]LogTemp:Display: Loaded TP Android_DXTTargetPlatform
[2016.12.12-23.41.28:423][  0]LogTemp:Display: Loaded TP Android_ETC1TargetPlatform
[2016.12.12-23.41.28:432][  0]LogTemp:Display: Loaded TP Android_ETC2TargetPlatform
[2016.12.12-23.41.28:452][  0]LogTemp:Display: Loaded TP Android_MultiTargetPlatform
[2016.12.12-23.41.28:452][  0]LogTemp:Display: Loaded TP Android_PVRTCTargetPlatform
[2016.12.12-23.41.28:453][  0]LogTemp:Display: Loaded TP HTML5TargetPlatform
[2016.12.12-23.41.28:475][  0]LogTemp:Display: Loaded TP IOSTargetPlatform
[2016.12.12-23.41.28:485][  0]LogTemp:Display: Loaded TP TVOSTargetPlatform
[2016.12.12-23.41.28:494][  0]LogTemp:Display: Loaded TP LinuxClientTargetPlatform
[2016.12.12-23.41.28:504][  0]LogTemp:Display: Loaded TP LinuxNoEditorTargetPlatform
[2016.12.12-23.41.28:515][  0]LogTemp:Display: Loaded TP LinuxServerTargetPlatform
[2016.12.12-23.41.28:525][  0]LogTemp:Display: Loaded TP LinuxTargetPlatform
[2016.12.12-23.41.28:525][  0]LogTargetPlatformManager:Display: Building Assets For Windows
[2016.12.12-23.41.28:628][  0]LogDerivedDataCache:Display: Max Cache Size: 512 MB
[2016.12.12-23.41.28:709][  0]LogDerivedDataCache: Loaded boot cache 0.08s 63MB C:/Users/msi/AppData/Local/UnrealEngine/4.13/DerivedDataCache/Boot.ddc.
[2016.12.12-23.41.28:709][  0]LogDerivedDataCache:Display: Loaded Boot cache: C:/Users/msi/AppData/Local/UnrealEngine/4.13/DerivedDataCache/Boot.ddc
[2016.12.12-23.41.28:709][  0]LogDerivedDataCache: FDerivedDataBackendGraph:  Pak pak cache file ../../../../../../Users/msi/Documents/Unreal Projects/Loneliness/DerivedDataCache/DDC.ddp not found, will not use a pak cache.
[2016.12.12-23.41.28:709][  0]LogDerivedDataCache: Unable to find inner node Pak for hierarchical cache Hierarchy.
[2016.12.12-23.41.28:709][  0]LogDerivedDataCache: FDerivedDataBackendGraph:  CompressedPak pak cache file ../../../../../../Users/msi/Documents/Unreal Projects/Loneliness/DerivedDataCache/Compressed.ddp not found, will not use a pak cache.
[2016.12.12-23.41.28:709][  0]LogDerivedDataCache: Unable to find inner node CompressedPak for hierarchical cache Hierarchy.
[2016.12.12-23.41.28:732][  0]LogDerivedDataCache:Display: Pak cache opened for reading ../../../Engine/DerivedDataCache/Compressed.ddp.
[2016.12.12-23.41.28:744][  0]LogDerivedDataCache: Using Local data cache path C:/Users/msi/AppData/Local/UnrealEngine/Common/DerivedDataCache: Writable
[2016.12.12-23.41.29:104][  0]LogInit: Selected Device Profile: [Windows]
[2016.12.12-23.41.29:106][  0]LogMaterial: Uniform references updated for custom material expression Custom.
[2016.12.12-23.41.29:113][  0]LogContentStreaming: Texture pool size is 0.00 MB
[2016.12.12-23.41.29:291][  0]LogMeshUtilities: No automatic mesh reduction module available
[2016.12.12-23.41.29:291][  0]LogMeshUtilities: No automatic mesh merging module available
[2016.12.12-23.41.29:291][  0]LogMeshUtilities: No distributed automatic mesh merging module available
[2016.12.12-23.41.29:728][  0]LogNetVersion: GetLocalNetworkVersion: CL: 3106830, ProjectName: loneliness, ProjectVersion: , EngineNetworkVersion: 1, GameNetworkVersion: 0, NetworkChecksum: 2630857635
[2016.12.12-23.41.29:769][  0]LogAssetRegistry: FAssetRegistry took 0.0202 seconds to start up
[2016.12.12-23.41.29:798][  0]LogPackageLocalizationCache: Processed 3 localized package path(s) for 1 prioritized culture(s) in 0.024994 seconds
[2016.12.12-23.41.29:804][  0]LogUObjectArray: 29778 objects as part of root set at end of initial load.
[2016.12.12-23.41.29:804][  0]LogUObjectAllocator: 6125456 out of 0 bytes used by permanent object pool.
[2016.12.12-23.41.29:804][  0]LogUObjectArray: CloseDisregardForGC: 0/0 objects in disregard for GC pool
[2016.12.12-23.41.29:814][  0]LogInit: WinSock: version 1.1 (2.2), MaxSocks=32767, MaxUdp=65467
[2016.12.12-23.41.30:110][  0]LogSlate: SlateFontCache - WITH_FREETYPE: 1, WITH_HARFBUZZ: 1
[2016.12.12-23.41.30:110][  0]LogSlate: SlateFontCache - WITH_FREETYPE: 1, WITH_HARFBUZZ: 1
[2016.12.12-23.41.31:416][  0]LogTcpMessaging: Initializing TcpMessaging bridge
[2016.12.12-23.41.31:439][  0]LogUdpMessaging: Initializing bridge on interface 0.0.0.0:0 to multicast group 230.0.0.1:6666.
[2016.12.12-23.41.31:789][  0]SourceControl: Info Source control is disabled
[2016.12.12-23.41.31:799][  0]SourceControl: Info Source control is disabled
[2016.12.12-23.41.31:812][  0]SourceControl: Info Source control is disabled
[2016.12.12-23.41.31:823][  0]SourceControl: Info Source control is disabled
[2016.12.12-23.41.32:232][  0]LogEngine: Initializing Engine...
[2016.12.12-23.41.32:236][  0]LogHMD: Failed to initialize OpenVR with code 105
[2016.12.12-23.41.32:421][  0]LogAIModule: Creating AISystem for world Untitled
[2016.12.12-23.41.32:437][  0]LogInit: XAudio2 using 'Динамики (Realtek High Definition Audio)' : 2 channels at 48 kHz using 32 bits per sample (channel mask 0x3)
[2016.12.12-23.41.32:526][  0]LogInit: FAudioDevice initialized.
[2016.12.12-23.41.32:592][  0]LogDerivedDataCache: Saved boot cache 0.07s 63MB C:/Users/msi/AppData/Local/UnrealEngine/4.13/DerivedDataCache/Boot.ddc.
[2016.12.12-23.41.32:600][  0]LogInit: Texture streaming: Enabled
[2016.12.12-23.41.32:667][  0]LogInit: Transaction tracking system initialized
[2016.12.12-23.41.32:698][  0]BlueprintLog: New page: Editor Load
[2016.12.12-23.41.32:791][  0]LocalizationService: Info Localization service is disabled
[2016.12.12-23.41.32:901][  0]LogConsoleResponse:Display: 
[2016.12.12-23.41.33:110][  0]LogCook:Display: Max memory allowance for cook 16384mb min free memory 0mb
[2016.12.12-23.41.33:110][  0]LogCook:Display: Mobile HDR setting 1
[2016.12.12-23.41.33:326][  0]LogFileCache: Scanning file cache for directory 'D:/Users/msi/Documents/Unreal Projects/Loneliness/Content/' took 0.02s
[2016.12.12-23.41.33:326][  0]SourceControl: Info Source control is disabled
[2016.12.12-23.41.33:326][  0]Cmd: MAP LOAD FILE="../../../../../../Users/msi/Documents/Unreal Projects/Loneliness/Content/FirstPersonBP/Maps/FirstPersonExampleMap.umap" TEMPLATE=0 SHOWPROGRESS=1 FEATURELEVEL=3
[2016.12.12-23.41.33:350][  0]LightingResults: New page: Lighting Build
[2016.12.12-23.41.33:354][  0]MapCheck: New page: Map Check
[2016.12.12-23.41.33:354][  0]LightingResults: New page: Lighting Build
[2016.12.12-23.41.36:812][  0]LogAIModule: Creating AISystem for world FirstPersonExampleMap
[2016.12.12-23.41.36:825][  0]LogEditorServer: Finished looking for orphan Actors (0.000 secs)
[2016.12.12-23.41.36:826][  0]Cmd: MAP CHECKDEP NOCLEARLOG
[2016.12.12-23.41.36:925][  0]MapCheck: Info Map check complete: 0 Error(s), 0 Warning(s), took 98.721ms to complete.
[2016.12.12-23.41.36:925][  0]LogFileHelpers: Loading map 'FirstPersonExampleMap' took 3.599
[2016.12.12-23.41.37:105][  0]LogCollectionManager: Loaded 0 collections in 0.003159 seconds
[2016.12.12-23.41.37:146][  0]LogFileCache: Scanning file cache for directory 'D:/Users/msi/Documents/Unreal Projects/Loneliness/Saved/Collections/' took 0.01s
[2016.12.12-23.41.37:146][  0]LogFileCache: Scanning file cache for directory 'D:/Users/msi/Documents/Unreal Projects/Loneliness/Content/Developers/msi/Collections/' took 0.01s
[2016.12.12-23.41.37:146][  0]LogFileCache: Scanning file cache for directory 'D:/Users/msi/Documents/Unreal Projects/Loneliness/Content/Collections/' took 0.01s
[2016.12.12-23.41.37:146][  0]LogCollectionManager: Rebuilt the GUID cache for 0 collections in 0.000003 seconds
[2016.12.12-23.41.37:157][  0]LogContentBrowser: Native class hierarchy populated in 0.0110 seconds. Added 2141 classes and 415 folders.
[2016.12.12-23.41.37:161][  0]LogStats: UGameplayTagsManager::ConstructGameplayTagTree: Construct from data asset -  0.000 s
[2016.12.12-23.41.37:161][  0]LogStats: UGameplayTagsManager::ConstructGameplayTagTree: GameplayTagTreeChangedEvent.Broadcast -  0.000 s
[2016.12.12-23.41.37:162][  0]LogContentBrowser: Native class hierarchy updated for 'GameplayTags' in 0.0006 seconds. Added 12 classes and 0 folders.
[2016.12.12-23.41.37:169][  0]LogContentBrowser: Native class hierarchy updated for 'WidgetCarousel' in 0.0005 seconds. Added 0 classes and 0 folders.
[2016.12.12-23.41.37:246][  0]LogContentBrowser: Native class hierarchy updated for 'AddContentDialog' in 0.0007 seconds. Added 0 classes and 0 folders.
[2016.12.12-23.41.37:251][  0]LogContentBrowser: Native class hierarchy updated for 'SceneOutliner' in 0.0006 seconds. Added 1 classes and 2 folders.
[2016.12.12-23.41.37:272][  0]LogCrashTracker: Crashtracker disabled due to settings.
[2016.12.12-23.41.37:281][  0]LogUObjectGlobals:Warning: Failed to find object 'Class None.'
[2016.12.12-23.41.37:312][  0]LogContentBrowser: Native class hierarchy updated for 'HierarchicalLODOutliner' in 0.0010 seconds. Added 1 classes and 2 folders.
[2016.12.12-23.41.37:313][  0]LogLoad: (Engine Initialization) Total time: 13.64 seconds
[2016.12.12-23.41.37:313][  0]LogLoad: (Engine Initialization) Total Blueprint compile time: 0.26 seconds
[2016.12.12-23.41.37:313][  0]LogExternalProfiler: No external profilers were discovered.  External profiling features will not be available.
[2016.12.12-23.41.37:336][  0]LogOcInput: OculusInput pre-init called
[2016.12.12-23.41.37:359][  0]LogContentStreaming: Texture pool size now 1000 MB
[2016.12.12-23.41.37:585][  0]LogRenderer: Reallocating scene render targets to support 1052x484 (Frame:2).
[2016.12.12-23.41.37:850][  2]LogAssetRegistry: Asset discovery search completed in 8.1014 seconds
[2016.12.12-23.41.37:850][  2]LogCollectionManager: Rebuilt the object cache for 0 collections in 0.000001 seconds (found 0 objects)
[2016.12.12-23.41.37:850][  2]LogCollectionManager: Fixed up redirectors for 0 collections in 0.000038 seconds (updated 0 objects)
[2016.12.12-23.41.44:547][278]LogContentBrowser: Native class hierarchy updated for 'BlueprintGraph' in 0.0013 seconds. Added 112 classes and 0 folders.
[2016.12.12-23.41.47:259][321]LogRenderer: Reallocating scene render targets to support 1052x600 (Frame:310).
[2016.12.12-23.42.30:037][524]Cmd: QUIT_EDITOR
[2016.12.12-23.42.30:829][524]LogExit: Preparing to exit.
[2016.12.12-23.42.32:278][524]LogDirectoryWatcher: A directory notification for 'D:/Users/msi/Documents/Unreal Projects/Loneliness/Content/' was aborted.
[2016.12.12-23.42.32:540][524]LogExit: Editor shut down
[2016.12.12-23.42.32:542][524]LogExit: Transaction tracking system shut down
[2016.12.12-23.42.35:599][524]LogObj: Freed 0b from 0 cluster array pools.
[2016.12.12-23.42.35:599][524]LogExit: Object subsystem successfully closed.
[2016.12.12-23.42.36:070][524]LogD3D11RHI: Shutdown
[2016.12.12-23.42.36:070][524]LogD3D11RHI: CleanupD3DDevice
[2016.12.12-23.42.36:442][524]LogD3D11RHI: ~FD3D11DynamicRHI
[2016.12.12-23.42.37:917][524]LogModuleManager: Shutting down and abandoning module BlueprintGraph (235)
[2016.12.12-23.42.37:917][524]LogModuleManager: Shutting down and abandoning module BlueprintProfiler (234)
[2016.12.12-23.42.38:012][524]LogModuleManager: Shutting down and abandoning module HierarchicalLODOutliner (233)
[2016.12.12-23.42.38:056][524]LogModuleManager: Shutting down and abandoning module CrashTracker (232)
[2016.12.12-23.42.38:056][524]LogModuleManager: Shutting down and abandoning module SceneOutliner (231)
[2016.12.12-23.42.38:056][524]LogModuleManager: Shutting down and abandoning module WidgetCarousel (230)
[2016.12.12-23.42.38:056][524]LogModuleManager: Shutting down and abandoning module AddContentDialog (229)
[2016.12.12-23.42.38:125][524]LogDirectoryWatcher: A directory notification for 'D:/Program Files (x86)/Epic Games/4.13/FeaturePacks/' was aborted.
[2016.12.12-23.42.38:203][524]LogModuleManager: Shutting down and abandoning module GameplayTags (228)
[2016.12.12-23.42.38:203][524]LogModuleManager: Shutting down and abandoning module EditorWidgets (227)
[2016.12.12-23.42.38:203][524]LogModuleManager: Shutting down and abandoning module CollectionManager (226)
[2016.12.12-23.42.38:257][524]LogDirectoryWatcher: A directory notification for 'D:/Users/msi/Documents/Unreal Projects/Loneliness/Content/Collections/' was aborted.
[2016.12.12-23.42.38:257][524]LogDirectoryWatcher: A directory notification for 'D:/Users/msi/Documents/Unreal Projects/Loneliness/Content/Developers/msi/Collections/' was aborted.
[2016.12.12-23.42.38:257][524]LogDirectoryWatcher: A directory notification for 'D:/Users/msi/Documents/Unreal Projects/Loneliness/Saved/Collections/' was aborted.
[2016.12.12-23.42.38:257][524]LogModuleManager: Shutting down and abandoning module StatsViewer (225)
[2016.12.12-23.42.38:331][524]LogModuleManager: Shutting down and abandoning module FoliageEdit (224)
[2016.12.12-23.42.38:348][524]LogModuleManager: Shutting down and abandoning module LandscapeEditor (223)
[2016.12.12-23.42.38:383][524]LogModuleManager: Shutting down and abandoning module SceneDepthPickerMode (222)
[2016.12.12-23.42.38:384][524]LogModuleManager: Shutting down and abandoning module ActorPickerMode (221)
[2016.12.12-23.42.38:384][524]LogModuleManager: Shutting down and abandoning module GeometryMode (220)
[2016.12.12-23.42.38:384][524]LogModuleManager: Shutting down and abandoning module TextureAlignMode (219)
[2016.12.12-23.42.38:384][524]LogModuleManager: Shutting down and abandoning module BspMode (218)
[2016.12.12-23.42.38:396][524]LogModuleManager: Shutting down and abandoning module HardwareSurvey (217)
[2016.12.12-23.42.38:396][524]LogModuleManager: Shutting down and abandoning module SequenceRecorderSections (216)
[2016.12.12-23.42.38:396][524]LogModuleManager: Shutting down and abandoning module SequenceRecorder (215)
[2016.12.12-23.42.38:414][524]LogModuleManager: Shutting down and abandoning module AutomationWorker (214)
[2016.12.12-23.42.38:422][524]LogModuleManager: Shutting down and abandoning module MatineeToLevelSequence (213)
[2016.12.12-23.42.38:423][524]LogModuleManager: Shutting down and abandoning module PlacementMode (212)
[2016.12.12-23.42.38:446][524]LogModuleManager: Shutting down and abandoning module LevelSequenceEditor (211)
[2016.12.12-23.42.38:625][524]LogModuleManager: Shutting down and abandoning module WmfMediaFactory (210)
[2016.12.12-23.42.38:625][524]LogModuleManager: Shutting down and abandoning module WmfMediaEditor (209)
[2016.12.12-23.42.38:625][524]LogModuleManager: Shutting down and abandoning module AvfMediaFactory (208)
[2016.12.12-23.42.38:625][524]LogModuleManager: Shutting down and abandoning module AvfMediaEditor (207)
[2016.12.12-23.42.38:625][524]LogModuleManager: Shutting down and abandoning module Media (206)
[2016.12.12-23.42.38:625][524]LogModuleManager: Shutting down and abandoning module AndroidMediaFactory (205)
[2016.12.12-23.42.38:625][524]LogModuleManager: Shutting down and abandoning module AndroidMediaEditor (204)
[2016.12.12-23.42.38:625][524]LogModuleManager: Shutting down and abandoning module CharacterAI (203)
[2016.12.12-23.42.38:625][524]LogModuleManager: Shutting down and abandoning module SmartSnapping (202)
[2016.12.12-23.42.38:625][524]LogModuleManager: Shutting down and abandoning module SessionServices (201)
[2016.12.12-23.42.38:626][524]LogModuleManager: Shutting down and abandoning module ViewportSnapping (200)
[2016.12.12-23.42.38:626][524]LogModuleManager: Shutting down and abandoning module ViewportInteraction (199)
[2016.12.12-23.42.38:626][524]LogModuleManager: Shutting down and abandoning module LogVisualizer (198)
[2016.12.12-23.42.38:677][524]LogModuleManager: Shutting down and abandoning module GameProjectGeneration (197)
[2016.12.12-23.42.38:726][524]LogModuleManager: Shutting down and abandoning module IntroTutorials (196)
[2016.12.12-23.42.38:752][524]LogModuleManager: Shutting down and abandoning module EditorLiveStreaming (195)
[2016.12.12-23.42.38:752][524]LogModuleManager: Shutting down and abandoning module IOSPlatformEditor (194)
[2016.12.12-23.42.38:809][524]LogModuleManager: Shutting down and abandoning module HTML5PlatformEditor (193)
[2016.12.12-23.42.38:809][524]LogModuleManager: Shutting down and abandoning module AndroidDeviceDetection (192)
[2016.12.12-23.42.38:867][524]LogModuleManager: Shutting down and abandoning module AndroidPlatformEditor (191)
[2016.12.12-23.42.38:915][524]LogModuleManager: Shutting down and abandoning module IOSRuntimeSettings (190)
[2016.12.12-23.42.38:915][524]LogModuleManager: Shutting down and abandoning module AndroidRuntimeSettings (189)
[2016.12.12-23.42.38:915][524]LogModuleManager: Shutting down and abandoning module NiagaraEditor (188)
[2016.12.12-23.42.38:965][524]LogModuleManager: Shutting down and abandoning module MergeActors (187)
[2016.12.12-23.42.38:991][524]LogModuleManager: Shutting down and abandoning module SizeMap (186)
[2016.12.12-23.42.39:003][524]LogModuleManager: Shutting down and abandoning module TreeMap (185)
[2016.12.12-23.42.39:040][524]LogModuleManager: Shutting down and abandoning module ReferenceViewer (184)
[2016.12.12-23.42.39:040][524]LogModuleManager: Shutting down and abandoning module LocalizationService (183)
[2016.12.12-23.42.39:043][524]LogModuleManager: Shutting down and abandoning module LocalizationDashboard (182)
[2016.12.12-23.42.39:062][524]LogModuleManager: Shutting down and abandoning module HardwareTargeting (181)
[2016.12.12-23.42.39:076][524]LogModuleManager: Shutting down and abandoning module DeviceProfileEditor (180)
[2016.12.12-23.42.39:104][524]LogModuleManager: Shutting down and abandoning module UndoHistory (179)
[2016.12.12-23.42.39:123][524]LogModuleManager: Shutting down and abandoning module UserFeedback (178)
[2016.12.12-23.42.39:123][524]LogModuleManager: Shutting down and abandoning module XmlParser (177)
[2016.12.12-23.42.39:123][524]LogModuleManager: Shutting down and abandoning module Blutility (176)
[2016.12.12-23.42.39:127][524]LogModuleManager: Shutting down and abandoning module ProjectTargetPlatformEditor (175)
[2016.12.12-23.42.39:134][524]LogModuleManager: Shutting down and abandoning module ProjectSettingsViewer (174)
[2016.12.12-23.42.39:134][524]LogModuleManager: Shutting down and abandoning module InputBindingEditor (173)
[2016.12.12-23.42.39:176][524]LogModuleManager: Shutting down and abandoning module EditorSettingsViewer (172)
[2016.12.12-23.42.39:176][524]LogModuleManager: Shutting down and abandoning module SettingsEditor (171)
[2016.12.12-23.42.39:237][524]LogModuleManager: Shutting down and abandoning module ProjectLauncher (170)
[2016.12.12-23.42.39:263][524]LogModuleManager: Shutting down and abandoning module SessionFrontend (169)
[2016.12.12-23.42.39:288][524]LogModuleManager: Shutting down and abandoning module ProfilerClient (168)
[2016.12.12-23.42.39:328][524]LogModuleManager: Shutting down and abandoning module TargetDeviceServices (167)
[2016.12.12-23.42.39:328][524]LogModuleManager: Shutting down and abandoning module DeviceManager (166)
[2016.12.12-23.42.39:452][524]LogModuleManager: Shutting down and abandoning module AutomationController (165)
[2016.12.12-23.42.39:483][524]LogModuleManager: Shutting down and abandoning module AutomationWindow (164)
[2016.12.12-23.42.39:512][524]LogModuleManager: Shutting down and abandoning module Layers (163)
[2016.12.12-23.42.39:578][524]LogModuleManager: Shutting down and abandoning module ComponentVisualizers (162)
[2016.12.12-23.42.39:578][524]LogModuleManager: Shutting down and abandoning module DetailCustomizations (161)
[2016.12.12-23.42.39:582][524]LogModuleManager: Shutting down and abandoning module PackagesDialog (160)
[2016.12.12-23.42.39:583][524]LogModuleManager: Shutting down and abandoning module AnimGraph (159)
[2016.12.12-23.42.39:583][524]LogModuleManager: Shutting down and abandoning module Persona (158)
[2016.12.12-23.42.39:668][524]LogModuleManager: Shutting down and abandoning module Kismet (157)
[2016.12.12-23.42.39:690][524]LogModuleManager: Shutting down and abandoning module GraphEditor (156)
[2016.12.12-23.42.39:690][524]LogModuleManager: Shutting down and abandoning module ClassViewer (155)
[2016.12.12-23.42.39:718][524]LogModuleManager: Shutting down and abandoning module Toolbox (154)
[2016.12.12-23.42.39:730][524]LogModuleManager: Shutting down and abandoning module ModuleUI (153)
[2016.12.12-23.42.39:768][524]LogModuleManager: Shutting down and abandoning module MovieSceneTools (152)
[2016.12.12-23.42.39:994][524]LogModuleManager: Shutting down and abandoning module OutputLog (151)
[2016.12.12-23.42.40:191][524]LogModuleManager: Shutting down and abandoning module GammaUI (150)
[2016.12.12-23.42.40:221][524]LogModuleManager: Shutting down and abandoning module Documentation (149)
[2016.12.12-23.42.40:221][524]LogModuleManager: Shutting down and abandoning module Niagara (148)
[2016.12.12-23.42.40:236][524]LogModuleManager: Shutting down and abandoning module StreamingPauseRendering (147)
[2016.12.12-23.42.40:236][524]LogModuleManager: Shutting down and abandoning module AnalyticsET (146)
[2016.12.12-23.42.40:236][524]LogModuleManager: Shutting down and abandoning module PortalServices (145)
[2016.12.12-23.42.40:236][524]LogModuleManager: Shutting down and abandoning module PortalRpc (144)
[2016.12.12-23.42.40:236][524]LogModuleManager: Shutting down and abandoning module MessagingRpc (143)
[2016.12.12-23.42.40:236][524]LogModuleManager: Shutting down and abandoning module GameplayDebugger (142)
[2016.12.12-23.42.40:288][524]LogModuleManager: Shutting down and abandoning module AITestSuite (141)
[2016.12.12-23.42.40:306][524]LogModuleManager: Shutting down and abandoning module AIModule (140)
[2016.12.12-23.42.40:307][524]LogModuleManager: Shutting down and abandoning module ProfilerService (139)
[2016.12.12-23.42.40:488][524]LogModuleManager: Shutting down and abandoning module TaskGraph (138)
[2016.12.12-23.42.40:532][524]LogModuleManager: Shutting down and abandoning module SlateRemote (137)
[2016.12.12-23.42.40:532][524]LogModuleManager: Shutting down and abandoning module SteamVRController (136)
[2016.12.12-23.42.40:532][524]LogModuleManager: Shutting down and abandoning module SteamVR (135)
[2016.12.12-23.42.40:532][524]LogModuleManager: Shutting down and abandoning module ProceduralMeshComponentEditor (134)
[2016.12.12-23.42.40:536][524]LogModuleManager: Shutting down and abandoning module ProceduralMeshComponent (133)
[2016.12.12-23.42.40:536][524]LogModuleManager: Shutting down and abandoning module OculusLibrary (132)
[2016.12.12-23.42.40:536][524]LogModuleManager: Shutting down and abandoning module OculusInput (131)
[2016.12.12-23.42.40:536][524]LogModuleManager: Shutting down and abandoning module CustomMeshComponent (130)
[2016.12.12-23.42.40:536][524]LogModuleManager: Shutting down and abandoning module CableComponent (129)
[2016.12.12-23.42.40:536][524]LogModuleManager: Shutting down and abandoning module ArchVisCharacter (128)
[2016.12.12-23.42.40:536][524]LogModuleManager: Shutting down and abandoning module MediaPlayerEditor (126)
[2016.12.12-23.42.40:589][524]LogModuleManager: Shutting down and abandoning module HTML5Networking (125)
[2016.12.12-23.42.40:589][524]LogModuleManager: Shutting down and abandoning module GeometryCacheEd (124)
[2016.12.12-23.42.40:589][524]LogModuleManager: Shutting down and abandoning module GeometryCache (123)
[2016.12.12-23.42.40:589][524]LogModuleManager: Shutting down and abandoning module AlembicLibrary (122)
[2016.12.12-23.42.40:589][524]LogModuleManager: Shutting down and abandoning module AlembicImporter (121)
[2016.12.12-23.42.40:604][524]LogModuleManager: Shutting down and abandoning module SuperSearch (120)
[2016.12.12-23.42.40:605][524]LogModuleManager: Shutting down and abandoning module SuperSearchEditor (119)
[2016.12.12-23.42.40:605][524]LogModuleManager: Shutting down and abandoning module SpeedTreeImporter (118)
[2016.12.12-23.42.40:605][524]LogModuleManager: Shutting down and abandoning module PluginBrowser (117)
[2016.12.12-23.42.40:647][524]LogModuleManager: Shutting down and abandoning module MobileLauncherProfileWizard (116)
[2016.12.12-23.42.40:670][524]LogModuleManager: Shutting down and abandoning module EpicSurvey (115)
[2016.12.12-23.42.40:685][524]LogModuleManager: Shutting down and abandoning module DesktopPlatform (114)
[2016.12.12-23.42.40:699][524]LogModuleManager: Shutting down and abandoning module VisualStudioSourceCodeAccess (113)
[2016.12.12-23.42.40:719][524]LogModuleManager: Shutting down and abandoning module UObjectPlugin (112)
[2016.12.12-23.42.40:720][524]LogModuleManager: Shutting down and abandoning module SubversionSourceControl (111)
[2016.12.12-23.42.40:731][524]LogModuleManager: Shutting down and abandoning module PerforceSourceControl (110)
[2016.12.12-23.42.40:766][524]LogModuleManager: Shutting down and abandoning module SourceControl (109)
[2016.12.12-23.42.40:790][524]LogModuleManager: Shutting down and abandoning module GitSourceControl (108)
[2016.12.12-23.42.40:806][524]LogModuleManager: Shutting down and abandoning module LightPropagationVolumeEditor (107)
[2016.12.12-23.42.40:806][524]LogModuleManager: Shutting down and abandoning module PaperTiledImporter (106)
[2016.12.12-23.42.40:825][524]LogModuleManager: Shutting down and abandoning module PaperSpriteSheetImporter (105)
[2016.12.12-23.42.40:825][524]LogModuleManager: Shutting down and abandoning module MeshPaint (104)
[2016.12.12-23.42.40:825][524]LogModuleManager: Shutting down and abandoning module FbxAutomationBuilderModule (103)
[2016.12.12-23.42.40:854][524]LogModuleManager: Shutting down and abandoning module PixelInspectorModule (102)
[2016.12.12-23.42.40:876][524]LogModuleManager: Shutting down and abandoning module HotReload (101)
[2016.12.12-23.42.40:887][524]LogModuleManager: Shutting down and abandoning module MainFrame (100)
[2016.12.12-23.42.40:888][524]LogModuleManager: Shutting down and abandoning module LevelEditor (99)
[2016.12.12-23.42.40:890][524]LogModuleManager: Shutting down and abandoning module ContentBrowser (98)
[2016.12.12-23.42.40:891][524]LogModuleManager: Shutting down and abandoning module Paper2DEditor (97)
[2016.12.12-23.42.40:930][524]LogModuleManager: Shutting down and abandoning module UdpMessaging (96)
[2016.12.12-23.42.41:033][524]LogModuleManager: Shutting down and abandoning module TcpMessaging (95)
[2016.12.12-23.42.41:147][524]LogModuleManager: Shutting down and abandoning module LightPropagationVolumeRuntime (94)
[2016.12.12-23.42.41:147][524]LogModuleManager: Shutting down and abandoning module Paper2D (93)
[2016.12.12-23.42.41:159][524]LogModuleManager: Shutting down and abandoning module WindowsMoviePlayer (92)
[2016.12.12-23.42.41:174][524]LogModuleManager: Shutting down and abandoning module WmfMedia (91)
[2016.12.12-23.42.41:226][524]LogModuleManager: Shutting down and abandoning module MediaAssets (90)
[2016.12.12-23.42.41:226][524]LogModuleManager: Shutting down and abandoning module GameLiveStreaming (89)
[2016.12.12-23.42.41:226][524]LogModuleManager: Shutting down and abandoning module GameplayTagsEditor (88)
[2016.12.12-23.42.41:244][524]LogModuleManager: Shutting down and abandoning module VREditor (87)
[2016.12.12-23.42.41:244][524]LogModuleManager: Shutting down and abandoning module GameplayTasksEditor (86)
[2016.12.12-23.42.41:244][524]LogModuleManager: Shutting down and abandoning module PropertyEditor (85)
[2016.12.12-23.42.41:244][524]LogModuleManager: Shutting down and abandoning module BehaviorTreeEditor (84)
[2016.12.12-23.42.41:328][524]LogModuleManager: Shutting down and abandoning module FunctionalTesting (83)
[2016.12.12-23.42.41:328][524]LogModuleManager: Shutting down and abandoning module CollisionAnalyzer (82)
[2016.12.12-23.42.41:361][524]LogModuleManager: Shutting down and abandoning module Sequencer (81)
[2016.12.12-23.42.41:418][524]LogModuleManager: Shutting down and abandoning module WorkspaceMenuStructure (80)
[2016.12.12-23.42.41:418][524]LogModuleManager: Shutting down and abandoning module MessageLog (79)
[2016.12.12-23.42.41:418][524]LogModuleManager: Shutting down and abandoning module AssetTools (78)
[2016.12.12-23.42.41:497][524]LogModuleManager: Shutting down and abandoning module UMGEditor (77)
[2016.12.12-23.42.41:543][524]LogModuleManager: Shutting down and abandoning module UMG (76)
[2016.12.12-23.42.41:567][524]LogModuleManager: Shutting down and abandoning module SlateReflector (75)
[2016.12.12-23.42.41:634][524]LogModuleManager: Shutting down and abandoning module Slate (74)
[2016.12.12-23.42.41:634][524]LogModuleManager: Shutting down and abandoning module EditorStyle (73)
[2016.12.12-23.42.41:637][524]LogModuleManager: Shutting down and abandoning module SourceCodeAccess (72)
[2016.12.12-23.42.41:637][524]LogModuleManager: Shutting down and abandoning module HeadMountedDisplay (71)
[2016.12.12-23.42.41:637][524]LogModuleManager: Shutting down and abandoning module XAudio2 (70)
[2016.12.12-23.42.41:637][524]LogModuleManager: Shutting down and abandoning module Networking (68)
[2016.12.12-23.42.41:637][524]LogModuleManager: Shutting down and abandoning module Core (67)
[2016.12.12-23.42.41:637][524]LogModuleManager: Shutting down and abandoning module DirectoryWatcher (66)
[2016.12.12-23.42.41:637][524]LogDirectoryWatcher: A directory notification for '../../../Engine/Content/' was aborted.
[2016.12.12-23.42.41:637][524]LogDirectoryWatcher: A directory notification for '../../../../../../Users/msi/Documents/Unreal Projects/Loneliness/Content/' was aborted.
[2016.12.12-23.42.41:637][524]LogDirectoryWatcher: A directory notification for '../../../Engine/Plugins/2D/Paper2D/Content/' was aborted.
[2016.12.12-23.42.41:638][524]LogModuleManager: Shutting down and abandoning module AssetRegistry (65)
[2016.12.12-23.42.41:872][524]LogModuleManager: Shutting down and abandoning module KismetCompiler (64)
[2016.12.12-23.42.41:872][524]LogModuleManager: Shutting down and abandoning module PhysXFormats (63)
[2016.12.12-23.42.41:872][524]LogModuleManager: Shutting down and abandoning module MeshUtilities (62)
[2016.12.12-23.42.41:911][524]LogModuleManager: Shutting down and abandoning module DerivedDataCache (61)
[2016.12.12-23.42.42:310][524]LogDerivedDataCache: Shutdown
[2016.12.12-23.42.42:310][524]LogModuleManager: Shutting down and abandoning module VulkanShaderFormat (60)
[2016.12.12-23.42.42:323][524]LogModuleManager: Shutting down and abandoning module ShaderFormatOpenGL (59)
[2016.12.12-23.42.42:359][524]LogModuleManager: Shutting down and abandoning module ShaderFormatD3D (58)
[2016.12.12-23.42.42:359][524]LogModuleManager: Shutting down and abandoning module MetalShaderFormat (57)
[2016.12.12-23.42.42:372][524]LogModuleManager: Shutting down and abandoning module TextureFormatUncompressed (56)
[2016.12.12-23.42.42:372][524]LogModuleManager: Shutting down and abandoning module TextureFormatPVR (55)
[2016.12.12-23.42.42:372][524]LogModuleManager: Shutting down and abandoning module TextureFormatDXT (54)
[2016.12.12-23.42.42:372][524]LogModuleManager: Shutting down and abandoning module TextureFormatIntelISPCTexComp (53)
[2016.12.12-23.42.42:403][524]LogModuleManager: Shutting down and abandoning module ImageWrapper (52)
[2016.12.12-23.42.42:403][524]LogModuleManager: Shutting down and abandoning module TextureFormatASTC (51)
[2016.12.12-23.42.42:403][524]LogModuleManager: Shutting down and abandoning module TextureFormatAndroid (50)
[2016.12.12-23.42.42:403][524]LogModuleManager: Shutting down and abandoning module AudioFormatOpus (49)
[2016.12.12-23.42.42:420][524]LogModuleManager: Shutting down and abandoning module AudioFormatOgg (48)
[2016.12.12-23.42.42:420][524]LogModuleManager: Shutting down and abandoning module AudioFormatADPCM (47)
[2016.12.12-23.42.42:420][524]LogModuleManager: Shutting down and abandoning module LinuxTargetPlatform (46)
[2016.12.12-23.42.42:420][524]LogModuleManager: Shutting down and abandoning module LinuxServerTargetPlatform (45)
[2016.12.12-23.42.42:420][524]LogModuleManager: Shutting down and abandoning module LinuxNoEditorTargetPlatform (44)
[2016.12.12-23.42.42:420][524]LogModuleManager: Shutting down and abandoning module LinuxClientTargetPlatform (43)
[2016.12.12-23.42.42:420][524]LogModuleManager: Shutting down and abandoning module TVOSTargetPlatform (42)
[2016.12.12-23.42.42:420][524]LogModuleManager: Shutting down and abandoning module Messaging (41)
[2016.12.12-23.42.42:420][524]LogModuleManager: Shutting down and abandoning module IOSTargetPlatform (40)
[2016.12.12-23.42.42:420][524]LogModuleManager: Shutting down and abandoning module HTML5TargetPlatform (39)
[2016.12.12-23.42.42:420][524]LogModuleManager: Shutting down and abandoning module Android_PVRTCTargetPlatform (38)
[2016.12.12-23.42.42:420][524]LogModuleManager: Shutting down and abandoning module Android_MultiTargetPlatform (37)
[2016.12.12-23.42.42:420][524]LogModuleManager: Shutting down and abandoning module Android_ETC2TargetPlatform (36)
[2016.12.12-23.42.42:421][524]LogModuleManager: Shutting down and abandoning module Android_ETC1TargetPlatform (35)
[2016.12.12-23.42.42:421][524]LogModuleManager: Shutting down and abandoning module Android_DXTTargetPlatform (34)
[2016.12.12-23.42.42:421][524]LogModuleManager: Shutting down and abandoning module Android_ATCTargetPlatform (33)
[2016.12.12-23.42.42:421][524]LogModuleManager: Shutting down and abandoning module Android_ASTCTargetPlatform (32)
[2016.12.12-23.42.42:421][524]LogModuleManager: Shutting down and abandoning module AndroidTargetPlatform (31)
[2016.12.12-23.42.42:421][524]LogModuleManager: Shutting down and abandoning module WindowsTargetPlatform (30)
[2016.12.12-23.42.42:421][524]LogModuleManager: Shutting down and abandoning module WindowsServerTargetPlatform (29)
[2016.12.12-23.42.42:421][524]LogModuleManager: Shutting down and abandoning module WindowsNoEditorTargetPlatform (28)
[2016.12.12-23.42.42:421][524]LogModuleManager: Shutting down and abandoning module WindowsClientTargetPlatform (27)
[2016.12.12-23.42.42:421][524]LogModuleManager: Shutting down and abandoning module AllDesktopTargetPlatform (26)
[2016.12.12-23.42.42:421][524]LogModuleManager: Shutting down and abandoning module TargetPlatform (25)
[2016.12.12-23.42.42:421][524]LogModuleManager: Shutting down and abandoning module InputCore (24)
[2016.12.12-23.42.42:421][524]LogModuleManager: Shutting down and abandoning module Settings (23)
[2016.12.12-23.42.42:421][524]LogModuleManager: Shutting down and abandoning module OculusRift (22)
[2016.12.12-23.42.42:433][524]LogModuleManager: Shutting down and abandoning module GearVR (21)
[2016.12.12-23.42.42:433][524]LogModuleManager: Shutting down and abandoning module ExampleDeviceProfileSelector (20)
[2016.12.12-23.42.42:433][524]LogModuleManager: Shutting down and abandoning module OnlineBlueprintSupport (19)
[2016.12.12-23.42.42:433][524]LogModuleManager: Shutting down and abandoning module OnlineSubsystem (17)
[2016.12.12-23.42.42:441][524]LogOnline:Display: Unloading online subsystem: NULL
[2016.12.12-23.42.42:448][524]LogModuleManager: Shutting down and abandoning module HTTP (16)
[2016.12.12-23.42.42:448][524]LogHttp:Display: Http module shutting down, but needs to wait on 1 outstanding Http requests:
[2016.12.12-23.42.42:448][524]LogHttp:Display: 	verb=[POST] url=[https://datarouter.ol.epicgames.com/datarouter/api/v1/public/data?SessionID=%7BDAA28C08-4C47-43BC-447F-599F67E65DD8%7D&AppID=UEEditor.Rocket.Release&AppVersion=4.13.2-3172292%2B%2B%2BUE4%2BRelease-4.13&UserID=aa66cec943272d8ccb46a7b951f11721%7Cced3a19fefb64cdf8fc981c8aa04a526%7C58720643-c7af-4907-82c1-ae264da4d3b4&AppEnvironment=datacollector-binary&UploadType=eteventstream] status=Processing
[2016.12.12-23.42.42:476][524]LogModuleManager: Shutting down and abandoning module XMPP (15)
[2016.12.12-23.42.42:507][524]LogModuleManager: Shutting down and abandoning module TextureCompressor (14)
[2016.12.12-23.42.42:546][524]LogModuleManager: Shutting down and abandoning module ShaderCore (13)
[2016.12.12-23.42.42:546][524]LogModuleManager: Shutting down and abandoning module Landscape (12)
[2016.12.12-23.42.42:546][524]LogModuleManager: Shutting down and abandoning module SlateRHIRenderer (11)
[2016.12.12-23.42.42:575][524]LogModuleManager: Shutting down and abandoning module OpenGLDrv (10)
[2016.12.12-23.42.42:610][524]LogModuleManager: Shutting down and abandoning module D3D11RHI (9)
[2016.12.12-23.42.42:610][524]LogModuleManager: Shutting down and abandoning module AnimGraphRuntime (8)
[2016.12.12-23.42.42:610][524]LogModuleManager: Shutting down and abandoning module Renderer (7)
[2016.12.12-23.42.42:610][524]LogModuleManager: Shutting down and abandoning module Engine (6)
[2016.12.12-23.42.42:610][524]LogModuleManager: Shutting down and abandoning module CoreUObject (5)
[2016.12.12-23.42.42:610][524]LogModuleManager: Shutting down and abandoning module NetworkFile (4)
[2016.12.12-23.42.42:657][524]LogModuleManager: Shutting down and abandoning module StreamingFile (3)
[2016.12.12-23.42.42:657][524]LogModuleManager: Shutting down and abandoning module SandboxFile (2)
[2016.12.12-23.42.42:665][524]LogModuleManager: Shutting down and abandoning module PakFile (1)
[2016.12.12-23.42.42:712][524]LogExit: Exiting.
[2016.12.12-23.42.42:732][524]Log file closed, 12/13/16 02:42:42
