Log file open, 10/12/17 08:49:19
LogInit:Display: Running engine for game: Loneliness
LogPlatformFile: Not using cached read wrapper
LogInit:Display: RandInit(-1983232257) SRandInit(-1983232257).
LogTaskGraph: Started task graph with 5 named threads and 6 total threads with 1 sets of task threads.
LogStats: Stats thread started at 3.214985
LogPluginManager: Loaded Plugin Paper2D, From C:/Program Files/Epic Games/UE_4.13/Engine/Plugins/2D/Paper2D/Paper2D.uplugin
LogPluginManager: Loaded Plugin LightPropagationVolume, From C:/Program Files/Epic Games/UE_4.13/Engine/Plugins/Blendables/LightPropagationVolume/LightPropagationVolume.uplugin
LogPluginManager: Loaded Plugin BlankPlugin, From C:/Program Files/Epic Games/UE_4.13/Engine/Plugins/Developer/BlankPlugin/BlankPlugin.uplugin
LogPluginManager: Loaded Plugin CodeLiteSourceCodeAccess, From C:/Program Files/Epic Games/UE_4.13/Engine/Plugins/Developer/CodeLiteSourceCodeAccess/CodeLiteSourceCodeAccess.uplugin
LogPluginManager: Loaded Plugin GitSourceControl, From C:/Program Files/Epic Games/UE_4.13/Engine/Plugins/Developer/GitSourceControl/GitSourceControl.uplugin
LogPluginManager: Loaded Plugin KDevelopSourceCodeAccess, From C:/Program Files/Epic Games/UE_4.13/Engine/Plugins/Developer/KDevelopSourceCodeAccess/KDevelopSourceCodeAccess.uplugin
LogPluginManager: Loaded Plugin NullSourceCodeAccess, From C:/Program Files/Epic Games/UE_4.13/Engine/Plugins/Developer/NullSourceCodeAccess/NullSourceCodeAccess.uplugin
LogPluginManager: Loaded Plugin OneSkyLocalizationService, From C:/Program Files/Epic Games/UE_4.13/Engine/Plugins/Developer/OneSkyLocalizationService/OneSkyLocalizationService.uplugin
LogPluginManager: Loaded Plugin PerforceSourceControl, From C:/Program Files/Epic Games/UE_4.13/Engine/Plugins/Developer/PerforceSourceControl/PerforceSourceControl.uplugin
LogPluginManager: Loaded Plugin SubversionSourceControl, From C:/Program Files/Epic Games/UE_4.13/Engine/Plugins/Developer/SubversionSourceControl/SubversionSourceControl.uplugin
LogPluginManager: Loaded Plugin UObjectPlugin, From C:/Program Files/Epic Games/UE_4.13/Engine/Plugins/Developer/UObjectPlugin/UObjectPlugin.uplugin
LogPluginManager: Loaded Plugin VisualStudioSourceCodeAccess, From C:/Program Files/Epic Games/UE_4.13/Engine/Plugins/Developer/VisualStudioSourceCodeAccess/VisualStudioSourceCodeAccess.uplugin
LogPluginManager: Loaded Plugin XCodeSourceCodeAccess, From C:/Program Files/Epic Games/UE_4.13/Engine/Plugins/Developer/XCodeSourceCodeAccess/XCodeSourceCodeAccess.uplugin
LogPluginManager: Loaded Plugin EpicSurvey, From C:/Program Files/Epic Games/UE_4.13/Engine/Plugins/Editor/EpicSurvey/EpicSurvey.uplugin
LogPluginManager: Loaded Plugin MacGraphicsSwitching, From C:/Program Files/Epic Games/UE_4.13/Engine/Plugins/Editor/MacGraphicsSwitching/MacGraphicsSwitching.uplugin
LogPluginManager: Loaded Plugin MobileLauncherProfileWizard, From C:/Program Files/Epic Games/UE_4.13/Engine/Plugins/Editor/MobileLauncherProfileWizard/MobileLauncherProfileWizard.uplugin
LogPluginManager: Loaded Plugin PluginBrowser, From C:/Program Files/Epic Games/UE_4.13/Engine/Plugins/Editor/PluginBrowser/PluginBrowser.uplugin
LogPluginManager: Loaded Plugin SpeedTreeImporter, From C:/Program Files/Epic Games/UE_4.13/Engine/Plugins/Editor/SpeedTreeImporter/SpeedTreeImporter.uplugin
LogPluginManager: Loaded Plugin SuperSearchEditor, From C:/Program Files/Epic Games/UE_4.13/Engine/Plugins/Editor/SuperSearchEditor/SuperSearchEditor.uplugin
LogPluginManager: Loaded Plugin AlembicImporter, From C:/Program Files/Epic Games/UE_4.13/Engine/Plugins/Experimental/AlembicImporter/AlembicImporter.uplugin
LogPluginManager: Loaded Plugin BlueprintStats, From C:/Program Files/Epic Games/UE_4.13/Engine/Plugins/Experimental/BlueprintStats/BlueprintStats.uplugin
LogPluginManager: Loaded Plugin CharacterAI, From C:/Program Files/Epic Games/UE_4.13/Engine/Plugins/Experimental/CharacterAI/CharacterAI.uplugin
LogPluginManager: Loaded Plugin CodeEditor, From C:/Program Files/Epic Games/UE_4.13/Engine/Plugins/Experimental/CodeEditor/CodeEditor.uplugin
LogPluginManager: Loaded Plugin CodeView, From C:/Program Files/Epic Games/UE_4.13/Engine/Plugins/Experimental/CodeView/CodeView.uplugin
LogPluginManager: Loaded Plugin HTML5Networking, From C:/Program Files/Epic Games/UE_4.13/Engine/Plugins/Experimental/HTML5Networking/HTML5Networking.uplugin
LogPluginManager: Loaded Plugin LiveEditor, From C:/Program Files/Epic Games/UE_4.13/Engine/Plugins/Experimental/LiveEditor/LiveEditor.uplugin
LogPluginManager: Loaded Plugin OSVR, From C:/Program Files/Epic Games/UE_4.13/Engine/Plugins/Experimental/OSVR/OSVR.uplugin
LogPluginManager: Loaded Plugin Phya, From C:/Program Files/Epic Games/UE_4.13/Engine/Plugins/Experimental/Phya/Phya.uplugin
LogPluginManager: Loaded Plugin SignificanceManager, From C:/Program Files/Epic Games/UE_4.13/Engine/Plugins/Experimental/SignificanceManager/SignificanceManager.uplugin
LogPluginManager: Loaded Plugin SimpleHMD, From C:/Program Files/Epic Games/UE_4.13/Engine/Plugins/Experimental/SimpleHMD/SimpleHMD.uplugin
LogPluginManager: Loaded Plugin StereoPanorama, From C:/Program Files/Epic Games/UE_4.13/Engine/Plugins/Experimental/StereoPanorama/StereoPanorama.uplugin
LogPluginManager: Loaded Plugin StructBox, From C:/Program Files/Epic Games/UE_4.13/Engine/Plugins/Experimental/StructBox/StructBox.uplugin
LogPluginManager: Loaded Plugin AndroidMedia, From C:/Program Files/Epic Games/UE_4.13/Engine/Plugins/Media/AndroidMedia/AndroidMedia.uplugin
LogPluginManager: Loaded Plugin AvfMedia, From C:/Program Files/Epic Games/UE_4.13/Engine/Plugins/Media/AvfMedia/AvfMedia.uplugin
LogPluginManager: Loaded Plugin MediaPlayerEditor, From C:/Program Files/Epic Games/UE_4.13/Engine/Plugins/Media/MediaPlayerEditor/MediaPlayerEditor.uplugin
LogPluginManager: Loaded Plugin WmfMedia, From C:/Program Files/Epic Games/UE_4.13/Engine/Plugins/Media/WmfMedia/WmfMedia.uplugin
LogPluginManager: Loaded Plugin MessagingDebugger, From C:/Program Files/Epic Games/UE_4.13/Engine/Plugins/Messaging/MessagingDebugger/MessagingDebugger.uplugin
LogPluginManager: Loaded Plugin TcpMessaging, From C:/Program Files/Epic Games/UE_4.13/Engine/Plugins/Messaging/TcpMessaging/TcpMessaging.uplugin
LogPluginManager: Loaded Plugin UdpMessaging, From C:/Program Files/Epic Games/UE_4.13/Engine/Plugins/Messaging/UdpMessaging/UdpMessaging.uplugin
LogPluginManager: Loaded Plugin LevelSequenceEditor, From C:/Program Files/Epic Games/UE_4.13/Engine/Plugins/MovieScene/LevelSequenceEditor/LevelSequenceEditor.uplugin
LogPluginManager: Loaded Plugin MatineeToLevelSequence, From C:/Program Files/Epic Games/UE_4.13/Engine/Plugins/MovieScene/MatineeToLevelSequence/MatineeToLevelSequence.uplugin
LogPluginManager: Loaded Plugin NetcodeUnitTest, From C:/Program Files/Epic Games/UE_4.13/Engine/Plugins/NetcodeUnitTest/NetcodeUnitTest/NetcodeUnitTest.uplugin
LogPluginManager: Loaded Plugin NUTUnrealEngine4, From C:/Program Files/Epic Games/UE_4.13/Engine/Plugins/NetcodeUnitTest/NUTUnrealEngine4/NUTUnrealEngine4.uplugin
LogPluginManager: Loaded Plugin OnlineSubsystemGooglePlay, From C:/Program Files/Epic Games/UE_4.13/Engine/Plugins/Online/Android/OnlineSubsystemGooglePlay/OnlineSubsystemGooglePlay.uplugin
LogPluginManager: Loaded Plugin OnlineSubsystemIOS, From C:/Program Files/Epic Games/UE_4.13/Engine/Plugins/Online/IOS/OnlineSubsystemIOS/OnlineSubsystemIOS.uplugin
LogPluginManager: Loaded Plugin OnlineFramework, From C:/Program Files/Epic Games/UE_4.13/Engine/Plugins/Online/OnlineFramework/OnlineFramework.uplugin
LogPluginManager: Loaded Plugin OnlineSubsystem, From C:/Program Files/Epic Games/UE_4.13/Engine/Plugins/Online/OnlineSubsystem/OnlineSubsystem.uplugin
LogPluginManager: Loaded Plugin OnlineSubsystemAmazon, From C:/Program Files/Epic Games/UE_4.13/Engine/Plugins/Online/OnlineSubsystemAmazon/OnlineSubsystemAmazon.uplugin
LogPluginManager: Loaded Plugin OnlineSubsystemFacebook, From C:/Program Files/Epic Games/UE_4.13/Engine/Plugins/Online/OnlineSubsystemFacebook/OnlineSubsystemFacebook.uplugin
LogPluginManager: Loaded Plugin OnlineSubsystemNull, From C:/Program Files/Epic Games/UE_4.13/Engine/Plugins/Online/OnlineSubsystemNull/OnlineSubsystemNull.uplugin
LogPluginManager: Loaded Plugin OnlineSubsystemOculus, From C:/Program Files/Epic Games/UE_4.13/Engine/Plugins/Online/OnlineSubsystemOculus/OnlineSubsystemOculus.uplugin
LogPluginManager: Loaded Plugin OnlineSubsystemSteam, From C:/Program Files/Epic Games/UE_4.13/Engine/Plugins/Online/OnlineSubsystemSteam/OnlineSubsystemSteam.uplugin
LogPluginManager: Loaded Plugin OnlineSubsystemUtils, From C:/Program Files/Epic Games/UE_4.13/Engine/Plugins/Online/OnlineSubsystemUtils/OnlineSubsystemUtils.uplugin
LogPluginManager: Loaded Plugin IOSTapJoy, From C:/Program Files/Epic Games/UE_4.13/Engine/Plugins/Runtime/Advertising/IOSTapJoy/IOSTapJoy.uplugin
LogPluginManager: Loaded Plugin AnalyticsBlueprintLibrary, From C:/Program Files/Epic Games/UE_4.13/Engine/Plugins/Runtime/Analytics/AnalyticsBlueprintLibrary/AnalyticsBlueprintLibrary.uplugin
LogPluginManager: Loaded Plugin AnalyticsMulticast, From C:/Program Files/Epic Games/UE_4.13/Engine/Plugins/Runtime/Analytics/AnalyticsMulticast/AnalyticsMulticast.uplugin
LogPluginManager: Loaded Plugin Apsalar, From C:/Program Files/Epic Games/UE_4.13/Engine/Plugins/Runtime/Analytics/Apsalar/Apsalar.uplugin
LogPluginManager: Loaded Plugin FileLogging, From C:/Program Files/Epic Games/UE_4.13/Engine/Plugins/Runtime/Analytics/FileLogging/FileLogging.uplugin
LogPluginManager: Loaded Plugin Flurry, From C:/Program Files/Epic Games/UE_4.13/Engine/Plugins/Runtime/Analytics/Flurry/Flurry.uplugin
LogPluginManager: Loaded Plugin AndroidDeviceProfileSelector, From C:/Program Files/Epic Games/UE_4.13/Engine/Plugins/Runtime/AndroidDeviceProfileSelector/AndroidDeviceProfileSelector.uplugin
LogPluginManager: Loaded Plugin AndroidMoviePlayer, From C:/Program Files/Epic Games/UE_4.13/Engine/Plugins/Runtime/AndroidMoviePlayer/AndroidMoviePlayer.uplugin
LogPluginManager: Loaded Plugin AppleMoviePlayer, From C:/Program Files/Epic Games/UE_4.13/Engine/Plugins/Runtime/AppleMoviePlayer/AppleMoviePlayer.uplugin
LogPluginManager: Loaded Plugin ArchVisCharacter, From C:/Program Files/Epic Games/UE_4.13/Engine/Plugins/Runtime/ArchVisCharacter/ArchVisCharacter.uplugin
LogPluginManager: Loaded Plugin CableComponent, From C:/Program Files/Epic Games/UE_4.13/Engine/Plugins/Runtime/CableComponent/CableComponent.uplugin
LogPluginManager: Loaded Plugin CustomMeshComponent, From C:/Program Files/Epic Games/UE_4.13/Engine/Plugins/Runtime/CustomMeshComponent/CustomMeshComponent.uplugin
LogPluginManager: Loaded Plugin ExampleDeviceProfileSelector, From C:/Program Files/Epic Games/UE_4.13/Engine/Plugins/Runtime/ExampleDeviceProfileSelector/ExampleDeviceProfileSelector.uplugin
LogPluginManager: Loaded Plugin GearVR, From C:/Program Files/Epic Games/UE_4.13/Engine/Plugins/Runtime/GearVR/GearVR.uplugin
LogPluginManager: Loaded Plugin GoogleVRController, From C:/Program Files/Epic Games/UE_4.13/Engine/Plugins/Runtime/GoogleVR/GoogleVRController/GoogleVRController.uplugin
LogPluginManager: Loaded Plugin GoogleVRHMD, From C:/Program Files/Epic Games/UE_4.13/Engine/Plugins/Runtime/GoogleVR/GoogleVRHMD/GoogleVRHMD.uplugin
LogPluginManager: Loaded Plugin IOSDeviceProfileSelector, From C:/Program Files/Epic Games/UE_4.13/Engine/Plugins/Runtime/IOSDeviceProfileSelector/IOSDeviceProfileSelector.uplugin
LogPluginManager: Loaded Plugin LeapMotion, From C:/Program Files/Epic Games/UE_4.13/Engine/Plugins/Runtime/LeapMotion/LeapMotion.uplugin
LogPluginManager: Loaded Plugin LinuxDeviceProfileSelector, From C:/Program Files/Epic Games/UE_4.13/Engine/Plugins/Runtime/LinuxDeviceProfileSelector/LinuxDeviceProfileSelector.uplugin
LogPluginManager: Loaded Plugin LiveEditorListenServer, From C:/Program Files/Epic Games/UE_4.13/Engine/Plugins/Runtime/LiveEditorListenServer/LiveEditorListenServer.uplugin
LogPluginManager: Loaded Plugin OculusAudio, From C:/Program Files/Epic Games/UE_4.13/Engine/Plugins/Runtime/OculusAudio/OculusAudio.uplugin
LogPluginManager: Loaded Plugin OculusInput, From C:/Program Files/Epic Games/UE_4.13/Engine/Plugins/Runtime/OculusInput/OculusInput.uplugin
LogPluginManager: Loaded Plugin OculusLibrary, From C:/Program Files/Epic Games/UE_4.13/Engine/Plugins/Runtime/OculusLibrary/OculusLibrary.uplugin
LogPluginManager: Loaded Plugin OculusRift, From C:/Program Files/Epic Games/UE_4.13/Engine/Plugins/Runtime/OculusRift/OculusRift.uplugin
LogPluginManager: Loaded Plugin Oodle, From C:/Program Files/Epic Games/UE_4.13/Engine/Plugins/Runtime/PacketHandlers/CompressionComponents/Oodle/Oodle.uplugin
LogPluginManager: Loaded Plugin ProceduralMeshComponent, From C:/Program Files/Epic Games/UE_4.13/Engine/Plugins/Runtime/ProceduralMeshComponent/ProceduralMeshComponent.uplugin
LogPluginManager: Loaded Plugin SoundMod, From C:/Program Files/Epic Games/UE_4.13/Engine/Plugins/Runtime/SoundMod/SoundMod.uplugin
LogPluginManager: Loaded Plugin SoundVisualizations, From C:/Program Files/Epic Games/UE_4.13/Engine/Plugins/Runtime/SoundVisualizations/SoundVisualizations.uplugin
LogPluginManager: Loaded Plugin SteamController, From C:/Program Files/Epic Games/UE_4.13/Engine/Plugins/Runtime/Steam/SteamController/SteamController.uplugin
LogPluginManager: Loaded Plugin SteamVR, From C:/Program Files/Epic Games/UE_4.13/Engine/Plugins/Runtime/Steam/SteamVR/SteamVR.uplugin
LogPluginManager: Loaded Plugin WebBrowserWidget, From C:/Program Files/Epic Games/UE_4.13/Engine/Plugins/Runtime/WebBrowserWidget/WebBrowserWidget.uplugin
LogPluginManager: Loaded Plugin WindowsDeviceProfileSelector, From C:/Program Files/Epic Games/UE_4.13/Engine/Plugins/Runtime/WindowsDeviceProfileSelector/WindowsDeviceProfileSelector.uplugin
LogPluginManager: Loaded Plugin WindowsMoviePlayer, From C:/Program Files/Epic Games/UE_4.13/Engine/Plugins/Runtime/WindowsMoviePlayer/WindowsMoviePlayer.uplugin
LogPluginManager: Loaded Plugin ScriptPlugin, From C:/Program Files/Epic Games/UE_4.13/Engine/Plugins/ScriptPlugin/ScriptPlugin.uplugin
LogPluginManager: Loaded Plugin SlateRemote, From C:/Program Files/Epic Games/UE_4.13/Engine/Plugins/Slate/SlateRemote/SlateRemote.uplugin
LogInit: Using libcurl 7.47.1
LogInit:  - built for x86_64-pc-win32
LogInit:  - supports SSL with WinSSL
LogInit:  - other features:
LogInit:      CURL_VERSION_SSL
LogInit:      CURL_VERSION_IPV6
LogInit:      CURL_VERSION_ASYNCHDNS
LogInit:      CURL_VERSION_LARGEFILE
LogInit:      CURL_VERSION_IDN
LogInit:  CurlRequestOptions (configurable via config and command line):
LogInit:  - bVerifyPeer = false  - Libcurl will NOT verify peer certificate
LogInit:  - bUseHttpProxy = false  - Libcurl will NOT use HTTP proxy
LogInit:  - bDontReuseConnections = false  - Libcurl will reuse connections
LogInit:  - CertBundlePath = nullptr  - Libcurl will use whatever was configured at build time.
LogInit: Build: ++UE4+Release-4.13-CL-3172292
LogInit: Engine Version: 4.13.2-3172292+++UE4+Release-4.13
LogInit: Compatible Engine Version: 4.13.0-3106830+++UE4+Release-4.13
LogInit: Net CL: 3172292
LogDevObjectVersion: Number of dev versions registered: 13
LogDevObjectVersion:   Dev-Blueprints (B0D832E4-1F89-4F0D-ACCF-7EB736FD4AA2): 5
LogDevObjectVersion:   Dev-Build (E1C64328-A22C-4D53-A36C-8E866417BD8C): 0
LogDevObjectVersion:   Dev-Core (375EC13C-06E4-48FB-B500-84F0262A717E): 1
LogDevObjectVersion:   Dev-Editor (E4B068ED-F494-42E9-A231-DA0B2E46BB41): 6
LogDevObjectVersion:   Dev-Framework (CFFC743F-43B0-4480-9391-14DF171D2073): 12
LogDevObjectVersion:   Dev-Mobile (B02B49B5-BB20-44E9-A304-32B752E40360): 0
LogDevObjectVersion:   Dev-Networking (A4E4105C-59A1-49B5-A7C5-40C4547EDFEE): 0
LogDevObjectVersion:   Dev-Online (39C831C9-5AE6-47DC-9A44-9C173E1C8E7C): 0
LogDevObjectVersion:   Dev-Physics (78F01B33-EBEA-4F98-B9B4-84EACCB95AA2): 0
LogDevObjectVersion:   Dev-Platform (6631380F-2D4D-43E0-8009-CF276956A95A): 0
LogDevObjectVersion:   Dev-Rendering (12F88B9F-8875-4AFC-A67C-D90C383ABD29): 4
LogDevObjectVersion:   Dev-Sequencer (7B5AE74C-D270-4C10-A958-57980B212A5A): 0
LogDevObjectVersion:   Dev-VR (D7296918-1DD6-4BDD-9DE2-64A83CC13884): 0
LogInit: Compiled (64-bit): Oct 24 2016 14:29:06
LogInit: Compiled with Visual C++: 19.00.23026.00
LogInit: Build Configuration: Development
LogInit: Branch Name: ++UE4+Release-4.13
LogInit: Command line: 
LogInit: Base directory: C:/Program Files/Epic Games/UE_4.13/Engine/Binaries/Win64/
LogInit: Installed Engine Build: 1
LogInit: Presizing for max 8388607 objects, including 0 objects not considered by GC, pre-allocating 0 bytes for permanent pool.
LogInit: Object subsystem initialized
[2017.10.12-06.49.20:633][  0]LogInit: Selected Device Profile: [Windows]
[2017.10.12-06.49.20:633][  0]LogInit: Applying CVar settings loaded from the selected device profile: [Windows]
[2017.10.12-06.49.21:008][  0]LogInit: Computer: PROGRAM2
[2017.10.12-06.49.21:008][  0]LogInit: User: Администратор
[2017.10.12-06.49.21:008][  0]LogInit: CPU Page size=65536, Cores=2
[2017.10.12-06.49.21:008][  0]LogInit: High frequency timer resolution =2.929697 MHz
[2017.10.12-06.49.21:009][  0]LogMemory: Memory total: Physical=3.0GB (3GB approx)
[2017.10.12-06.49.21:009][  0]LogMemory: Platform Memory Stats for Windows
[2017.10.12-06.49.21:009][  0]LogMemory: Process Physical Memory: 254.57 MB used, 254.57 MB peak
[2017.10.12-06.49.21:009][  0]LogMemory: Process Virtual Memory: 259.84 MB used, 259.84 MB peak
[2017.10.12-06.49.21:009][  0]LogMemory: Physical Memory: 2755.09 MB used, 3070.49 MB total
[2017.10.12-06.49.21:009][  0]LogMemory: Virtual Memory: 588.29 MB used, 8388608.00 MB total
[2017.10.12-06.49.22:191][  0]LogTextLocalizationManager: No translations for ('ru-RU') exist, falling back to 'en' for localization and internationalization data.
[2017.10.12-06.49.26:045][  0]LogD3D11RHI: D3D11 adapters:
[2017.10.12-06.49.26:318][  0]LogD3D11RHI:    0. 'NVIDIA GeForce GT 240' (Feature Level 10_0)
[2017.10.12-06.49.26:318][  0]LogD3D11RHI:       466/0/1279 MB DedicatedVideo/DedicatedSystem/SharedSystem, Outputs:1, VendorId:0x10de
[2017.10.12-06.49.26:329][  0]LogD3D11RHI: Chosen D3D11 Adapter: 0
[2017.10.12-06.49.26:343][  0]LogD3D11RHI: Creating new Direct3DDevice
[2017.10.12-06.49.26:344][  0]LogD3D11RHI:     GPU DeviceId: 0xca3 (for the marketing name, search the web for "GPU Device Id")
[2017.10.12-06.49.26:344][  0]LogWindows: EnumDisplayDevices:
[2017.10.12-06.49.26:344][  0]LogWindows:    0. 'NVIDIA GeForce GT 240' (P:1 D:1)
[2017.10.12-06.49.26:344][  0]LogWindows:    1. 'NVIDIA GeForce GT 240' (P:0 D:0)
[2017.10.12-06.49.26:344][  0]LogWindows:    2. 'RDPDD Chained DD' (P:0 D:0)
[2017.10.12-06.49.26:345][  0]LogWindows:    3. 'RDP Encoder Mirror Driver' (P:0 D:0)
[2017.10.12-06.49.26:345][  0]LogWindows:    4. 'RDP Reflector Display Driver' (P:0 D:0)
[2017.10.12-06.49.26:345][  0]LogWindows: DebugString: GetVideoDriverDetailsInvalid PrimaryIsNotTheChoosenAdapter GetVideoDriverDetailsInvalid PrimaryIsNotTheChoosenAdapter GetVideoDriverDetailsInvalid PrimaryIsNotTheChoosenAdapter FoundDriverCount:2 
[2017.10.12-06.49.26:345][  0]LogD3D11RHI:     Adapter Name: NVIDIA GeForce GT 240
[2017.10.12-06.49.26:345][  0]LogD3D11RHI:   Driver Version: 342.01 (internal:21.21.13.4201, unified:342.01)
[2017.10.12-06.49.26:345][  0]LogD3D11RHI:      Driver Date: 11-14-2016
[2017.10.12-06.49.26:345][  0]LogRHI: Texture pool is 326 MB (70% of 466 MB)
[2017.10.12-06.49.26:362][  0]LogD3D11RHI: Async texture creation enabled
[2017.10.12-06.49.26:752][  0]LogD3D11RHI: GPU Timing Frequency: 1000.000000 (Debug: 2 3)
[2017.10.12-06.49.29:117][  0]LogShaderCompilers: Guid format shader working directory is 3 characters bigger than the processId version (D:/Git/Loneliness/Intermediate/Shaders/WorkingDirectory/2908/).
[2017.10.12-06.49.29:118][  0]LogShaderCompilers: Cleaned the shader compiler working directory 'C:/TEMP/UnrealShaderWorkingDir/F7D73DDC4E6063DC8484E2AFE4D80FA4/'.
[2017.10.12-06.49.29:131][  0]LogShaderCompilers:Display: Using Local Shader Compiler.
[2017.10.12-06.49.40:596][  0]LogTemp:Display: Loaded TP AllDesktopTargetPlatform
[2017.10.12-06.49.40:618][  0]LogTemp:Display: Loaded TP WindowsClientTargetPlatform
[2017.10.12-06.49.40:640][  0]LogTemp:Display: Loaded TP WindowsNoEditorTargetPlatform
[2017.10.12-06.49.40:661][  0]LogTemp:Display: Loaded TP WindowsServerTargetPlatform
[2017.10.12-06.49.40:682][  0]LogTemp:Display: Loaded TP WindowsTargetPlatform
[2017.10.12-06.49.40:725][  0]LogTemp:Display: Loaded TP AndroidTargetPlatform
[2017.10.12-06.49.40:745][  0]LogTemp:Display: Loaded TP Android_ASTCTargetPlatform
[2017.10.12-06.49.40:764][  0]LogTemp:Display: Loaded TP Android_ATCTargetPlatform
[2017.10.12-06.49.40:783][  0]LogTemp:Display: Loaded TP Android_DXTTargetPlatform
[2017.10.12-06.49.40:802][  0]LogTemp:Display: Loaded TP Android_ETC1TargetPlatform
[2017.10.12-06.49.40:822][  0]LogTemp:Display: Loaded TP Android_ETC2TargetPlatform
[2017.10.12-06.49.40:863][  0]LogTemp:Display: Loaded TP Android_MultiTargetPlatform
[2017.10.12-06.49.40:863][  0]LogTemp:Display: Loaded TP Android_PVRTCTargetPlatform
[2017.10.12-06.49.40:865][  0]LogTemp:Display: Loaded TP HTML5TargetPlatform
[2017.10.12-06.49.40:953][  0]LogTemp:Display: Loaded TP IOSTargetPlatform
[2017.10.12-06.49.40:971][  0]LogTemp:Display: Loaded TP TVOSTargetPlatform
[2017.10.12-06.49.40:990][  0]LogTemp:Display: Loaded TP LinuxClientTargetPlatform
[2017.10.12-06.49.41:009][  0]LogTemp:Display: Loaded TP LinuxNoEditorTargetPlatform
[2017.10.12-06.49.41:028][  0]LogTemp:Display: Loaded TP LinuxServerTargetPlatform
[2017.10.12-06.49.41:063][  0]LogTemp:Display: Loaded TP LinuxTargetPlatform
[2017.10.12-06.49.41:063][  0]LogTargetPlatformManager:Display: Building Assets For Windows
[2017.10.12-06.49.42:070][  0]LogDerivedDataCache:Display: Max Cache Size: 512 MB
[2017.10.12-06.49.43:067][  0]LogDerivedDataCache: Loaded boot cache 0.98s 57MB C:/Users/Администратор/AppData/Local/UnrealEngine/4.13/DerivedDataCache/Boot.ddc.
[2017.10.12-06.49.43:067][  0]LogDerivedDataCache:Display: Loaded Boot cache: C:/Users/Администратор/AppData/Local/UnrealEngine/4.13/DerivedDataCache/Boot.ddc
[2017.10.12-06.49.43:067][  0]LogDerivedDataCache: FDerivedDataBackendGraph:  Pak pak cache file D:/Git/Loneliness/DerivedDataCache/DDC.ddp not found, will not use a pak cache.
[2017.10.12-06.49.43:067][  0]LogDerivedDataCache: Unable to find inner node Pak for hierarchical cache Hierarchy.
[2017.10.12-06.49.43:067][  0]LogDerivedDataCache: FDerivedDataBackendGraph:  CompressedPak pak cache file D:/Git/Loneliness/DerivedDataCache/Compressed.ddp not found, will not use a pak cache.
[2017.10.12-06.49.43:067][  0]LogDerivedDataCache: Unable to find inner node CompressedPak for hierarchical cache Hierarchy.
[2017.10.12-06.49.43:176][  0]LogDerivedDataCache:Display: Pak cache opened for reading ../../../Engine/DerivedDataCache/Compressed.ddp.
[2017.10.12-06.49.43:210][  0]LogDerivedDataCache: Using Local data cache path C:/Users/Администратор/AppData/Local/UnrealEngine/Common/DerivedDataCache: Writable
[2017.10.12-06.49.51:421][  0]LogInit: Selected Device Profile: [Windows]
[2017.10.12-06.49.51:669][  0]LogMaterial: Uniform references updated for custom material expression Custom.
[2017.10.12-06.49.51:846][  0]LogContentStreaming: Texture pool size is 0.00 MB
[2017.10.12-06.49.53:503][  0]LogMeshUtilities: No automatic mesh reduction module available
[2017.10.12-06.49.53:504][  0]LogMeshUtilities: No automatic mesh merging module available
[2017.10.12-06.49.53:504][  0]LogMeshUtilities: No distributed automatic mesh merging module available
[2017.10.12-06.49.59:116][  0]LogNetVersion: GetLocalNetworkVersion: CL: 3106830, ProjectName: loneliness, ProjectVersion: , EngineNetworkVersion: 1, GameNetworkVersion: 0, NetworkChecksum: 2630857635
[2017.10.12-06.49.59:292][  0]LogAssetRegistry: FAssetRegistry took 0.0415 seconds to start up
[2017.10.12-06.49.59:844][  0]LogPackageLocalizationCache: Processed 3 localized package path(s) for 1 prioritized culture(s) in 0.225604 seconds
[2017.10.12-06.49.59:860][  0]LogUObjectArray: 29778 objects as part of root set at end of initial load.
[2017.10.12-06.49.59:860][  0]LogUObjectAllocator: 6125456 out of 0 bytes used by permanent object pool.
[2017.10.12-06.49.59:860][  0]LogUObjectArray: CloseDisregardForGC: 0/0 objects in disregard for GC pool
[2017.10.12-06.50.00:236][  0]LogInit: WinSock: version 1.1 (2.2), MaxSocks=32767, MaxUdp=65467
[2017.10.12-06.50.12:065][  0]LogSlate: SlateFontCache - WITH_FREETYPE: 1, WITH_HARFBUZZ: 1
[2017.10.12-06.50.12:065][  0]LogSlate: SlateFontCache - WITH_FREETYPE: 1, WITH_HARFBUZZ: 1
[2017.10.12-06.50.20:882][  0]LogTcpMessaging: Initializing TcpMessaging bridge
[2017.10.12-06.50.20:921][  0]LogUdpMessaging: Initializing bridge on interface 0.0.0.0:0 to multicast group 230.0.0.1:6666.
[2017.10.12-06.50.22:812][  0]SourceControl: Info Source control is disabled
[2017.10.12-06.50.25:091][  0]LogEngine: Initializing Engine...
[2017.10.12-06.50.25:092][  0]LogHMD: Failed to initialize OpenVR with code 110
[2017.10.12-06.50.26:325][  0]LogAIModule: Creating AISystem for world Untitled
[2017.10.12-06.50.26:525][  0]LogInit: XAudio2 using 'Realtek Digital Output(RCA) (Realtek High Definition Audio)' : 2 channels at 48 kHz using 16 bits per sample (channel mask 0x3)
[2017.10.12-06.50.26:653][  0]LogInit: FAudioDevice initialized.
[2017.10.12-06.50.26:751][  0]LogDerivedDataCache: Saved boot cache 0.10s 57MB C:/Users/Администратор/AppData/Local/UnrealEngine/4.13/DerivedDataCache/Boot.ddc.
[2017.10.12-06.50.26:791][  0]LogInit: Texture streaming: Enabled
[2017.10.12-06.50.27:468][  0]LogInit: Transaction tracking system initialized
[2017.10.12-06.50.28:944][  0]BlueprintLog: New page: Editor Load
[2017.10.12-06.50.34:540][  0]LocalizationService: Info Localization service is disabled
[2017.10.12-06.50.37:696][  0]LogConsoleResponse:Display: 
[2017.10.12-06.50.41:710][  0]LogFileCache: Scanning file cache for directory 'D:/Git/Loneliness/Content/' took 0.02s
[2017.10.12-06.50.41:710][  0]LogCook:Display: Max memory allowance for cook 16384mb min free memory 0mb
[2017.10.12-06.50.41:750][  0]LogCook:Display: Mobile HDR setting 1
[2017.10.12-06.50.48:385][  0]Cmd: MAP LOAD FILE="D:/Git/Loneliness/Content/Maps/Laboratories.umap" TEMPLATE=0 SHOWPROGRESS=1 FEATURELEVEL=2
[2017.10.12-06.50.48:539][  0]LightingResults: New page: Lighting Build
[2017.10.12-06.50.49:206][  0]MapCheck: New page: Map Check
[2017.10.12-06.50.49:206][  0]LightingResults: New page: Lighting Build
[2017.10.12-06.51.00:009][  0]LogBlueprint:Warning: [Compiler Ue4ASP_Character] Warning InputAction Event references unknown Action 'Crouch' for  K2Node_InputAction_32
[2017.10.12-06.51.00:110][  0]LogBlueprint:Warning: [Compiler Ue4ASP_Character] Warning [0110.45] Compile of Ue4ASP_Character successful, but with 1 Warning(s) [in 755 ms] (/Game/AnimStarterPack/Ue4ASP_Character.Ue4ASP_Character)
[2017.10.12-06.51.00:110][  0]LogBlueprint:Warning: [Compiler Ue4ASP_Character] Warning [0110.45] Compile of Ue4ASP_Character successful, but with 2 Warning(s) [in 0 ms] (/Game/AnimStarterPack/Ue4ASP_Character.Ue4ASP_Character)
[2017.10.12-06.51.00:111][  0]LogBlueprint:Warning: [Compiler Ue4ASP_Character] Warning [0110.45] Compile of Ue4ASP_Character successful, but with 3 Warning(s) [in 0 ms] (/Game/AnimStarterPack/Ue4ASP_Character.Ue4ASP_Character)
[2017.10.12-06.51.01:852][  0]LogBlueprint:Warning: [Compiler Ue4ASP_Character] Warning InputAction Event references unknown Action 'Crouch' for  K2Node_InputAction_32
[2017.10.12-06.51.01:861][  0]LogBlueprint:Warning: [Compiler Ue4ASP_Character] Warning [0112.20] Compile of Ue4ASP_Character successful, but with 1 Warning(s) [in 17 ms] (/Game/AnimStarterPack/Ue4ASP_Character.Ue4ASP_Character)
[2017.10.12-06.51.01:861][  0]LogBlueprint:Warning: [Compiler Ue4ASP_Character] Warning [0112.20] Compile of Ue4ASP_Character successful, but with 2 Warning(s) [in 0 ms] (/Game/AnimStarterPack/Ue4ASP_Character.Ue4ASP_Character)
[2017.10.12-06.51.01:862][  0]LogBlueprint:Warning: [Compiler Ue4ASP_Character] Warning [0112.21] Compile of Ue4ASP_Character successful, but with 3 Warning(s) [in 1 ms] (/Game/AnimStarterPack/Ue4ASP_Character.Ue4ASP_Character)
[2017.10.12-06.51.33:726][  0]LogAIModule: Creating AISystem for world Laboratories
[2017.10.12-06.51.48:835][  0]LogEditorServer: Finished looking for orphan Actors (0.001 secs)
[2017.10.12-06.51.49:139][  0]Cmd: MAP CHECKDEP NOCLEARLOG
[2017.10.12-06.51.49:578][  0]MapCheck: Info Map check complete: 0 Error(s), 0 Warning(s), took 408.344ms to complete.
[2017.10.12-06.51.49:578][  0]LogFileHelpers: Loading map 'Laboratories' took 61.222
[2017.10.12-06.51.51:354][  0]LogWindowsTextInputMethodSystem:Display: IME system now deactivated.
[2017.10.12-06.51.53:757][  0]LogCollectionManager: Loaded 1 collections in 0.045563 seconds
[2017.10.12-06.51.54:442][  0]LogFileCache: Scanning file cache for directory 'D:/Git/Loneliness/Saved/Collections/' took 0.01s
[2017.10.12-06.51.54:443][  0]LogFileCache: Scanning file cache for directory 'D:/Git/Loneliness/Content/Developers/Администратор/Collections/' took 0.01s
[2017.10.12-06.51.54:443][  0]LogFileCache: Scanning file cache for directory 'D:/Git/Loneliness/Content/Collections/' took 0.01s
[2017.10.12-06.51.54:443][  0]LogCollectionManager: Rebuilt the GUID cache for 1 collections in 0.000017 seconds
[2017.10.12-06.51.54:450][  0]LogCollectionManager: Rebuilt the hierarchy cache for 1 collections in 0.000002 seconds
[2017.10.12-06.51.54:591][  0]LogContentBrowser: Native class hierarchy populated in 0.0659 seconds. Added 2141 classes and 415 folders.
[2017.10.12-06.51.54:799][  0]LogStats: UGameplayTagsManager::ConstructGameplayTagTree: Construct from data asset -  0.000 s
[2017.10.12-06.51.54:800][  0]LogStats: UGameplayTagsManager::ConstructGameplayTagTree: GameplayTagTreeChangedEvent.Broadcast -  0.000 s
[2017.10.12-06.51.54:801][  0]LogContentBrowser: Native class hierarchy updated for 'GameplayTags' in 0.0012 seconds. Added 12 classes and 0 folders.
[2017.10.12-06.51.54:951][  0]LogContentBrowser: Native class hierarchy updated for 'WidgetCarousel' in 0.0011 seconds. Added 0 classes and 0 folders.
[2017.10.12-06.52.00:218][  0]LogContentBrowser: Native class hierarchy updated for 'AddContentDialog' in 0.0012 seconds. Added 0 classes and 0 folders.
[2017.10.12-06.52.00:609][  0]LogContentBrowser: Native class hierarchy updated for 'WorldBrowser' in 0.0011 seconds. Added 1 classes and 3 folders.
[2017.10.12-06.52.01:274][  0]LogContentBrowser: Native class hierarchy updated for 'SceneOutliner' in 0.0012 seconds. Added 1 classes and 2 folders.
[2017.10.12-06.52.04:424][  0]LogCrashTracker: Crashtracker disabled due to settings.
[2017.10.12-06.52.06:206][  0]LogUObjectGlobals:Warning: Failed to find object 'Class None.'
[2017.10.12-06.52.06:735][  0]LogContentBrowser: Native class hierarchy updated for 'HierarchicalLODOutliner' in 0.0020 seconds. Added 1 classes and 2 folders.
[2017.10.12-06.52.06:736][  0]LogLoad: (Engine Initialization) Total time: 177.08 seconds
[2017.10.12-06.52.06:736][  0]LogLoad: (Engine Initialization) Total Blueprint compile time: 6.08 seconds
[2017.10.12-06.52.06:743][  0]LogExternalProfiler: No external profilers were discovered.  External profiling features will not be available.
[2017.10.12-06.52.06:974][  0]LogOcInput: OculusInput pre-init called
[2017.10.12-06.52.08:434][  0]LogContentStreaming: Texture pool size now 400 MB
[2017.10.12-06.52.11:672][  0]LogRenderer: Reallocating scene render targets to support 1208x568 (Frame:2).
[2017.10.12-06.52.14:018][  1]LogFileCache: Retrieving MD5 hashes for directory 'D:/Git/Loneliness/Content/' took 6.48s
[2017.10.12-06.52.18:684][ 11]LogAssetRegistry: Asset discovery search completed in 139.4195 seconds
[2017.10.12-06.52.18:684][ 11]LogCollectionManager: Rebuilt the object cache for 1 collections in 0.000013 seconds (found 0 objects)
[2017.10.12-06.52.18:684][ 11]LogCollectionManager: Fixed up redirectors for 1 collections in 0.000058 seconds (updated 0 objects)
[2017.10.12-06.52.39:007][353]LogFactory: FactoryCreateFile: StaticMesh with FbxFactory (0 0 D:/Git/Source files/NEWweapon.fbx)
[2017.10.12-06.52.39:195][353]LogFbx: ItemName: GlobalSettings, ItemCount : 1
[2017.10.12-06.52.39:195][353]LogFbx: ItemName: NodeAttribute, ItemCount : 7
[2017.10.12-06.52.39:195][353]LogFbx: ItemName: Geometry, ItemCount : 1
[2017.10.12-06.52.39:195][353]LogFbx: ItemName: Model, ItemCount : 8
[2017.10.12-06.52.39:195][353]LogFbx: ItemName: Pose, ItemCount : 1
[2017.10.12-06.52.39:195][353]LogFbx: ItemName: Deformer, ItemCount : 6
[2017.10.12-06.52.39:195][353]LogFbx: ItemName: Material, ItemCount : 5
[2017.10.12-06.52.39:195][353]LogFbx: ItemName: Texture, ItemCount : 4
[2017.10.12-06.52.39:195][353]LogFbx: ItemName: Video, ItemCount : 1
[2017.10.12-06.52.39:227][353]LogFbx: Loading FBX Scene from D:/Git/Source files/NEWweapon.fbx
[2017.10.12-06.52.39:327][353]LogFbx: FBX Scene Loaded Succesfully
[2017.10.12-06.52.58:933][353]LogFbx: Loading FBX Scene from D:/Git/Source files/NEWweapon.fbx
[2017.10.12-06.52.58:966][353]LogFbx: FBX Scene Loaded Succesfully
[2017.10.12-06.52.58:995][353]LogFbx: =================================================
[2017.10.12-06.52.58:995][353]LogFbx: Dumping Node START [weapon] 
[2017.10.12-06.52.58:995][353]LogFbx: 	Total Deformer Count 985779576.
[2017.10.12-06.52.58:995][353]LogFbx: 		[Node 1] Root_Bone (Type Skin).
[2017.10.12-06.52.58:995][353]LogFbx: =================================================
[2017.10.12-06.52.58:995][353]LogFbx: 	Attribute (weapon.001) Type (4).
[2017.10.12-06.52.58:995][353]LogFbx: 		[Node Attribute Child 1] weapon (Type Mesh).
[2017.10.12-06.52.58:995][353]LogFbx: Dumping Node END [weapon]
[2017.10.12-06.52.58:997][353]LogFbx: =================================================
[2017.10.12-06.52.58:997][353]LogFbx: Dumping Node START [weapon] 
[2017.10.12-06.52.58:997][353]LogFbx: 	Total Deformer Count 985781032.
[2017.10.12-06.52.58:997][353]LogFbx: 		[Node 1] Root_Bone (Type Skin).
[2017.10.12-06.52.58:997][353]LogFbx: =================================================
[2017.10.12-06.52.58:997][353]LogFbx: 	Attribute (weapon.001) Type (4).
[2017.10.12-06.52.58:997][353]LogFbx: 		[Node Attribute Child 1] weapon (Type Mesh).
[2017.10.12-06.52.58:997][353]LogFbx: Dumping Node END [weapon]
[2017.10.12-06.52.58:998][353]LogFbx: Valid bind pose for Pose (weapon.001) - weapon
[2017.10.12-06.52.59:005][353]LogLinker:Warning: Can't find file '/Game/FirstPerson/flaps'
[2017.10.12-06.52.59:005][353]LogLinker:Warning: Can't find file '/Game/FirstPerson/flaps'
[2017.10.12-06.52.59:082][353]LogLinker:Warning: Can't find file '/Game/FirstPerson/weapon_body_Diffuse_Color'
[2017.10.12-06.52.59:083][353]LogLinker:Warning: Can't find file '/Game/FirstPerson/weapon_body_Diffuse_Color'
[2017.10.12-06.52.59:083][353]LogUObjectGlobals:Warning: Failed to find object 'Texture /Game/FirstPerson/weapon_body_Diffuse_Color.weapon_body_Diffuse_Color'
[2017.10.12-06.52.59:083][353]LogStreaming:Warning: Failed to read file 'D:\Git\Source files\Textures\weapon_body Diffuse Color.png' error.
[2017.10.12-06.52.59:083][353]LogStreaming:Warning: Failed to read file 'D:/Git/Source files/Textures\weapon_body Diffuse Color.png' error.
[2017.10.12-06.52.59:083][353]LogStreaming:Warning: Failed to read file 'D:/Git/Source files/weapon_body Diffuse Color.png' error.
[2017.10.12-06.52.59:083][353]LogFbxMaterialImport:Warning: Unable to find TEXTure file weapon_body Diffuse Color.png. Tried:
 - D:\Git\Source files\Textures\weapon_body Diffuse Color.png
 - D:/Git/Source files/Textures\weapon_body Diffuse Color.png
 - D:/Git/Source files/weapon_body Diffuse Color.png
[2017.10.12-06.52.59:094][353]LogMaterial: Missing cached shader map for material flaps, compiling. 
[2017.10.12-06.52.59:514][353]LogLinker:Warning: Can't find file '/Game/FirstPerson/guides'
[2017.10.12-06.52.59:514][353]LogLinker:Warning: Can't find file '/Game/FirstPerson/guides'
[2017.10.12-06.52.59:518][353]LogLinker:Warning: Can't find file '/Game/FirstPerson/weapon_body_Diffuse_Color'
[2017.10.12-06.52.59:518][353]LogUObjectGlobals:Warning: Failed to find object 'Texture /Game/FirstPerson/weapon_body_Diffuse_Color.weapon_body_Diffuse_Color'
[2017.10.12-06.52.59:519][353]LogStreaming:Warning: Failed to read file 'D:\Git\Source files\Textures\weapon_body Diffuse Color.png' error.
[2017.10.12-06.52.59:519][353]LogStreaming:Warning: Failed to read file 'D:/Git/Source files/Textures\weapon_body Diffuse Color.png' error.
[2017.10.12-06.52.59:519][353]LogStreaming:Warning: Failed to read file 'D:/Git/Source files/weapon_body Diffuse Color.png' error.
[2017.10.12-06.52.59:519][353]LogFbxMaterialImport:Warning: Unable to find TEXTure file weapon_body Diffuse Color.png. Tried:
 - D:\Git\Source files\Textures\weapon_body Diffuse Color.png
 - D:/Git/Source files/Textures\weapon_body Diffuse Color.png
 - D:/Git/Source files/weapon_body Diffuse Color.png
[2017.10.12-06.52.59:523][353]LogMaterial: Missing cached shader map for material guides, compiling. 
[2017.10.12-06.52.59:785][353]LogLinker:Warning: Can't find file '/Game/FirstPerson/weapon_body'
[2017.10.12-06.52.59:785][353]LogLinker:Warning: Can't find file '/Game/FirstPerson/weapon_body'
[2017.10.12-06.52.59:789][353]LogLinker:Warning: Can't find file '/Game/FirstPerson/weapon_body_Diffuse_Color'
[2017.10.12-06.52.59:789][353]LogUObjectGlobals:Warning: Failed to find object 'Texture /Game/FirstPerson/weapon_body_Diffuse_Color.weapon_body_Diffuse_Color'
[2017.10.12-06.52.59:789][353]LogStreaming:Warning: Failed to read file 'D:\Git\Source files\Textures\weapon_body Diffuse Color.png' error.
[2017.10.12-06.52.59:789][353]LogStreaming:Warning: Failed to read file 'D:/Git/Source files/Textures\weapon_body Diffuse Color.png' error.
[2017.10.12-06.52.59:789][353]LogStreaming:Warning: Failed to read file 'D:/Git/Source files/weapon_body Diffuse Color.png' error.
[2017.10.12-06.52.59:790][353]LogFbxMaterialImport:Warning: Unable to find TEXTure file weapon_body Diffuse Color.png. Tried:
 - D:\Git\Source files\Textures\weapon_body Diffuse Color.png
 - D:/Git/Source files/Textures\weapon_body Diffuse Color.png
 - D:/Git/Source files/weapon_body Diffuse Color.png
[2017.10.12-06.52.59:824][353]LogMaterial: Missing cached shader map for material weapon_body, compiling. 
[2017.10.12-06.53.00:097][353]LogLinker:Warning: Can't find file '/Game/FirstPerson/weapon_body2'
[2017.10.12-06.53.00:097][353]LogLinker:Warning: Can't find file '/Game/FirstPerson/weapon_body2'
[2017.10.12-06.53.00:102][353]LogLinker:Warning: Can't find file '/Game/FirstPerson/weapon_body_Diffuse_Color'
[2017.10.12-06.53.00:102][353]LogUObjectGlobals:Warning: Failed to find object 'Texture /Game/FirstPerson/weapon_body_Diffuse_Color.weapon_body_Diffuse_Color'
[2017.10.12-06.53.00:102][353]LogStreaming:Warning: Failed to read file 'D:\Git\Source files\Textures\weapon_body Diffuse Color.png' error.
[2017.10.12-06.53.00:103][353]LogStreaming:Warning: Failed to read file 'D:/Git/Source files/Textures\weapon_body Diffuse Color.png' error.
[2017.10.12-06.53.00:103][353]LogStreaming:Warning: Failed to read file 'D:/Git/Source files/weapon_body Diffuse Color.png' error.
[2017.10.12-06.53.00:103][353]LogFbxMaterialImport:Warning: Unable to find TEXTure file weapon_body Diffuse Color.png. Tried:
 - D:\Git\Source files\Textures\weapon_body Diffuse Color.png
 - D:/Git/Source files/Textures\weapon_body Diffuse Color.png
 - D:/Git/Source files/weapon_body Diffuse Color.png
[2017.10.12-06.53.00:125][353]LogMaterial: Missing cached shader map for material weapon_body2, compiling. 
[2017.10.12-06.53.00:399][353]LogLinker:Warning: Can't find file '/Game/FirstPerson/grip'
[2017.10.12-06.53.00:399][353]LogLinker:Warning: Can't find file '/Game/FirstPerson/grip'
[2017.10.12-06.53.00:408][353]LogMaterial: Missing cached shader map for material grip, compiling. 
[2017.10.12-06.53.00:474][353]LogFbx: Triangulating skeletal mesh weapon
[2017.10.12-06.53.02:461][353]LogFbx:Warning: Bones digested - 11  Depth of hierarchy - 5
[2017.10.12-06.53.02:922][353]LogSkeletalMesh: Section 0: 26 vertices, 1 active bones
[2017.10.12-06.53.02:923][353]LogSkeletalMesh: Section 1: 1949 vertices, 2 active bones
[2017.10.12-06.53.02:923][353]LogSkeletalMesh: Section 2: 917 vertices, 1 active bones
[2017.10.12-06.53.02:924][353]LogSkeletalMesh: Section 3: 1710 vertices, 1 active bones
[2017.10.12-06.53.02:924][353]LogSkeletalMesh: Section 4: 1990 vertices, 3 active bones
[2017.10.12-06.53.02:946][353]LogSkeletalMesh: Section 0: Material=0, 16 triangles
[2017.10.12-06.53.02:947][353]LogSkeletalMesh: Section 1: Material=1, 1110 triangles
[2017.10.12-06.53.02:947][353]LogSkeletalMesh: Section 2: Material=2, 356 triangles
[2017.10.12-06.53.02:947][353]LogSkeletalMesh: Section 3: Material=3, 628 triangles
[2017.10.12-06.53.02:947][353]LogSkeletalMesh: Section 4: Material=4, 720 triangles
[2017.10.12-06.53.02:983][353]LogLinker:Warning: Can't find file '/Game/FirstPerson/NEWweapon_PhysicsAsset'
[2017.10.12-06.53.02:983][353]LogLinker:Warning: Can't find file '/Game/FirstPerson/NEWweapon_PhysicsAsset'
[2017.10.12-06.53.02:983][353]LogUObjectGlobals:Warning: Failed to find object 'Object /Game/FirstPerson/NEWweapon_PhysicsAsset.NEWweapon_PhysicsAsset'
[2017.10.12-06.53.03:013][353]LogLinker:Warning: Can't find file '/Game/FirstPerson/NEWweapon_Skeleton'
[2017.10.12-06.53.03:013][353]LogLinker:Warning: Can't find file '/Game/FirstPerson/NEWweapon_Skeleton'
[2017.10.12-06.53.03:014][353]LogUObjectGlobals:Warning: Failed to find object 'Object /Game/FirstPerson/NEWweapon_Skeleton.NEWweapon_Skeleton'
[2017.10.12-06.53.03:052][353]FBXImport:Warning: Warning Warning: No smoothing group information was found in this FBX scene.  Please make sure to enable the 'Export Smoothing Groups' option in the FBX Exporter plug-in before exporting the file.  Even for tools that don't support smoothing groups, the FBX Exporter will generate appropriate smoothing data at export-time so that correct vertex normals can be inferred while importing. 
[2017.10.12-06.53.03:052][353]FBXImport:Warning: Warning The following bones are missing from the bind pose:
Slide_Bone_end  
Trigger_Bone_end  
Clip_Bone_end  
Ammo_end  

This can happen for bones that are not vert weighted. If they are not in the correct orientation after importing,
please set the "Use T0 as ref pose" option or add them to the bind pose and reimport the skeletal mesh. 
[2017.10.12-06.53.06:396][355]LogMaterial:Warning: Material /Game/FirstPerson/flaps.flaps needed to have new flag set bUsedWithSkeletalMesh !
[2017.10.12-06.53.06:426][355]LogMaterial: Missing cached shader map for material flaps, compiling. 
[2017.10.12-06.53.06:677][355]LogMaterial: 0.14 seconds spent updating 1 materials, 1 interfaces, 0 instances, 0 with static permutations.
[2017.10.12-06.53.06:732][355]LogMaterial:Warning: Material /Game/FirstPerson/guides.guides needed to have new flag set bUsedWithSkeletalMesh !
[2017.10.12-06.53.06:880][355]LogMaterial: Missing cached shader map for material guides, compiling. 
[2017.10.12-06.53.06:941][355]LogMaterial: 0.00 seconds spent updating 1 materials, 1 interfaces, 0 instances, 0 with static permutations.
[2017.10.12-06.53.06:941][355]LogMaterial:Warning: Material /Game/FirstPerson/weapon_body.weapon_body needed to have new flag set bUsedWithSkeletalMesh !
[2017.10.12-06.53.06:947][355]LogMaterial: Missing cached shader map for material weapon_body, compiling. 
[2017.10.12-06.53.07:007][355]LogMaterial: 0.00 seconds spent updating 1 materials, 1 interfaces, 0 instances, 0 with static permutations.
[2017.10.12-06.53.07:007][355]LogMaterial:Warning: Material /Game/FirstPerson/weapon_body2.weapon_body2 needed to have new flag set bUsedWithSkeletalMesh !
[2017.10.12-06.53.07:101][355]LogMaterial: Missing cached shader map for material weapon_body2, compiling. 
[2017.10.12-06.53.07:162][355]LogMaterial: 0.00 seconds spent updating 1 materials, 1 interfaces, 0 instances, 0 with static permutations.
[2017.10.12-06.53.07:162][355]LogMaterial:Warning: Material /Game/FirstPerson/grip.grip needed to have new flag set bUsedWithSkeletalMesh !
[2017.10.12-06.53.07:237][355]LogMaterial: Missing cached shader map for material grip, compiling. 
[2017.10.12-06.53.07:299][355]LogMaterial: 0.00 seconds spent updating 1 materials, 1 interfaces, 0 instances, 0 with static permutations.
[2017.10.12-06.53.37:942][732]LogSkeletalMesh: InitArticulated: Bodies already created (/Engine/Transient.DebugSkelMeshComponent_0) - call TermArticulated first.
[2017.10.12-06.57.24:843][271]LogFactory: FactoryCreateFile: StaticMesh with FbxFactory (0 0 D:/Git/Source files/NEWweapon.fbx)
[2017.10.12-06.57.25:069][271]LogFbx: ItemName: GlobalSettings, ItemCount : 1
[2017.10.12-06.57.25:069][271]LogFbx: ItemName: NodeAttribute, ItemCount : 7
[2017.10.12-06.57.25:069][271]LogFbx: ItemName: Geometry, ItemCount : 1
[2017.10.12-06.57.25:080][271]LogFbx: ItemName: Model, ItemCount : 8
[2017.10.12-06.57.25:080][271]LogFbx: ItemName: Pose, ItemCount : 1
[2017.10.12-06.57.25:080][271]LogFbx: ItemName: Deformer, ItemCount : 6
[2017.10.12-06.57.25:080][271]LogFbx: ItemName: Material, ItemCount : 5
[2017.10.12-06.57.25:080][271]LogFbx: ItemName: Texture, ItemCount : 4
[2017.10.12-06.57.25:080][271]LogFbx: ItemName: Video, ItemCount : 1
[2017.10.12-06.57.25:172][271]LogFbx: Loading FBX Scene from D:/Git/Source files/NEWweapon.fbx
[2017.10.12-06.57.25:238][271]LogFbx: FBX Scene Loaded Succesfully
[2017.10.12-06.57.55:721][271]LogFbx: Loading FBX Scene from D:/Git/Source files/NEWweapon.fbx
[2017.10.12-06.57.55:755][271]LogFbx: FBX Scene Loaded Succesfully
[2017.10.12-06.57.55:761][271]LogFbx: =================================================
[2017.10.12-06.57.55:761][271]LogFbx: Dumping Node START [weapon] 
[2017.10.12-06.57.55:761][271]LogFbx: 	Total Deformer Count 1006171576.
[2017.10.12-06.57.55:761][271]LogFbx: 		[Node 1] Root_Bone (Type Skin).
[2017.10.12-06.57.55:761][271]LogFbx: =================================================
[2017.10.12-06.57.55:762][271]LogFbx: 	Attribute (weapon.001) Type (4).
[2017.10.12-06.57.55:762][271]LogFbx: 		[Node Attribute Child 1] weapon (Type Mesh).
[2017.10.12-06.57.55:762][271]LogFbx: Dumping Node END [weapon]
[2017.10.12-06.57.55:762][271]LogFbx: =================================================
[2017.10.12-06.57.55:762][271]LogFbx: Dumping Node START [weapon] 
[2017.10.12-06.57.55:762][271]LogFbx: 	Total Deformer Count 1006162840.
[2017.10.12-06.57.55:762][271]LogFbx: 		[Node 1] Root_Bone (Type Skin).
[2017.10.12-06.57.55:762][271]LogFbx: =================================================
[2017.10.12-06.57.55:762][271]LogFbx: 	Attribute (weapon.001) Type (4).
[2017.10.12-06.57.55:762][271]LogFbx: 		[Node Attribute Child 1] weapon (Type Mesh).
[2017.10.12-06.57.55:762][271]LogFbx: Dumping Node END [weapon]
[2017.10.12-06.57.55:781][271]LogFbx: Valid bind pose for Pose (weapon.001) - weapon
[2017.10.12-06.57.55:782][271]LogFbx: Triangulating skeletal mesh weapon
[2017.10.12-06.57.57:392][271]LogUObjectHash:Warning: Ambiguous search, could be Material /Game/FirstPerson/Textures/flaps.flaps or Material /Game/FirstPerson/flaps.flaps
[2017.10.12-06.57.57:392][271]LogUObjectHash:Warning: Ambiguous search, could be Material /Game/FirstPerson/Textures/guides.guides or Material /Game/FirstPerson/guides.guides
[2017.10.12-06.57.57:392][271]LogUObjectHash:Warning: Ambiguous search, could be Material /Game/FirstPerson/Textures/weapon_body.weapon_body or Material /Game/FirstPerson/weapon_body.weapon_body
[2017.10.12-06.57.57:402][271]LogFbx:Warning: Bones digested - 11  Depth of hierarchy - 5
[2017.10.12-06.57.57:508][271]LogSkeletalMesh: Section 0: 26 vertices, 1 active bones
[2017.10.12-06.57.57:508][271]LogSkeletalMesh: Section 1: 2283 vertices, 2 active bones
[2017.10.12-06.57.57:508][271]LogSkeletalMesh: Section 2: 780 vertices, 1 active bones
[2017.10.12-06.57.57:509][271]LogSkeletalMesh: Section 3: 1809 vertices, 1 active bones
[2017.10.12-06.57.57:509][271]LogSkeletalMesh: Section 4: 2128 vertices, 3 active bones
[2017.10.12-06.57.57:537][271]LogSkeletalMesh: Section 0: Material=0, 16 triangles
[2017.10.12-06.57.57:537][271]LogSkeletalMesh: Section 1: Material=1, 1110 triangles
[2017.10.12-06.57.57:537][271]LogSkeletalMesh: Section 2: Material=2, 356 triangles
[2017.10.12-06.57.57:537][271]LogSkeletalMesh: Section 3: Material=3, 628 triangles
[2017.10.12-06.57.57:537][271]LogSkeletalMesh: Section 4: Material=4, 720 triangles
[2017.10.12-06.57.57:593][271]FBXImport:Warning: Warning Warning: No smoothing group information was found in this FBX scene.  Please make sure to enable the 'Export Smoothing Groups' option in the FBX Exporter plug-in before exporting the file.  Even for tools that don't support smoothing groups, the FBX Exporter will generate appropriate smoothing data at export-time so that correct vertex normals can be inferred while importing. 
[2017.10.12-06.57.57:594][271]FBXImport:Warning: Warning The following bones are missing from the bind pose:
Slide_Bone_end  
Trigger_Bone_end  
Clip_Bone_end  
Ammo_end  

This can happen for bones that are not vert weighted. If they are not in the correct orientation after importing,
please set the "Use T0 as ref pose" option or add them to the bind pose and reimport the skeletal mesh. 
[2017.10.12-07.01.07:507][506]LogSkeletalMesh: InitArticulated: Bodies already created (/Engine/Transient.DebugSkelMeshComponent_1) - call TermArticulated first.
[2017.10.12-07.01.40:931][653]LogD3D11RHI: Timed out while waiting for GPU to catch up. (0.5 s)
[2017.10.12-07.01.41:601][654]LogD3D11RHI: Timed out while waiting for GPU to catch up. (0.5 s)
[2017.10.12-07.01.42:105][655]LogD3D11RHI: Timed out while waiting for GPU to catch up. (0.5 s)
[2017.10.12-07.01.42:695][656]LogD3D11RHI: Timed out while waiting for GPU to catch up. (500 ms)
[2017.10.12-07.01.46:861][680]LogD3D11RHI: Timed out while waiting for GPU to catch up. (0.5 s)
[2017.10.12-07.01.47:370][680]LogD3D11RHI: Timed out while waiting for GPU to catch up. (0.5 s)
[2017.10.12-07.01.56:525][272]LogD3D11RHI: Timed out while waiting for GPU to catch up. (0.5 s)
[2017.10.12-07.01.57:032][273]LogD3D11RHI: Timed out while waiting for GPU to catch up. (0.5 s)
[2017.10.12-07.02.07:435][847]LogSkeletalMesh: InitArticulated: Bodies already created (/Engine/Transient.DebugSkelMeshComponent_2) - call TermArticulated first.
[2017.10.12-07.02.09:580][847]LogContentBrowser:Verbose: The majority of assets in the view are of type: AnimSequence
[2017.10.12-07.02.18:178][971]LogRenderer: Reallocating scene render targets to support 1208x872 (Frame:65506).
[2017.10.12-07.03.53:245][164]LogD3D11RHI: Timed out while waiting for GPU to catch up. (0.5 s)
[2017.10.12-07.03.53:749][165]LogD3D11RHI: Timed out while waiting for GPU to catch up. (0.5 s)
[2017.10.12-07.06.16:796][845]LogEditorTransaction: Undo Rotate Socket
[2017.10.12-07.06.24:244][ 13]LogRenderer: Reallocating scene render targets to support 1208x908 (Frame:72757).
[2017.10.12-07.06.24:244][ 13]LogContentBrowser:Verbose: The majority of assets in the view are of type: AnimSequence
[2017.10.12-07.06.31:096][ 78]LogAnimationCompression: Building Anim DDC data for AnimSequence /Game/AnimStarterPack/Aim_Space_Ironsights.Aim_Space_Ironsights
[2017.10.12-07.06.35:447][124]LogAnimationCompression: Building Anim DDC data for AnimSequence /Game/AnimStarterPack/Crouch_Idle_Rifle_Ironsights.Crouch_Idle_Rifle_Ironsights
[2017.10.12-07.06.35:480][124]LogAnimationCompression: Building Anim DDC data for AnimSequence /Game/AnimStarterPack/Crouch_Walk_Bwd_Rifle_Ironsights.Crouch_Walk_Bwd_Rifle_Ironsights
[2017.10.12-07.06.35:739][125]LogAnimationCompression: Building Anim DDC data for AnimSequence /Game/AnimStarterPack/Crouch_Walk_Fwd_Rifle_Ironsights.Crouch_Walk_Fwd_Rifle_Ironsights
[2017.10.12-07.07.57:165][478]LogD3D11RHI: Timed out while waiting for GPU to catch up. (0.5 s)
[2017.10.12-07.07.57:665][478]LogD3D11RHI: Timed out while waiting for GPU to catch up. (500 ms)
[2017.10.12-07.08.00:392][478]Cmd: OBJ SAVEPACKAGE PACKAGE="/Game/AnimStarterPack/UE4_Mannequin/Mesh/UE4_Mannequin_Skeleton" FILE="D:/Git/Loneliness/Content/AnimStarterPack/UE4_Mannequin/Mesh/UE4_Mannequin_Skeleton.uasset" SILENT=true
[2017.10.12-07.08.03:259][478]LogSavePackage: Save=1842.60ms
[2017.10.12-07.08.03:259][478]LogSavePackage: Moving 'D:/Git/Loneliness/Saved/UE4_Mannequin_Skeleton506FB5A74DCD05ED0C439DB9E8F2011A.tmp' to 'D:/Git/Loneliness/Content/AnimStarterPack/UE4_Mannequin/Mesh/UE4_Mannequin_Skeleton.uasset'
[2017.10.12-07.08.03:294][478]LogSavePackage:Display: Finished SavePackage D:/Git/Loneliness/Content/AnimStarterPack/UE4_Mannequin/Mesh/UE4_Mannequin_Skeleton.uasset
[2017.10.12-07.08.03:603][478]Cmd: OBJ SAVEPACKAGE PACKAGE="/Game/AnimStarterPack/UE4_Mannequin/Mesh/SK_Mannequin" FILE="D:/Git/Loneliness/Content/AnimStarterPack/UE4_Mannequin/Mesh/SK_Mannequin.uasset" SILENT=true
[2017.10.12-07.08.04:237][478]LogSavePackage: Save=251.83ms
[2017.10.12-07.08.04:255][478]LogSavePackage: Moving 'D:/Git/Loneliness/Saved/SK_Mannequin851F48A3469DED1C58274488F20F210B.tmp' to 'D:/Git/Loneliness/Content/AnimStarterPack/UE4_Mannequin/Mesh/SK_Mannequin.uasset'
[2017.10.12-07.08.04:258][478]LogSavePackage:Display: Finished SavePackage D:/Git/Loneliness/Content/AnimStarterPack/UE4_Mannequin/Mesh/SK_Mannequin.uasset
[2017.10.12-07.08.04:808][478]Cmd: OBJ SAVEPACKAGE PACKAGE="/Game/FirstPerson/NEWweapon" FILE="D:/Git/Loneliness/Content/FirstPerson/NEWweapon.uasset" SILENT=true
[2017.10.12-07.08.04:905][478]LogSavePackage: Save=92.45ms
[2017.10.12-07.08.04:905][478]LogSavePackage: Moving 'D:/Git/Loneliness/Saved/NEWweaponF27B62D9423617D4B1B4FEA503EA31C5.tmp' to 'D:/Git/Loneliness/Content/FirstPerson/NEWweapon.uasset'
[2017.10.12-07.08.04:908][478]LogSavePackage:Display: Finished SavePackage D:/Git/Loneliness/Content/FirstPerson/NEWweapon.uasset
[2017.10.12-07.08.05:793][478]Cmd: OBJ SAVEPACKAGE PACKAGE="/Game/FirstPerson/flaps" FILE="D:/Git/Loneliness/Content/FirstPerson/flaps.uasset" SILENT=true
[2017.10.12-07.08.05:877][478]LogSavePackage: Save=78.43ms
[2017.10.12-07.08.05:877][478]LogSavePackage: Moving 'D:/Git/Loneliness/Saved/flapsB90CB3DA45575603B19C8484CE4B144B.tmp' to 'D:/Git/Loneliness/Content/FirstPerson/flaps.uasset'
[2017.10.12-07.08.05:879][478]LogSavePackage:Display: Finished SavePackage D:/Git/Loneliness/Content/FirstPerson/flaps.uasset
[2017.10.12-07.08.06:198][478]Cmd: OBJ SAVEPACKAGE PACKAGE="/Game/FirstPerson/guides" FILE="D:/Git/Loneliness/Content/FirstPerson/guides.uasset" SILENT=true
[2017.10.12-07.08.06:226][478]LogSavePackage: Save=23.21ms
[2017.10.12-07.08.06:226][478]LogSavePackage: Moving 'D:/Git/Loneliness/Saved/guidesBD497C6B41A29CB11D111280CD468111.tmp' to 'D:/Git/Loneliness/Content/FirstPerson/guides.uasset'
[2017.10.12-07.08.06:228][478]LogSavePackage:Display: Finished SavePackage D:/Git/Loneliness/Content/FirstPerson/guides.uasset
[2017.10.12-07.08.06:328][478]Cmd: OBJ SAVEPACKAGE PACKAGE="/Game/FirstPerson/weapon_body" FILE="D:/Git/Loneliness/Content/FirstPerson/weapon_body.uasset" SILENT=true
[2017.10.12-07.08.06:396][478]LogSavePackage: Save=64.55ms
[2017.10.12-07.08.06:396][478]LogSavePackage: Moving 'D:/Git/Loneliness/Saved/weapon_body0E95484A4E81681DE7BB2493101CD445.tmp' to 'D:/Git/Loneliness/Content/FirstPerson/weapon_body.uasset'
[2017.10.12-07.08.06:398][478]LogSavePackage:Display: Finished SavePackage D:/Git/Loneliness/Content/FirstPerson/weapon_body.uasset
[2017.10.12-07.08.06:462][478]Cmd: OBJ SAVEPACKAGE PACKAGE="/Game/FirstPerson/weapon_body2" FILE="D:/Git/Loneliness/Content/FirstPerson/weapon_body2.uasset" SILENT=true
[2017.10.12-07.08.06:487][478]LogSavePackage: Save=21.35ms
[2017.10.12-07.08.06:487][478]LogSavePackage: Moving 'D:/Git/Loneliness/Saved/weapon_body2D87DBB3842D3D06E54B1B38164DB1225.tmp' to 'D:/Git/Loneliness/Content/FirstPerson/weapon_body2.uasset'
[2017.10.12-07.08.06:489][478]LogSavePackage:Display: Finished SavePackage D:/Git/Loneliness/Content/FirstPerson/weapon_body2.uasset
[2017.10.12-07.08.06:550][478]Cmd: OBJ SAVEPACKAGE PACKAGE="/Game/FirstPerson/grip" FILE="D:/Git/Loneliness/Content/FirstPerson/grip.uasset" SILENT=true
[2017.10.12-07.08.06:575][478]LogSavePackage: Save=22.27ms
[2017.10.12-07.08.06:575][478]LogSavePackage: Moving 'D:/Git/Loneliness/Saved/grip1CED3DB741B760F89BF6AF81AC5BFEE0.tmp' to 'D:/Git/Loneliness/Content/FirstPerson/grip.uasset'
[2017.10.12-07.08.06:578][478]LogSavePackage:Display: Finished SavePackage D:/Git/Loneliness/Content/FirstPerson/grip.uasset
[2017.10.12-07.08.06:585][478]Cmd: OBJ SAVEPACKAGE PACKAGE="/Game/FirstPerson/NEWweapon_PhysicsAsset" FILE="D:/Git/Loneliness/Content/FirstPerson/NEWweapon_PhysicsAsset.uasset" SILENT=true
[2017.10.12-07.08.06:619][478]LogSavePackage: Save=29.31ms
[2017.10.12-07.08.06:619][478]LogSavePackage: Moving 'D:/Git/Loneliness/Saved/NEWweapon_PhysicsAsset25D6D57C4D681A7EB1CB109B07259B82.tmp' to 'D:/Git/Loneliness/Content/FirstPerson/NEWweapon_PhysicsAsset.uasset'
[2017.10.12-07.08.06:621][478]LogSavePackage:Display: Finished SavePackage D:/Git/Loneliness/Content/FirstPerson/NEWweapon_PhysicsAsset.uasset
[2017.10.12-07.08.06:646][478]Cmd: OBJ SAVEPACKAGE PACKAGE="/Game/FirstPerson/NEWweapon_Skeleton" FILE="D:/Git/Loneliness/Content/FirstPerson/NEWweapon_Skeleton.uasset" SILENT=true
[2017.10.12-07.08.06:651][478]LogSavePackage: Save=2.34ms
[2017.10.12-07.08.06:651][478]LogSavePackage: Moving 'D:/Git/Loneliness/Saved/NEWweapon_Skeleton368591104630CC175C96C5865447A648.tmp' to 'D:/Git/Loneliness/Content/FirstPerson/NEWweapon_Skeleton.uasset'
[2017.10.12-07.08.06:654][478]LogSavePackage:Display: Finished SavePackage D:/Git/Loneliness/Content/FirstPerson/NEWweapon_Skeleton.uasset
[2017.10.12-07.08.07:357][481]LogD3D11RHI: Timed out while waiting for GPU to catch up. (0.5 s)
[2017.10.12-07.08.09:502][535]LogD3D11RHI: Timed out while waiting for GPU to catch up. (0.5 s)
[2017.10.12-07.08.10:015][536]LogD3D11RHI: Timed out while waiting for GPU to catch up. (0.5 s)
[2017.10.12-07.08.11:413][537]LogD3D11RHI: Timed out while waiting for GPU to catch up. (0.5 s)
[2017.10.12-07.08.17:463][666]Cmd: QUIT_EDITOR
[2017.10.12-07.08.19:095][666]LogExit: Preparing to exit.
[2017.10.12-07.08.38:120][666]LogExit: Editor shut down
[2017.10.12-07.08.38:122][666]LogExit: Transaction tracking system shut down
[2017.10.12-07.08.50:003][666]LogObj: Freed 0b from 0 cluster array pools.
[2017.10.12-07.08.50:077][666]LogExit: Object subsystem successfully closed.
[2017.10.12-07.08.53:583][666]LogD3D11RHI: Shutdown
[2017.10.12-07.08.53:607][666]LogD3D11RHI: CleanupD3DDevice
[2017.10.12-07.08.56:198][666]LogD3D11RHI: ~FD3D11DynamicRHI
[2017.10.12-07.09.01:056][666]LogModuleManager: Shutting down and abandoning module HierarchicalLODOutliner (234)
[2017.10.12-07.09.01:093][666]LogModuleManager: Shutting down and abandoning module CrashTracker (233)
[2017.10.12-07.09.01:157][666]LogModuleManager: Shutting down and abandoning module SceneOutliner (232)
[2017.10.12-07.09.01:157][666]LogModuleManager: Shutting down and abandoning module WorldBrowser (231)
[2017.10.12-07.09.01:178][666]LogModuleManager: Shutting down and abandoning module WidgetCarousel (230)
[2017.10.12-07.09.01:178][666]LogModuleManager: Shutting down and abandoning module AddContentDialog (229)
[2017.10.12-07.09.01:426][666]LogDirectoryWatcher: A directory notification for 'C:/Program Files/Epic Games/UE_4.13/FeaturePacks/' was aborted.
[2017.10.12-07.09.02:183][666]LogModuleManager: Shutting down and abandoning module GameplayTags (228)
[2017.10.12-07.09.02:193][666]LogModuleManager: Shutting down and abandoning module EditorWidgets (227)
[2017.10.12-07.09.02:193][666]LogModuleManager: Shutting down and abandoning module CollectionManager (226)
[2017.10.12-07.09.02:236][666]LogDirectoryWatcher: A directory notification for 'D:/Git/Loneliness/Content/Collections/' was aborted.
[2017.10.12-07.09.02:236][666]LogDirectoryWatcher: A directory notification for 'D:/Git/Loneliness/Content/Developers/Администратор/Collections/' was aborted.
[2017.10.12-07.09.02:236][666]LogDirectoryWatcher: A directory notification for 'D:/Git/Loneliness/Saved/Collections/' was aborted.
[2017.10.12-07.09.02:265][666]LogModuleManager: Shutting down and abandoning module StatsViewer (225)
[2017.10.12-07.09.02:363][666]LogModuleManager: Shutting down and abandoning module FoliageEdit (224)
[2017.10.12-07.09.02:383][666]LogModuleManager: Shutting down and abandoning module LandscapeEditor (223)
[2017.10.12-07.09.02:434][666]LogModuleManager: Shutting down and abandoning module SceneDepthPickerMode (222)
[2017.10.12-07.09.02:434][666]LogModuleManager: Shutting down and abandoning module ActorPickerMode (221)
[2017.10.12-07.09.02:434][666]LogModuleManager: Shutting down and abandoning module GeometryMode (220)
[2017.10.12-07.09.02:434][666]LogModuleManager: Shutting down and abandoning module TextureAlignMode (219)
[2017.10.12-07.09.02:434][666]LogModuleManager: Shutting down and abandoning module BspMode (218)
[2017.10.12-07.09.02:458][666]LogModuleManager: Shutting down and abandoning module HardwareSurvey (217)
[2017.10.12-07.09.02:487][666]LogModuleManager: Shutting down and abandoning module SequenceRecorderSections (216)
[2017.10.12-07.09.02:487][666]LogModuleManager: Shutting down and abandoning module SequenceRecorder (215)
[2017.10.12-07.09.02:576][666]LogModuleManager: Shutting down and abandoning module AutomationWorker (214)
[2017.10.12-07.09.02:609][666]LogModuleManager: Shutting down and abandoning module MatineeToLevelSequence (213)
[2017.10.12-07.09.02:644][666]LogModuleManager: Shutting down and abandoning module PlacementMode (212)
[2017.10.12-07.09.02:695][666]LogModuleManager: Shutting down and abandoning module LevelSequenceEditor (211)
[2017.10.12-07.09.02:836][666]LogModuleManager: Shutting down and abandoning module WmfMediaFactory (210)
[2017.10.12-07.09.02:836][666]LogModuleManager: Shutting down and abandoning module WmfMediaEditor (209)
[2017.10.12-07.09.02:836][666]LogModuleManager: Shutting down and abandoning module AvfMediaFactory (208)
[2017.10.12-07.09.02:836][666]LogModuleManager: Shutting down and abandoning module AvfMediaEditor (207)
[2017.10.12-07.09.02:836][666]LogModuleManager: Shutting down and abandoning module Media (206)
[2017.10.12-07.09.02:836][666]LogModuleManager: Shutting down and abandoning module AndroidMediaFactory (205)
[2017.10.12-07.09.02:836][666]LogModuleManager: Shutting down and abandoning module AndroidMediaEditor (204)
[2017.10.12-07.09.02:836][666]LogModuleManager: Shutting down and abandoning module CharacterAI (203)
[2017.10.12-07.09.02:836][666]LogModuleManager: Shutting down and abandoning module SmartSnapping (202)
[2017.10.12-07.09.02:836][666]LogModuleManager: Shutting down and abandoning module SessionServices (201)
[2017.10.12-07.09.02:836][666]LogModuleManager: Shutting down and abandoning module ViewportSnapping (200)
[2017.10.12-07.09.02:836][666]LogModuleManager: Shutting down and abandoning module ViewportInteraction (199)
[2017.10.12-07.09.02:836][666]LogModuleManager: Shutting down and abandoning module LogVisualizer (198)
[2017.10.12-07.09.02:910][666]LogModuleManager: Shutting down and abandoning module GameProjectGeneration (197)
[2017.10.12-07.09.03:020][666]LogModuleManager: Shutting down and abandoning module IntroTutorials (196)
[2017.10.12-07.09.03:063][666]LogModuleManager: Shutting down and abandoning module EditorLiveStreaming (195)
[2017.10.12-07.09.03:063][666]LogModuleManager: Shutting down and abandoning module IOSPlatformEditor (194)
[2017.10.12-07.09.03:130][666]LogModuleManager: Shutting down and abandoning module HTML5PlatformEditor (193)
[2017.10.12-07.09.03:130][666]LogModuleManager: Shutting down and abandoning module AndroidDeviceDetection (192)
[2017.10.12-07.09.03:302][666]LogModuleManager: Shutting down and abandoning module AndroidPlatformEditor (191)
[2017.10.12-07.09.03:336][666]LogModuleManager: Shutting down and abandoning module IOSRuntimeSettings (190)
[2017.10.12-07.09.03:336][666]LogModuleManager: Shutting down and abandoning module AndroidRuntimeSettings (189)
[2017.10.12-07.09.03:336][666]LogModuleManager: Shutting down and abandoning module NiagaraEditor (188)
[2017.10.12-07.09.03:411][666]LogModuleManager: Shutting down and abandoning module MergeActors (187)
[2017.10.12-07.09.03:417][666]LogModuleManager: Shutting down and abandoning module SizeMap (186)
[2017.10.12-07.09.03:474][666]LogModuleManager: Shutting down and abandoning module TreeMap (185)
[2017.10.12-07.09.03:535][666]LogModuleManager: Shutting down and abandoning module ReferenceViewer (184)
[2017.10.12-07.09.03:535][666]LogModuleManager: Shutting down and abandoning module LocalizationService (183)
[2017.10.12-07.09.03:558][666]LogModuleManager: Shutting down and abandoning module LocalizationDashboard (182)
[2017.10.12-07.09.03:607][666]LogModuleManager: Shutting down and abandoning module HardwareTargeting (181)
[2017.10.12-07.09.03:615][666]LogModuleManager: Shutting down and abandoning module DeviceProfileEditor (180)
[2017.10.12-07.09.03:633][666]LogModuleManager: Shutting down and abandoning module UndoHistory (179)
[2017.10.12-07.09.03:641][666]LogModuleManager: Shutting down and abandoning module UserFeedback (178)
[2017.10.12-07.09.03:641][666]LogModuleManager: Shutting down and abandoning module XmlParser (177)
[2017.10.12-07.09.03:647][666]LogModuleManager: Shutting down and abandoning module Blutility (176)
[2017.10.12-07.09.03:675][666]LogModuleManager: Shutting down and abandoning module ProjectTargetPlatformEditor (175)
[2017.10.12-07.09.03:704][666]LogModuleManager: Shutting down and abandoning module ProjectSettingsViewer (174)
[2017.10.12-07.09.03:704][666]LogModuleManager: Shutting down and abandoning module InputBindingEditor (173)
[2017.10.12-07.09.03:804][666]LogModuleManager: Shutting down and abandoning module EditorSettingsViewer (172)
[2017.10.12-07.09.03:804][666]LogModuleManager: Shutting down and abandoning module SettingsEditor (171)
[2017.10.12-07.09.03:870][666]LogModuleManager: Shutting down and abandoning module ProjectLauncher (170)
[2017.10.12-07.09.03:929][666]LogModuleManager: Shutting down and abandoning module SessionFrontend (169)
[2017.10.12-07.09.03:948][666]LogModuleManager: Shutting down and abandoning module ProfilerClient (168)
[2017.10.12-07.09.03:982][666]LogModuleManager: Shutting down and abandoning module TargetDeviceServices (167)
[2017.10.12-07.09.03:982][666]LogModuleManager: Shutting down and abandoning module DeviceManager (166)
[2017.10.12-07.09.04:065][666]LogModuleManager: Shutting down and abandoning module AutomationController (165)
[2017.10.12-07.09.04:115][666]LogModuleManager: Shutting down and abandoning module AutomationWindow (164)
[2017.10.12-07.09.04:150][666]LogModuleManager: Shutting down and abandoning module Layers (163)
[2017.10.12-07.09.04:213][666]LogModuleManager: Shutting down and abandoning module ComponentVisualizers (162)
[2017.10.12-07.09.04:213][666]LogModuleManager: Shutting down and abandoning module DetailCustomizations (161)
[2017.10.12-07.09.04:244][666]LogModuleManager: Shutting down and abandoning module PackagesDialog (160)
[2017.10.12-07.09.04:250][666]LogModuleManager: Shutting down and abandoning module AnimGraph (159)
[2017.10.12-07.09.04:319][666]LogModuleManager: Shutting down and abandoning module Persona (158)
[2017.10.12-07.09.04:378][666]LogModuleManager: Shutting down and abandoning module Kismet (157)
[2017.10.12-07.09.04:493][666]LogModuleManager: Shutting down and abandoning module GraphEditor (156)
[2017.10.12-07.09.04:844][666]LogModuleManager: Shutting down and abandoning module ClassViewer (155)
[2017.10.12-07.09.05:001][666]LogModuleManager: Shutting down and abandoning module Toolbox (154)
[2017.10.12-07.09.05:017][666]LogModuleManager: Shutting down and abandoning module ModuleUI (153)
[2017.10.12-07.09.05:042][666]LogModuleManager: Shutting down and abandoning module MovieSceneTools (152)
[2017.10.12-07.09.05:085][666]LogModuleManager: Shutting down and abandoning module OutputLog (151)
[2017.10.12-07.09.05:098][666]LogModuleManager: Shutting down and abandoning module GammaUI (150)
[2017.10.12-07.09.05:119][666]LogModuleManager: Shutting down and abandoning module Documentation (149)
[2017.10.12-07.09.05:138][666]LogModuleManager: Shutting down and abandoning module Niagara (148)
[2017.10.12-07.09.05:186][666]LogModuleManager: Shutting down and abandoning module StreamingPauseRendering (147)
[2017.10.12-07.09.05:186][666]LogModuleManager: Shutting down and abandoning module AnalyticsET (146)
[2017.10.12-07.09.05:186][666]LogModuleManager: Shutting down and abandoning module PortalServices (145)
[2017.10.12-07.09.05:186][666]LogModuleManager: Shutting down and abandoning module PortalRpc (144)
[2017.10.12-07.09.05:186][666]LogModuleManager: Shutting down and abandoning module MessagingRpc (143)
[2017.10.12-07.09.05:186][666]LogModuleManager: Shutting down and abandoning module GameplayDebugger (142)
[2017.10.12-07.09.05:310][666]LogModuleManager: Shutting down and abandoning module AITestSuite (141)
[2017.10.12-07.09.05:362][666]LogModuleManager: Shutting down and abandoning module AIModule (140)
[2017.10.12-07.09.05:362][666]LogModuleManager: Shutting down and abandoning module ProfilerService (139)
[2017.10.12-07.09.05:522][666]LogModuleManager: Shutting down and abandoning module TaskGraph (138)
[2017.10.12-07.09.05:753][666]LogModuleManager: Shutting down and abandoning module SlateRemote (137)
[2017.10.12-07.09.05:753][666]LogModuleManager: Shutting down and abandoning module SteamVRController (136)
[2017.10.12-07.09.05:753][666]LogModuleManager: Shutting down and abandoning module SteamVR (135)
[2017.10.12-07.09.05:753][666]LogModuleManager: Shutting down and abandoning module ProceduralMeshComponentEditor (134)
[2017.10.12-07.09.05:779][666]LogModuleManager: Shutting down and abandoning module ProceduralMeshComponent (133)
[2017.10.12-07.09.05:779][666]LogModuleManager: Shutting down and abandoning module OculusLibrary (132)
[2017.10.12-07.09.05:779][666]LogModuleManager: Shutting down and abandoning module OculusInput (131)
[2017.10.12-07.09.05:779][666]LogModuleManager: Shutting down and abandoning module CustomMeshComponent (130)
[2017.10.12-07.09.05:779][666]LogModuleManager: Shutting down and abandoning module CableComponent (129)
[2017.10.12-07.09.05:819][666]LogModuleManager: Shutting down and abandoning module ArchVisCharacter (128)
[2017.10.12-07.09.05:819][666]LogModuleManager: Shutting down and abandoning module MediaPlayerEditor (126)
[2017.10.12-07.09.06:121][666]LogModuleManager: Shutting down and abandoning module HTML5Networking (125)
[2017.10.12-07.09.06:121][666]LogModuleManager: Shutting down and abandoning module GeometryCacheEd (124)
[2017.10.12-07.09.06:121][666]LogModuleManager: Shutting down and abandoning module GeometryCache (123)
[2017.10.12-07.09.06:121][666]LogModuleManager: Shutting down and abandoning module AlembicLibrary (122)
[2017.10.12-07.09.06:121][666]LogModuleManager: Shutting down and abandoning module AlembicImporter (121)
[2017.10.12-07.09.06:159][666]LogModuleManager: Shutting down and abandoning module SuperSearch (120)
[2017.10.12-07.09.06:159][666]LogModuleManager: Shutting down and abandoning module SuperSearchEditor (119)
[2017.10.12-07.09.06:160][666]LogModuleManager: Shutting down and abandoning module SpeedTreeImporter (118)
[2017.10.12-07.09.06:160][666]LogModuleManager: Shutting down and abandoning module PluginBrowser (117)
[2017.10.12-07.09.06:261][666]LogModuleManager: Shutting down and abandoning module MobileLauncherProfileWizard (116)
[2017.10.12-07.09.06:367][666]LogModuleManager: Shutting down and abandoning module EpicSurvey (115)
[2017.10.12-07.09.06:431][666]LogModuleManager: Shutting down and abandoning module DesktopPlatform (114)
[2017.10.12-07.09.06:480][666]LogModuleManager: Shutting down and abandoning module VisualStudioSourceCodeAccess (113)
[2017.10.12-07.09.06:506][666]LogModuleManager: Shutting down and abandoning module UObjectPlugin (112)
[2017.10.12-07.09.06:506][666]LogModuleManager: Shutting down and abandoning module SubversionSourceControl (111)
[2017.10.12-07.09.06:545][666]LogModuleManager: Shutting down and abandoning module PerforceSourceControl (110)
[2017.10.12-07.09.06:641][666]LogModuleManager: Shutting down and abandoning module SourceControl (109)
[2017.10.12-07.09.06:774][666]LogModuleManager: Shutting down and abandoning module GitSourceControl (108)
[2017.10.12-07.09.06:775][666]LogModuleManager: Shutting down and abandoning module LightPropagationVolumeEditor (107)
[2017.10.12-07.09.06:775][666]LogModuleManager: Shutting down and abandoning module PaperTiledImporter (106)
[2017.10.12-07.09.06:790][666]LogModuleManager: Shutting down and abandoning module PaperSpriteSheetImporter (105)
[2017.10.12-07.09.06:790][666]LogModuleManager: Shutting down and abandoning module MeshPaint (104)
[2017.10.12-07.09.06:790][666]LogModuleManager: Shutting down and abandoning module FbxAutomationBuilderModule (103)
[2017.10.12-07.09.06:836][666]LogModuleManager: Shutting down and abandoning module PixelInspectorModule (102)
[2017.10.12-07.09.06:868][666]LogModuleManager: Shutting down and abandoning module HotReload (101)
[2017.10.12-07.09.07:012][666]LogModuleManager: Shutting down and abandoning module MainFrame (100)
[2017.10.12-07.09.07:012][666]LogModuleManager: Shutting down and abandoning module LevelEditor (99)
[2017.10.12-07.09.07:169][666]LogModuleManager: Shutting down and abandoning module ContentBrowser (98)
[2017.10.12-07.09.07:633][666]LogModuleManager: Shutting down and abandoning module Paper2DEditor (97)
[2017.10.12-07.09.07:740][666]LogModuleManager: Shutting down and abandoning module UdpMessaging (96)
[2017.10.12-07.09.07:840][666]LogModuleManager: Shutting down and abandoning module TcpMessaging (95)
[2017.10.12-07.09.07:965][666]LogModuleManager: Shutting down and abandoning module LightPropagationVolumeRuntime (94)
[2017.10.12-07.09.07:965][666]LogModuleManager: Shutting down and abandoning module Paper2D (93)
[2017.10.12-07.09.07:990][666]LogModuleManager: Shutting down and abandoning module WindowsMoviePlayer (92)
[2017.10.12-07.09.08:008][666]LogModuleManager: Shutting down and abandoning module WmfMedia (91)
[2017.10.12-07.09.08:139][666]LogModuleManager: Shutting down and abandoning module MediaAssets (90)
[2017.10.12-07.09.08:139][666]LogModuleManager: Shutting down and abandoning module GameLiveStreaming (89)
[2017.10.12-07.09.08:146][666]LogModuleManager: Shutting down and abandoning module GameplayTagsEditor (88)
[2017.10.12-07.09.08:150][666]LogModuleManager: Shutting down and abandoning module VREditor (87)
[2017.10.12-07.09.08:150][666]LogModuleManager: Shutting down and abandoning module GameplayTasksEditor (86)
[2017.10.12-07.09.08:150][666]LogModuleManager: Shutting down and abandoning module PropertyEditor (85)
[2017.10.12-07.09.08:150][666]LogModuleManager: Shutting down and abandoning module BehaviorTreeEditor (84)
[2017.10.12-07.09.08:226][666]LogModuleManager: Shutting down and abandoning module FunctionalTesting (83)
[2017.10.12-07.09.08:226][666]LogModuleManager: Shutting down and abandoning module CollisionAnalyzer (82)
[2017.10.12-07.09.08:268][666]LogModuleManager: Shutting down and abandoning module Sequencer (81)
[2017.10.12-07.09.08:384][666]LogModuleManager: Shutting down and abandoning module WorkspaceMenuStructure (80)
[2017.10.12-07.09.08:384][666]LogModuleManager: Shutting down and abandoning module MessageLog (79)
[2017.10.12-07.09.08:384][666]LogModuleManager: Shutting down and abandoning module AssetTools (78)
[2017.10.12-07.09.08:452][666]LogModuleManager: Shutting down and abandoning module UMGEditor (77)
[2017.10.12-07.09.08:552][666]LogModuleManager: Shutting down and abandoning module UMG (76)
[2017.10.12-07.09.08:739][666]LogModuleManager: Shutting down and abandoning module SlateReflector (75)
[2017.10.12-07.09.08:797][666]LogModuleManager: Shutting down and abandoning module Slate (74)
[2017.10.12-07.09.08:797][666]LogModuleManager: Shutting down and abandoning module EditorStyle (73)
[2017.10.12-07.09.08:958][666]LogModuleManager: Shutting down and abandoning module SourceCodeAccess (72)
[2017.10.12-07.09.08:958][666]LogModuleManager: Shutting down and abandoning module HeadMountedDisplay (71)
[2017.10.12-07.09.08:958][666]LogModuleManager: Shutting down and abandoning module XAudio2 (70)
[2017.10.12-07.09.08:958][666]LogModuleManager: Shutting down and abandoning module Networking (68)
[2017.10.12-07.09.08:958][666]LogModuleManager: Shutting down and abandoning module Core (67)
[2017.10.12-07.09.08:958][666]LogModuleManager: Shutting down and abandoning module DirectoryWatcher (66)
[2017.10.12-07.09.08:958][666]LogDirectoryWatcher: A directory notification for '../../../Engine/Content/' was aborted.
[2017.10.12-07.09.08:959][666]LogDirectoryWatcher: A directory notification for 'D:/Git/Loneliness/Content/' was aborted.
[2017.10.12-07.09.08:959][666]LogDirectoryWatcher: A directory notification for '../../../Engine/Plugins/2D/Paper2D/Content/' was aborted.
[2017.10.12-07.09.09:173][666]LogModuleManager: Shutting down and abandoning module AssetRegistry (65)
[2017.10.12-07.09.09:716][666]LogModuleManager: Shutting down and abandoning module KismetCompiler (64)
[2017.10.12-07.09.09:716][666]LogModuleManager: Shutting down and abandoning module PhysXFormats (63)
[2017.10.12-07.09.09:724][666]LogModuleManager: Shutting down and abandoning module MeshUtilities (62)
[2017.10.12-07.09.09:757][666]LogModuleManager: Shutting down and abandoning module DerivedDataCache (61)
[2017.10.12-07.09.09:829][666]LogDerivedDataCache: Shutdown
[2017.10.12-07.09.09:829][666]LogModuleManager: Shutting down and abandoning module VulkanShaderFormat (60)
[2017.10.12-07.09.09:853][666]LogModuleManager: Shutting down and abandoning module ShaderFormatOpenGL (59)
[2017.10.12-07.09.09:905][666]LogModuleManager: Shutting down and abandoning module ShaderFormatD3D (58)
[2017.10.12-07.09.09:914][666]LogModuleManager: Shutting down and abandoning module MetalShaderFormat (57)
[2017.10.12-07.09.09:931][666]LogModuleManager: Shutting down and abandoning module TextureFormatUncompressed (56)
[2017.10.12-07.09.09:938][666]LogModuleManager: Shutting down and abandoning module TextureFormatPVR (55)
[2017.10.12-07.09.09:952][666]LogModuleManager: Shutting down and abandoning module TextureFormatDXT (54)
[2017.10.12-07.09.09:952][666]LogModuleManager: Shutting down and abandoning module TextureFormatIntelISPCTexComp (53)
[2017.10.12-07.09.09:986][666]LogModuleManager: Shutting down and abandoning module ImageWrapper (52)
[2017.10.12-07.09.09:986][666]LogModuleManager: Shutting down and abandoning module TextureFormatASTC (51)
[2017.10.12-07.09.09:986][666]LogModuleManager: Shutting down and abandoning module TextureFormatAndroid (50)
[2017.10.12-07.09.09:998][666]LogModuleManager: Shutting down and abandoning module AudioFormatOpus (49)
[2017.10.12-07.09.09:998][666]LogModuleManager: Shutting down and abandoning module AudioFormatOgg (48)
[2017.10.12-07.09.10:049][666]LogModuleManager: Shutting down and abandoning module AudioFormatADPCM (47)
[2017.10.12-07.09.10:119][666]LogModuleManager: Shutting down and abandoning module LinuxTargetPlatform (46)
[2017.10.12-07.09.10:119][666]LogModuleManager: Shutting down and abandoning module LinuxServerTargetPlatform (45)
[2017.10.12-07.09.10:127][666]LogModuleManager: Shutting down and abandoning module LinuxNoEditorTargetPlatform (44)
[2017.10.12-07.09.10:155][666]LogModuleManager: Shutting down and abandoning module LinuxClientTargetPlatform (43)
[2017.10.12-07.09.10:191][666]LogModuleManager: Shutting down and abandoning module TVOSTargetPlatform (42)
[2017.10.12-07.09.10:210][666]LogModuleManager: Shutting down and abandoning module Messaging (41)
[2017.10.12-07.09.10:210][666]LogModuleManager: Shutting down and abandoning module IOSTargetPlatform (40)
[2017.10.12-07.09.10:210][666]LogModuleManager: Shutting down and abandoning module HTML5TargetPlatform (39)
[2017.10.12-07.09.10:221][666]LogModuleManager: Shutting down and abandoning module Android_PVRTCTargetPlatform (38)
[2017.10.12-07.09.10:221][666]LogModuleManager: Shutting down and abandoning module Android_MultiTargetPlatform (37)
[2017.10.12-07.09.10:252][666]LogModuleManager: Shutting down and abandoning module Android_ETC2TargetPlatform (36)
[2017.10.12-07.09.10:283][666]LogModuleManager: Shutting down and abandoning module Android_ETC1TargetPlatform (35)
[2017.10.12-07.09.10:283][666]LogModuleManager: Shutting down and abandoning module Android_DXTTargetPlatform (34)
[2017.10.12-07.09.10:300][666]LogModuleManager: Shutting down and abandoning module Android_ATCTargetPlatform (33)
[2017.10.12-07.09.10:331][666]LogModuleManager: Shutting down and abandoning module Android_ASTCTargetPlatform (32)
[2017.10.12-07.09.10:331][666]LogModuleManager: Shutting down and abandoning module AndroidTargetPlatform (31)
[2017.10.12-07.09.10:331][666]LogModuleManager: Shutting down and abandoning module WindowsTargetPlatform (30)
[2017.10.12-07.09.10:331][666]LogModuleManager: Shutting down and abandoning module WindowsServerTargetPlatform (29)
[2017.10.12-07.09.10:357][666]LogModuleManager: Shutting down and abandoning module WindowsNoEditorTargetPlatform (28)
[2017.10.12-07.09.10:439][666]LogModuleManager: Shutting down and abandoning module WindowsClientTargetPlatform (27)
[2017.10.12-07.09.10:461][666]LogModuleManager: Shutting down and abandoning module AllDesktopTargetPlatform (26)
[2017.10.12-07.09.10:476][666]LogModuleManager: Shutting down and abandoning module TargetPlatform (25)
[2017.10.12-07.09.10:487][666]LogModuleManager: Shutting down and abandoning module InputCore (24)
[2017.10.12-07.09.10:509][666]LogModuleManager: Shutting down and abandoning module Settings (23)
[2017.10.12-07.09.10:554][666]LogModuleManager: Shutting down and abandoning module OculusRift (22)
[2017.10.12-07.09.10:642][666]LogModuleManager: Shutting down and abandoning module GearVR (21)
[2017.10.12-07.09.10:642][666]LogModuleManager: Shutting down and abandoning module ExampleDeviceProfileSelector (20)
[2017.10.12-07.09.10:642][666]LogModuleManager: Shutting down and abandoning module OnlineBlueprintSupport (19)
[2017.10.12-07.09.10:643][666]LogModuleManager: Shutting down and abandoning module OnlineSubsystem (17)
[2017.10.12-07.09.10:720][666]LogOnline:Display: Unloading online subsystem: NULL
[2017.10.12-07.09.10:801][666]LogModuleManager: Shutting down and abandoning module HTTP (16)
[2017.10.12-07.09.10:801][666]LogHttp:Display: Http module shutting down, but needs to wait on 1 outstanding Http requests:
[2017.10.12-07.09.10:802][666]LogHttp:Display: 	verb=[POST] url=[https://datarouter.ol.epicgames.com/datarouter/api/v1/public/data?SessionID=%7B78227CA3-4C55-289A-D94A-4EA43073E5FD%7D&AppID=UEEditor.Rocket.Release&AppVersion=4.13.2-3172292%2B%2B%2BUE4%2BRelease-4.13&UserID=92edb32641e7b5dab51448b960f630a1%7Cced3a19fefb64cdf8fc981c8aa04a526%7Cb7dd3fa6-999d-4a07-a591-a6be22ab12b9&AppEnvironment=datacollector-binary&UploadType=eteventstream] status=Processing
[2017.10.12-07.09.10:992][666]LogModuleManager: Shutting down and abandoning module XMPP (15)
[2017.10.12-07.09.11:090][666]LogModuleManager: Shutting down and abandoning module TextureCompressor (14)
[2017.10.12-07.09.11:300][666]LogModuleManager: Shutting down and abandoning module ShaderCore (13)
[2017.10.12-07.09.11:300][666]LogModuleManager: Shutting down and abandoning module Landscape (12)
[2017.10.12-07.09.11:300][666]LogModuleManager: Shutting down and abandoning module SlateRHIRenderer (11)
[2017.10.12-07.09.12:068][666]LogModuleManager: Shutting down and abandoning module OpenGLDrv (10)
[2017.10.12-07.09.12:135][666]LogModuleManager: Shutting down and abandoning module D3D11RHI (9)
[2017.10.12-07.09.12:135][666]LogModuleManager: Shutting down and abandoning module AnimGraphRuntime (8)
[2017.10.12-07.09.12:135][666]LogModuleManager: Shutting down and abandoning module Renderer (7)
[2017.10.12-07.09.12:135][666]LogModuleManager: Shutting down and abandoning module Engine (6)
[2017.10.12-07.09.12:135][666]LogModuleManager: Shutting down and abandoning module CoreUObject (5)
[2017.10.12-07.09.12:135][666]LogModuleManager: Shutting down and abandoning module NetworkFile (4)
[2017.10.12-07.09.12:168][666]LogModuleManager: Shutting down and abandoning module StreamingFile (3)
[2017.10.12-07.09.12:199][666]LogModuleManager: Shutting down and abandoning module SandboxFile (2)
[2017.10.12-07.09.12:228][666]LogModuleManager: Shutting down and abandoning module PakFile (1)
[2017.10.12-07.09.12:701][666]LogExit: Exiting.
[2017.10.12-07.09.14:723][666]Log file closed, 10/12/17 09:09:14
