Log file open, 10/09/17 11:48:17
LogInit:Display: Running engine for game: Loneliness
LogPlatformFile: Not using cached read wrapper
LogInit:Display: RandInit(-196113603) SRandInit(-196113603).
LogTaskGraph: Started task graph with 5 named threads and 6 total threads with 1 sets of task threads.
LogStats: Stats thread started at 0.093512
LogPluginManager: Loaded Plugin Paper2D, From C:/Program Files/Epic Games/UE_4.13/Engine/Plugins/2D/Paper2D/Paper2D.uplugin
LogPluginManager: Loaded Plugin LightPropagationVolume, From C:/Program Files/Epic Games/UE_4.13/Engine/Plugins/Blendables/LightPropagationVolume/LightPropagationVolume.uplugin
LogPluginManager: Loaded Plugin BlankPlugin, From C:/Program Files/Epic Games/UE_4.13/Engine/Plugins/Developer/BlankPlugin/BlankPlugin.uplugin
LogPluginManager: Loaded Plugin CodeLiteSourceCodeAccess, From C:/Program Files/Epic Games/UE_4.13/Engine/Plugins/Developer/CodeLiteSourceCodeAccess/CodeLiteSourceCodeAccess.uplugin
LogPluginManager: Loaded Plugin GitSourceControl, From C:/Program Files/Epic Games/UE_4.13/Engine/Plugins/Developer/GitSourceControl/GitSourceControl.uplugin
LogPluginManager: Loaded Plugin KDevelopSourceCodeAccess, From C:/Program Files/Epic Games/UE_4.13/Engine/Plugins/Developer/KDevelopSourceCodeAccess/KDevelopSourceCodeAccess.uplugin
LogPluginManager: Loaded Plugin NullSourceCodeAccess, From C:/Program Files/Epic Games/UE_4.13/Engine/Plugins/Developer/NullSourceCodeAccess/NullSourceCodeAccess.uplugin
LogPluginManager: Loaded Plugin OneSkyLocalizationService, From C:/Program Files/Epic Games/UE_4.13/Engine/Plugins/Developer/OneSkyLocalizationService/OneSkyLocalizationService.uplugin
LogPluginManager: Loaded Plugin PerforceSourceControl, From C:/Program Files/Epic Games/UE_4.13/Engine/Plugins/Developer/PerforceSourceControl/PerforceSourceControl.uplugin
LogPluginManager: Loaded Plugin SubversionSourceControl, From C:/Program Files/Epic Games/UE_4.13/Engine/Plugins/Developer/SubversionSourceControl/SubversionSourceControl.uplugin
LogPluginManager: Loaded Plugin UObjectPlugin, From C:/Program Files/Epic Games/UE_4.13/Engine/Plugins/Developer/UObjectPlugin/UObjectPlugin.uplugin
LogPluginManager: Loaded Plugin VisualStudioSourceCodeAccess, From C:/Program Files/Epic Games/UE_4.13/Engine/Plugins/Developer/VisualStudioSourceCodeAccess/VisualStudioSourceCodeAccess.uplugin
LogPluginManager: Loaded Plugin XCodeSourceCodeAccess, From C:/Program Files/Epic Games/UE_4.13/Engine/Plugins/Developer/XCodeSourceCodeAccess/XCodeSourceCodeAccess.uplugin
LogPluginManager: Loaded Plugin EpicSurvey, From C:/Program Files/Epic Games/UE_4.13/Engine/Plugins/Editor/EpicSurvey/EpicSurvey.uplugin
LogPluginManager: Loaded Plugin MacGraphicsSwitching, From C:/Program Files/Epic Games/UE_4.13/Engine/Plugins/Editor/MacGraphicsSwitching/MacGraphicsSwitching.uplugin
LogPluginManager: Loaded Plugin MobileLauncherProfileWizard, From C:/Program Files/Epic Games/UE_4.13/Engine/Plugins/Editor/MobileLauncherProfileWizard/MobileLauncherProfileWizard.uplugin
LogPluginManager: Loaded Plugin PluginBrowser, From C:/Program Files/Epic Games/UE_4.13/Engine/Plugins/Editor/PluginBrowser/PluginBrowser.uplugin
LogPluginManager: Loaded Plugin SpeedTreeImporter, From C:/Program Files/Epic Games/UE_4.13/Engine/Plugins/Editor/SpeedTreeImporter/SpeedTreeImporter.uplugin
LogPluginManager: Loaded Plugin SuperSearchEditor, From C:/Program Files/Epic Games/UE_4.13/Engine/Plugins/Editor/SuperSearchEditor/SuperSearchEditor.uplugin
LogPluginManager: Loaded Plugin AlembicImporter, From C:/Program Files/Epic Games/UE_4.13/Engine/Plugins/Experimental/AlembicImporter/AlembicImporter.uplugin
LogPluginManager: Loaded Plugin BlueprintStats, From C:/Program Files/Epic Games/UE_4.13/Engine/Plugins/Experimental/BlueprintStats/BlueprintStats.uplugin
LogPluginManager: Loaded Plugin CharacterAI, From C:/Program Files/Epic Games/UE_4.13/Engine/Plugins/Experimental/CharacterAI/CharacterAI.uplugin
LogPluginManager: Loaded Plugin CodeEditor, From C:/Program Files/Epic Games/UE_4.13/Engine/Plugins/Experimental/CodeEditor/CodeEditor.uplugin
LogPluginManager: Loaded Plugin CodeView, From C:/Program Files/Epic Games/UE_4.13/Engine/Plugins/Experimental/CodeView/CodeView.uplugin
LogPluginManager: Loaded Plugin HTML5Networking, From C:/Program Files/Epic Games/UE_4.13/Engine/Plugins/Experimental/HTML5Networking/HTML5Networking.uplugin
LogPluginManager: Loaded Plugin LiveEditor, From C:/Program Files/Epic Games/UE_4.13/Engine/Plugins/Experimental/LiveEditor/LiveEditor.uplugin
LogPluginManager: Loaded Plugin OSVR, From C:/Program Files/Epic Games/UE_4.13/Engine/Plugins/Experimental/OSVR/OSVR.uplugin
LogPluginManager: Loaded Plugin Phya, From C:/Program Files/Epic Games/UE_4.13/Engine/Plugins/Experimental/Phya/Phya.uplugin
LogPluginManager: Loaded Plugin SignificanceManager, From C:/Program Files/Epic Games/UE_4.13/Engine/Plugins/Experimental/SignificanceManager/SignificanceManager.uplugin
LogPluginManager: Loaded Plugin SimpleHMD, From C:/Program Files/Epic Games/UE_4.13/Engine/Plugins/Experimental/SimpleHMD/SimpleHMD.uplugin
LogPluginManager: Loaded Plugin StereoPanorama, From C:/Program Files/Epic Games/UE_4.13/Engine/Plugins/Experimental/StereoPanorama/StereoPanorama.uplugin
LogPluginManager: Loaded Plugin StructBox, From C:/Program Files/Epic Games/UE_4.13/Engine/Plugins/Experimental/StructBox/StructBox.uplugin
LogPluginManager: Loaded Plugin AndroidMedia, From C:/Program Files/Epic Games/UE_4.13/Engine/Plugins/Media/AndroidMedia/AndroidMedia.uplugin
LogPluginManager: Loaded Plugin AvfMedia, From C:/Program Files/Epic Games/UE_4.13/Engine/Plugins/Media/AvfMedia/AvfMedia.uplugin
LogPluginManager: Loaded Plugin MediaPlayerEditor, From C:/Program Files/Epic Games/UE_4.13/Engine/Plugins/Media/MediaPlayerEditor/MediaPlayerEditor.uplugin
LogPluginManager: Loaded Plugin WmfMedia, From C:/Program Files/Epic Games/UE_4.13/Engine/Plugins/Media/WmfMedia/WmfMedia.uplugin
LogPluginManager: Loaded Plugin MessagingDebugger, From C:/Program Files/Epic Games/UE_4.13/Engine/Plugins/Messaging/MessagingDebugger/MessagingDebugger.uplugin
LogPluginManager: Loaded Plugin TcpMessaging, From C:/Program Files/Epic Games/UE_4.13/Engine/Plugins/Messaging/TcpMessaging/TcpMessaging.uplugin
LogPluginManager: Loaded Plugin UdpMessaging, From C:/Program Files/Epic Games/UE_4.13/Engine/Plugins/Messaging/UdpMessaging/UdpMessaging.uplugin
LogPluginManager: Loaded Plugin LevelSequenceEditor, From C:/Program Files/Epic Games/UE_4.13/Engine/Plugins/MovieScene/LevelSequenceEditor/LevelSequenceEditor.uplugin
LogPluginManager: Loaded Plugin MatineeToLevelSequence, From C:/Program Files/Epic Games/UE_4.13/Engine/Plugins/MovieScene/MatineeToLevelSequence/MatineeToLevelSequence.uplugin
LogPluginManager: Loaded Plugin NetcodeUnitTest, From C:/Program Files/Epic Games/UE_4.13/Engine/Plugins/NetcodeUnitTest/NetcodeUnitTest/NetcodeUnitTest.uplugin
LogPluginManager: Loaded Plugin NUTUnrealEngine4, From C:/Program Files/Epic Games/UE_4.13/Engine/Plugins/NetcodeUnitTest/NUTUnrealEngine4/NUTUnrealEngine4.uplugin
LogPluginManager: Loaded Plugin OnlineSubsystemGooglePlay, From C:/Program Files/Epic Games/UE_4.13/Engine/Plugins/Online/Android/OnlineSubsystemGooglePlay/OnlineSubsystemGooglePlay.uplugin
LogPluginManager: Loaded Plugin OnlineSubsystemIOS, From C:/Program Files/Epic Games/UE_4.13/Engine/Plugins/Online/IOS/OnlineSubsystemIOS/OnlineSubsystemIOS.uplugin
LogPluginManager: Loaded Plugin OnlineFramework, From C:/Program Files/Epic Games/UE_4.13/Engine/Plugins/Online/OnlineFramework/OnlineFramework.uplugin
LogPluginManager: Loaded Plugin OnlineSubsystem, From C:/Program Files/Epic Games/UE_4.13/Engine/Plugins/Online/OnlineSubsystem/OnlineSubsystem.uplugin
LogPluginManager: Loaded Plugin OnlineSubsystemAmazon, From C:/Program Files/Epic Games/UE_4.13/Engine/Plugins/Online/OnlineSubsystemAmazon/OnlineSubsystemAmazon.uplugin
LogPluginManager: Loaded Plugin OnlineSubsystemFacebook, From C:/Program Files/Epic Games/UE_4.13/Engine/Plugins/Online/OnlineSubsystemFacebook/OnlineSubsystemFacebook.uplugin
LogPluginManager: Loaded Plugin OnlineSubsystemNull, From C:/Program Files/Epic Games/UE_4.13/Engine/Plugins/Online/OnlineSubsystemNull/OnlineSubsystemNull.uplugin
LogPluginManager: Loaded Plugin OnlineSubsystemOculus, From C:/Program Files/Epic Games/UE_4.13/Engine/Plugins/Online/OnlineSubsystemOculus/OnlineSubsystemOculus.uplugin
LogPluginManager: Loaded Plugin OnlineSubsystemSteam, From C:/Program Files/Epic Games/UE_4.13/Engine/Plugins/Online/OnlineSubsystemSteam/OnlineSubsystemSteam.uplugin
LogPluginManager: Loaded Plugin OnlineSubsystemUtils, From C:/Program Files/Epic Games/UE_4.13/Engine/Plugins/Online/OnlineSubsystemUtils/OnlineSubsystemUtils.uplugin
LogPluginManager: Loaded Plugin IOSTapJoy, From C:/Program Files/Epic Games/UE_4.13/Engine/Plugins/Runtime/Advertising/IOSTapJoy/IOSTapJoy.uplugin
LogPluginManager: Loaded Plugin AnalyticsBlueprintLibrary, From C:/Program Files/Epic Games/UE_4.13/Engine/Plugins/Runtime/Analytics/AnalyticsBlueprintLibrary/AnalyticsBlueprintLibrary.uplugin
LogPluginManager: Loaded Plugin AnalyticsMulticast, From C:/Program Files/Epic Games/UE_4.13/Engine/Plugins/Runtime/Analytics/AnalyticsMulticast/AnalyticsMulticast.uplugin
LogPluginManager: Loaded Plugin Apsalar, From C:/Program Files/Epic Games/UE_4.13/Engine/Plugins/Runtime/Analytics/Apsalar/Apsalar.uplugin
LogPluginManager: Loaded Plugin FileLogging, From C:/Program Files/Epic Games/UE_4.13/Engine/Plugins/Runtime/Analytics/FileLogging/FileLogging.uplugin
LogPluginManager: Loaded Plugin Flurry, From C:/Program Files/Epic Games/UE_4.13/Engine/Plugins/Runtime/Analytics/Flurry/Flurry.uplugin
LogPluginManager: Loaded Plugin AndroidDeviceProfileSelector, From C:/Program Files/Epic Games/UE_4.13/Engine/Plugins/Runtime/AndroidDeviceProfileSelector/AndroidDeviceProfileSelector.uplugin
LogPluginManager: Loaded Plugin AndroidMoviePlayer, From C:/Program Files/Epic Games/UE_4.13/Engine/Plugins/Runtime/AndroidMoviePlayer/AndroidMoviePlayer.uplugin
LogPluginManager: Loaded Plugin AppleMoviePlayer, From C:/Program Files/Epic Games/UE_4.13/Engine/Plugins/Runtime/AppleMoviePlayer/AppleMoviePlayer.uplugin
LogPluginManager: Loaded Plugin ArchVisCharacter, From C:/Program Files/Epic Games/UE_4.13/Engine/Plugins/Runtime/ArchVisCharacter/ArchVisCharacter.uplugin
LogPluginManager: Loaded Plugin CableComponent, From C:/Program Files/Epic Games/UE_4.13/Engine/Plugins/Runtime/CableComponent/CableComponent.uplugin
LogPluginManager: Loaded Plugin CustomMeshComponent, From C:/Program Files/Epic Games/UE_4.13/Engine/Plugins/Runtime/CustomMeshComponent/CustomMeshComponent.uplugin
LogPluginManager: Loaded Plugin ExampleDeviceProfileSelector, From C:/Program Files/Epic Games/UE_4.13/Engine/Plugins/Runtime/ExampleDeviceProfileSelector/ExampleDeviceProfileSelector.uplugin
LogPluginManager: Loaded Plugin GearVR, From C:/Program Files/Epic Games/UE_4.13/Engine/Plugins/Runtime/GearVR/GearVR.uplugin
LogPluginManager: Loaded Plugin GoogleVRController, From C:/Program Files/Epic Games/UE_4.13/Engine/Plugins/Runtime/GoogleVR/GoogleVRController/GoogleVRController.uplugin
LogPluginManager: Loaded Plugin GoogleVRHMD, From C:/Program Files/Epic Games/UE_4.13/Engine/Plugins/Runtime/GoogleVR/GoogleVRHMD/GoogleVRHMD.uplugin
LogPluginManager: Loaded Plugin IOSDeviceProfileSelector, From C:/Program Files/Epic Games/UE_4.13/Engine/Plugins/Runtime/IOSDeviceProfileSelector/IOSDeviceProfileSelector.uplugin
LogPluginManager: Loaded Plugin LeapMotion, From C:/Program Files/Epic Games/UE_4.13/Engine/Plugins/Runtime/LeapMotion/LeapMotion.uplugin
LogPluginManager: Loaded Plugin LinuxDeviceProfileSelector, From C:/Program Files/Epic Games/UE_4.13/Engine/Plugins/Runtime/LinuxDeviceProfileSelector/LinuxDeviceProfileSelector.uplugin
LogPluginManager: Loaded Plugin LiveEditorListenServer, From C:/Program Files/Epic Games/UE_4.13/Engine/Plugins/Runtime/LiveEditorListenServer/LiveEditorListenServer.uplugin
LogPluginManager: Loaded Plugin OculusAudio, From C:/Program Files/Epic Games/UE_4.13/Engine/Plugins/Runtime/OculusAudio/OculusAudio.uplugin
LogPluginManager: Loaded Plugin OculusInput, From C:/Program Files/Epic Games/UE_4.13/Engine/Plugins/Runtime/OculusInput/OculusInput.uplugin
LogPluginManager: Loaded Plugin OculusLibrary, From C:/Program Files/Epic Games/UE_4.13/Engine/Plugins/Runtime/OculusLibrary/OculusLibrary.uplugin
LogPluginManager: Loaded Plugin OculusRift, From C:/Program Files/Epic Games/UE_4.13/Engine/Plugins/Runtime/OculusRift/OculusRift.uplugin
LogPluginManager: Loaded Plugin Oodle, From C:/Program Files/Epic Games/UE_4.13/Engine/Plugins/Runtime/PacketHandlers/CompressionComponents/Oodle/Oodle.uplugin
LogPluginManager: Loaded Plugin ProceduralMeshComponent, From C:/Program Files/Epic Games/UE_4.13/Engine/Plugins/Runtime/ProceduralMeshComponent/ProceduralMeshComponent.uplugin
LogPluginManager: Loaded Plugin SoundMod, From C:/Program Files/Epic Games/UE_4.13/Engine/Plugins/Runtime/SoundMod/SoundMod.uplugin
LogPluginManager: Loaded Plugin SoundVisualizations, From C:/Program Files/Epic Games/UE_4.13/Engine/Plugins/Runtime/SoundVisualizations/SoundVisualizations.uplugin
LogPluginManager: Loaded Plugin SteamController, From C:/Program Files/Epic Games/UE_4.13/Engine/Plugins/Runtime/Steam/SteamController/SteamController.uplugin
LogPluginManager: Loaded Plugin SteamVR, From C:/Program Files/Epic Games/UE_4.13/Engine/Plugins/Runtime/Steam/SteamVR/SteamVR.uplugin
LogPluginManager: Loaded Plugin WebBrowserWidget, From C:/Program Files/Epic Games/UE_4.13/Engine/Plugins/Runtime/WebBrowserWidget/WebBrowserWidget.uplugin
LogPluginManager: Loaded Plugin WindowsDeviceProfileSelector, From C:/Program Files/Epic Games/UE_4.13/Engine/Plugins/Runtime/WindowsDeviceProfileSelector/WindowsDeviceProfileSelector.uplugin
LogPluginManager: Loaded Plugin WindowsMoviePlayer, From C:/Program Files/Epic Games/UE_4.13/Engine/Plugins/Runtime/WindowsMoviePlayer/WindowsMoviePlayer.uplugin
LogPluginManager: Loaded Plugin ScriptPlugin, From C:/Program Files/Epic Games/UE_4.13/Engine/Plugins/ScriptPlugin/ScriptPlugin.uplugin
LogPluginManager: Loaded Plugin SlateRemote, From C:/Program Files/Epic Games/UE_4.13/Engine/Plugins/Slate/SlateRemote/SlateRemote.uplugin
LogInit: Using libcurl 7.47.1
LogInit:  - built for x86_64-pc-win32
LogInit:  - supports SSL with WinSSL
LogInit:  - other features:
LogInit:      CURL_VERSION_SSL
LogInit:      CURL_VERSION_IPV6
LogInit:      CURL_VERSION_ASYNCHDNS
LogInit:      CURL_VERSION_LARGEFILE
LogInit:      CURL_VERSION_IDN
LogInit:  CurlRequestOptions (configurable via config and command line):
LogInit:  - bVerifyPeer = false  - Libcurl will NOT verify peer certificate
LogInit:  - bUseHttpProxy = false  - Libcurl will NOT use HTTP proxy
LogInit:  - bDontReuseConnections = false  - Libcurl will reuse connections
LogInit:  - CertBundlePath = nullptr  - Libcurl will use whatever was configured at build time.
LogInit: Build: ++UE4+Release-4.13-CL-3172292
LogInit: Engine Version: 4.13.2-3172292+++UE4+Release-4.13
LogInit: Compatible Engine Version: 4.13.0-3106830+++UE4+Release-4.13
LogInit: Net CL: 3172292
LogDevObjectVersion: Number of dev versions registered: 13
LogDevObjectVersion:   Dev-Blueprints (B0D832E4-1F89-4F0D-ACCF-7EB736FD4AA2): 5
LogDevObjectVersion:   Dev-Build (E1C64328-A22C-4D53-A36C-8E866417BD8C): 0
LogDevObjectVersion:   Dev-Core (375EC13C-06E4-48FB-B500-84F0262A717E): 1
LogDevObjectVersion:   Dev-Editor (E4B068ED-F494-42E9-A231-DA0B2E46BB41): 6
LogDevObjectVersion:   Dev-Framework (CFFC743F-43B0-4480-9391-14DF171D2073): 12
LogDevObjectVersion:   Dev-Mobile (B02B49B5-BB20-44E9-A304-32B752E40360): 0
LogDevObjectVersion:   Dev-Networking (A4E4105C-59A1-49B5-A7C5-40C4547EDFEE): 0
LogDevObjectVersion:   Dev-Online (39C831C9-5AE6-47DC-9A44-9C173E1C8E7C): 0
LogDevObjectVersion:   Dev-Physics (78F01B33-EBEA-4F98-B9B4-84EACCB95AA2): 0
LogDevObjectVersion:   Dev-Platform (6631380F-2D4D-43E0-8009-CF276956A95A): 0
LogDevObjectVersion:   Dev-Rendering (12F88B9F-8875-4AFC-A67C-D90C383ABD29): 4
LogDevObjectVersion:   Dev-Sequencer (7B5AE74C-D270-4C10-A958-57980B212A5A): 0
LogDevObjectVersion:   Dev-VR (D7296918-1DD6-4BDD-9DE2-64A83CC13884): 0
LogInit: Compiled (64-bit): Oct 24 2016 14:29:06
LogInit: Compiled with Visual C++: 19.00.23026.00
LogInit: Build Configuration: Development
LogInit: Branch Name: ++UE4+Release-4.13
LogInit: Command line: 
LogInit: Base directory: C:/Program Files/Epic Games/UE_4.13/Engine/Binaries/Win64/
LogInit: Installed Engine Build: 1
LogInit: Presizing for max 8388607 objects, including 0 objects not considered by GC, pre-allocating 0 bytes for permanent pool.
LogInit: Object subsystem initialized
[2017.10.09-09.48.17:687][  0]LogInit: Selected Device Profile: [Windows]
[2017.10.09-09.48.17:687][  0]LogInit: Applying CVar settings loaded from the selected device profile: [Windows]
[2017.10.09-09.48.17:717][  0]LogInit: Computer: PROGRAM2
[2017.10.09-09.48.17:717][  0]LogInit: User: Администратор
[2017.10.09-09.48.17:717][  0]LogInit: CPU Page size=65536, Cores=2
[2017.10.09-09.48.17:717][  0]LogInit: High frequency timer resolution =2.929658 MHz
[2017.10.09-09.48.17:717][  0]LogMemory: Memory total: Physical=3.0GB (3GB approx)
[2017.10.09-09.48.17:717][  0]LogMemory: Platform Memory Stats for Windows
[2017.10.09-09.48.17:717][  0]LogMemory: Process Physical Memory: 254.82 MB used, 254.82 MB peak
[2017.10.09-09.48.17:717][  0]LogMemory: Process Virtual Memory: 259.84 MB used, 259.84 MB peak
[2017.10.09-09.48.17:717][  0]LogMemory: Physical Memory: 1916.86 MB used, 3070.49 MB total
[2017.10.09-09.48.17:717][  0]LogMemory: Virtual Memory: 588.29 MB used, 8388608.00 MB total
[2017.10.09-09.48.17:844][  0]LogTextLocalizationManager: No translations for ('ru-RU') exist, falling back to 'en' for localization and internationalization data.
[2017.10.09-09.48.19:811][  0]LogD3D11RHI: D3D11 adapters:
[2017.10.09-09.48.19:886][  0]LogD3D11RHI:    0. 'NVIDIA GeForce GT 240' (Feature Level 10_0)
[2017.10.09-09.48.19:886][  0]LogD3D11RHI:       466/0/1279 MB DedicatedVideo/DedicatedSystem/SharedSystem, Outputs:1, VendorId:0x10de
[2017.10.09-09.48.19:886][  0]LogD3D11RHI: Chosen D3D11 Adapter: 0
[2017.10.09-09.48.19:898][  0]LogD3D11RHI: Creating new Direct3DDevice
[2017.10.09-09.48.19:898][  0]LogD3D11RHI:     GPU DeviceId: 0xca3 (for the marketing name, search the web for "GPU Device Id")
[2017.10.09-09.48.19:898][  0]LogWindows: EnumDisplayDevices:
[2017.10.09-09.48.19:898][  0]LogWindows:    0. 'NVIDIA GeForce GT 240' (P:1 D:1)
[2017.10.09-09.48.19:899][  0]LogWindows:    1. 'NVIDIA GeForce GT 240' (P:0 D:0)
[2017.10.09-09.48.19:899][  0]LogWindows:    2. 'RDPDD Chained DD' (P:0 D:0)
[2017.10.09-09.48.19:899][  0]LogWindows:    3. 'RDP Encoder Mirror Driver' (P:0 D:0)
[2017.10.09-09.48.19:899][  0]LogWindows:    4. 'RDP Reflector Display Driver' (P:0 D:0)
[2017.10.09-09.48.19:900][  0]LogWindows: DebugString: GetVideoDriverDetailsInvalid PrimaryIsNotTheChoosenAdapter GetVideoDriverDetailsInvalid PrimaryIsNotTheChoosenAdapter GetVideoDriverDetailsInvalid PrimaryIsNotTheChoosenAdapter FoundDriverCount:2 
[2017.10.09-09.48.19:900][  0]LogD3D11RHI:     Adapter Name: NVIDIA GeForce GT 240
[2017.10.09-09.48.19:900][  0]LogD3D11RHI:   Driver Version: 342.01 (internal:21.21.13.4201, unified:342.01)
[2017.10.09-09.48.19:900][  0]LogD3D11RHI:      Driver Date: 11-14-2016
[2017.10.09-09.48.19:900][  0]LogRHI: Texture pool is 326 MB (70% of 466 MB)
[2017.10.09-09.48.19:914][  0]LogD3D11RHI: Async texture creation enabled
[2017.10.09-09.48.19:938][  0]LogD3D11RHI: GPU Timing Frequency: 1000.000000 (Debug: 2 3)
[2017.10.09-09.48.21:636][  0]LogShaderCompilers: Guid format shader working directory is 3 characters bigger than the processId version (D:/Git/Loneliness/Intermediate/Shaders/WorkingDirectory/5704/).
[2017.10.09-09.48.21:636][  0]LogShaderCompilers: Cleaned the shader compiler working directory 'C:/TEMP/UnrealShaderWorkingDir/FA0256A048D50B5EDDAEB787999B6A8A/'.
[2017.10.09-09.48.21:636][  0]LogShaderCompilers:Display: Using Local Shader Compiler.
[2017.10.09-09.48.24:822][  0]LogTemp:Display: Loaded TP AllDesktopTargetPlatform
[2017.10.09-09.48.24:844][  0]LogTemp:Display: Loaded TP WindowsClientTargetPlatform
[2017.10.09-09.48.24:867][  0]LogTemp:Display: Loaded TP WindowsNoEditorTargetPlatform
[2017.10.09-09.48.24:888][  0]LogTemp:Display: Loaded TP WindowsServerTargetPlatform
[2017.10.09-09.48.24:910][  0]LogTemp:Display: Loaded TP WindowsTargetPlatform
[2017.10.09-09.48.24:931][  0]LogTemp:Display: Loaded TP AndroidTargetPlatform
[2017.10.09-09.48.24:950][  0]LogTemp:Display: Loaded TP Android_ASTCTargetPlatform
[2017.10.09-09.48.24:969][  0]LogTemp:Display: Loaded TP Android_ATCTargetPlatform
[2017.10.09-09.48.24:988][  0]LogTemp:Display: Loaded TP Android_DXTTargetPlatform
[2017.10.09-09.48.25:007][  0]LogTemp:Display: Loaded TP Android_ETC1TargetPlatform
[2017.10.09-09.48.25:028][  0]LogTemp:Display: Loaded TP Android_ETC2TargetPlatform
[2017.10.09-09.48.25:069][  0]LogTemp:Display: Loaded TP Android_MultiTargetPlatform
[2017.10.09-09.48.25:069][  0]LogTemp:Display: Loaded TP Android_PVRTCTargetPlatform
[2017.10.09-09.48.25:070][  0]LogTemp:Display: Loaded TP HTML5TargetPlatform
[2017.10.09-09.48.25:111][  0]LogTemp:Display: Loaded TP IOSTargetPlatform
[2017.10.09-09.48.25:129][  0]LogTemp:Display: Loaded TP TVOSTargetPlatform
[2017.10.09-09.48.25:148][  0]LogTemp:Display: Loaded TP LinuxClientTargetPlatform
[2017.10.09-09.48.25:167][  0]LogTemp:Display: Loaded TP LinuxNoEditorTargetPlatform
[2017.10.09-09.48.25:186][  0]LogTemp:Display: Loaded TP LinuxServerTargetPlatform
[2017.10.09-09.48.25:207][  0]LogTemp:Display: Loaded TP LinuxTargetPlatform
[2017.10.09-09.48.25:207][  0]LogTargetPlatformManager:Display: Building Assets For Windows
[2017.10.09-09.48.25:401][  0]LogDerivedDataCache:Display: Max Cache Size: 512 MB
[2017.10.09-09.48.25:623][  0]LogDerivedDataCache: Loaded boot cache 0.22s 57MB C:/Users/Администратор/AppData/Local/UnrealEngine/4.13/DerivedDataCache/Boot.ddc.
[2017.10.09-09.48.25:624][  0]LogDerivedDataCache:Display: Loaded Boot cache: C:/Users/Администратор/AppData/Local/UnrealEngine/4.13/DerivedDataCache/Boot.ddc
[2017.10.09-09.48.25:624][  0]LogDerivedDataCache: FDerivedDataBackendGraph:  Pak pak cache file D:/Git/Loneliness/DerivedDataCache/DDC.ddp not found, will not use a pak cache.
[2017.10.09-09.48.25:624][  0]LogDerivedDataCache: Unable to find inner node Pak for hierarchical cache Hierarchy.
[2017.10.09-09.48.25:624][  0]LogDerivedDataCache: FDerivedDataBackendGraph:  CompressedPak pak cache file D:/Git/Loneliness/DerivedDataCache/Compressed.ddp not found, will not use a pak cache.
[2017.10.09-09.48.25:624][  0]LogDerivedDataCache: Unable to find inner node CompressedPak for hierarchical cache Hierarchy.
[2017.10.09-09.48.25:673][  0]LogDerivedDataCache:Display: Pak cache opened for reading ../../../Engine/DerivedDataCache/Compressed.ddp.
[2017.10.09-09.48.25:685][  0]LogDerivedDataCache: Using Local data cache path C:/Users/Администратор/AppData/Local/UnrealEngine/Common/DerivedDataCache: Writable
[2017.10.09-09.48.26:686][  0]LogInit: Selected Device Profile: [Windows]
[2017.10.09-09.48.26:700][  0]LogMaterial: Uniform references updated for custom material expression Custom.
[2017.10.09-09.48.26:703][  0]LogContentStreaming: Texture pool size is 0.00 MB
[2017.10.09-09.48.27:029][  0]LogMeshUtilities: No automatic mesh reduction module available
[2017.10.09-09.48.27:029][  0]LogMeshUtilities: No automatic mesh merging module available
[2017.10.09-09.48.27:029][  0]LogMeshUtilities: No distributed automatic mesh merging module available
[2017.10.09-09.48.28:060][  0]LogNetVersion: GetLocalNetworkVersion: CL: 3106830, ProjectName: loneliness, ProjectVersion: , EngineNetworkVersion: 1, GameNetworkVersion: 0, NetworkChecksum: 2630857635
[2017.10.09-09.48.28:141][  0]LogAssetRegistry: FAssetRegistry took 0.0436 seconds to start up
[2017.10.09-09.48.28:174][  0]LogPackageLocalizationCache: Processed 3 localized package path(s) for 1 prioritized culture(s) in 0.025425 seconds
[2017.10.09-09.48.28:189][  0]LogUObjectArray: 29778 objects as part of root set at end of initial load.
[2017.10.09-09.48.28:189][  0]LogUObjectAllocator: 6125448 out of 0 bytes used by permanent object pool.
[2017.10.09-09.48.28:189][  0]LogUObjectArray: CloseDisregardForGC: 0/0 objects in disregard for GC pool
[2017.10.09-09.48.28:217][  0]LogInit: WinSock: version 1.1 (2.2), MaxSocks=32767, MaxUdp=65467
[2017.10.09-09.48.28:781][  0]LogSlate: SlateFontCache - WITH_FREETYPE: 1, WITH_HARFBUZZ: 1
[2017.10.09-09.48.28:781][  0]LogSlate: SlateFontCache - WITH_FREETYPE: 1, WITH_HARFBUZZ: 1
[2017.10.09-09.48.31:657][  0]LogTcpMessaging: Initializing TcpMessaging bridge
[2017.10.09-09.48.31:685][  0]LogUdpMessaging: Initializing bridge on interface 0.0.0.0:0 to multicast group 230.0.0.1:6666.
[2017.10.09-09.48.32:173][  0]SourceControl: Info Source control is disabled
[2017.10.09-09.48.32:174][  0]SourceControl: Info Source control is disabled
[2017.10.09-09.48.32:190][  0]SourceControl: Info Source control is disabled
[2017.10.09-09.48.32:207][  0]SourceControl: Info Source control is disabled
[2017.10.09-09.48.32:807][  0]LogEngine: Initializing Engine...
[2017.10.09-09.48.32:808][  0]LogHMD: Failed to initialize OpenVR with code 110
[2017.10.09-09.48.33:178][  0]LogAIModule: Creating AISystem for world Untitled
[2017.10.09-09.48.33:198][  0]LogInit: XAudio2 using 'Realtek Digital Output(RCA) (Realtek High Definition Audio)' : 2 channels at 48 kHz using 16 bits per sample (channel mask 0x3)
[2017.10.09-09.48.33:245][  0]LogInit: FAudioDevice initialized.
[2017.10.09-09.48.33:333][  0]LogDerivedDataCache: Saved boot cache 0.09s 57MB C:/Users/Администратор/AppData/Local/UnrealEngine/4.13/DerivedDataCache/Boot.ddc.
[2017.10.09-09.48.33:374][  0]LogInit: Texture streaming: Enabled
[2017.10.09-09.48.33:437][  0]LogInit: Transaction tracking system initialized
[2017.10.09-09.48.33:501][  0]BlueprintLog: New page: Editor Load
[2017.10.09-09.48.33:712][  0]LocalizationService: Info Localization service is disabled
[2017.10.09-09.48.33:895][  0]LogConsoleResponse:Display: 
[2017.10.09-09.48.34:209][  0]LogCook:Display: Max memory allowance for cook 16384mb min free memory 0mb
[2017.10.09-09.48.34:209][  0]LogCook:Display: Mobile HDR setting 1
[2017.10.09-09.48.34:587][  0]LogFileCache: Scanning file cache for directory 'D:/Git/Loneliness/Content/' took 0.02s
[2017.10.09-09.48.34:587][  0]SourceControl: Info Source control is disabled
[2017.10.09-09.48.34:587][  0]Cmd: MAP LOAD FILE="D:/Git/Loneliness/Content/Maps/Laboratories.umap" TEMPLATE=0 SHOWPROGRESS=1 FEATURELEVEL=2
[2017.10.09-09.48.34:588][  0]LightingResults: New page: Lighting Build
[2017.10.09-09.48.34:596][  0]MapCheck: New page: Map Check
[2017.10.09-09.48.34:596][  0]LightingResults: New page: Lighting Build
[2017.10.09-09.48.42:458][  0]LogAIModule: Creating AISystem for world Laboratories
[2017.10.09-09.48.46:930][  0]LogEditorServer: Finished looking for orphan Actors (0.015 secs)
[2017.10.09-09.48.46:953][  0]Cmd: MAP CHECKDEP NOCLEARLOG
[2017.10.09-09.48.47:234][  0]MapCheck: Info Map check complete: 0 Error(s), 0 Warning(s), took 280.888ms to complete.
[2017.10.09-09.48.47:235][  0]LogFileHelpers: Loading map 'Laboratories' took 12.647
[2017.10.09-09.48.47:303][  0]LogWindowsTextInputMethodSystem:Display: IME system now deactivated.
[2017.10.09-09.48.47:471][  0]LogCollectionManager: Loaded 0 collections in 0.003335 seconds
[2017.10.09-09.48.47:519][  0]LogFileCache: Scanning file cache for directory 'D:/Git/Loneliness/Saved/Collections/' took 0.01s
[2017.10.09-09.48.47:519][  0]LogFileCache: Scanning file cache for directory 'D:/Git/Loneliness/Content/Developers/Администратор/Collections/' took 0.01s
[2017.10.09-09.48.47:519][  0]LogFileCache: Scanning file cache for directory 'D:/Git/Loneliness/Content/Collections/' took 0.01s
[2017.10.09-09.48.47:519][  0]LogCollectionManager: Rebuilt the GUID cache for 0 collections in 0.000005 seconds
[2017.10.09-09.48.47:545][  0]LogContentBrowser: Native class hierarchy populated in 0.0253 seconds. Added 2141 classes and 415 folders.
[2017.10.09-09.48.47:555][  0]LogStats: UGameplayTagsManager::ConstructGameplayTagTree: Construct from data asset -  0.000 s
[2017.10.09-09.48.47:555][  0]LogStats: UGameplayTagsManager::ConstructGameplayTagTree: GameplayTagTreeChangedEvent.Broadcast -  0.000 s
[2017.10.09-09.48.47:557][  0]LogContentBrowser: Native class hierarchy updated for 'GameplayTags' in 0.0012 seconds. Added 12 classes and 0 folders.
[2017.10.09-09.48.47:570][  0]LogContentBrowser: Native class hierarchy updated for 'WidgetCarousel' in 0.0011 seconds. Added 0 classes and 0 folders.
[2017.10.09-09.48.47:724][  0]LogContentBrowser: Native class hierarchy updated for 'AddContentDialog' in 0.0012 seconds. Added 0 classes and 0 folders.
[2017.10.09-09.48.47:744][  0]LogContentBrowser: Native class hierarchy updated for 'WorldBrowser' in 0.0011 seconds. Added 1 classes and 3 folders.
[2017.10.09-09.48.47:762][  0]LogContentBrowser: Native class hierarchy updated for 'SceneOutliner' in 0.0012 seconds. Added 1 classes and 2 folders.
[2017.10.09-09.48.47:813][  0]LogCrashTracker: Crashtracker disabled due to settings.
[2017.10.09-09.48.47:820][  0]LogUObjectGlobals:Warning: Failed to find object 'Class None.'
[2017.10.09-09.48.47:861][  0]LogContentBrowser: Native class hierarchy updated for 'HierarchicalLODOutliner' in 0.0013 seconds. Added 1 classes and 2 folders.
[2017.10.09-09.48.47:862][  0]LogLoad: (Engine Initialization) Total time: 32.00 seconds
[2017.10.09-09.48.47:862][  0]LogLoad: (Engine Initialization) Total Blueprint compile time: 1.55 seconds
[2017.10.09-09.48.47:862][  0]LogExternalProfiler: No external profilers were discovered.  External profiling features will not be available.
[2017.10.09-09.48.47:874][  0]LogOcInput: OculusInput pre-init called
[2017.10.09-09.48.47:916][  0]LogContentStreaming: Texture pool size now 1000 MB
[2017.10.09-09.48.48:288][  0]LogRenderer: Reallocating scene render targets to support 1208x568 (Frame:2).
[2017.10.09-09.48.48:589][  1]LogCollectionManager: Rebuilt the object cache for 0 collections in 0.000003 seconds (found 0 objects)
[2017.10.09-09.48.52:118][  4]LogAssetRegistry: Asset discovery search completed in 24.0642 seconds
[2017.10.09-09.48.52:129][  4]LogCollectionManager: Fixed up redirectors for 0 collections in 0.000020 seconds (updated 0 objects)
[2017.10.09-09.51.43:111][589]LogEditorViewport: Clicking on Actor (LMB): Chair_Y90ZRandRot_C (Chair_Y90ZRandRot3)
[2017.10.09-09.51.51:067][873]LogEditorActor: Deleted Actor: Chair_Y90ZRandRot_C
[2017.10.09-09.51.51:493][873]LogEditorActor: Deleted 1 Actors (0.436 secs)
[2017.10.09-09.53.32:352][203]LogD3D11RHI: Timed out while waiting for GPU to catch up. (0.5 s)
[2017.10.09-09.53.32:860][204]LogD3D11RHI: Timed out while waiting for GPU to catch up. (0.5 s)
[2017.10.09-09.53.57:615][220]LogD3D11RHI: Timed out while waiting for GPU to catch up. (0.5 s)
[2017.10.09-09.53.58:173][221]LogD3D11RHI: Timed out while waiting for GPU to catch up. (0.5 s)
[2017.10.09-09.53.59:835][231]LogD3D11RHI: Timed out while waiting for GPU to catch up. (0.5 s)
[2017.10.09-09.54.03:080][231]LogD3D11RHI: Timed out while waiting for GPU to catch up. (0.5 s)
[2017.10.09-09.54.03:668][232]LogD3D11RHI: Timed out while waiting for GPU to catch up. (0.5 s)
[2017.10.09-09.54.05:841][232]LogD3D11RHI: Timed out while waiting for GPU to catch up. (0.5 s)
[2017.10.09-09.54.06:378][233]LogD3D11RHI: Timed out while waiting for GPU to catch up. (0.5 s)
[2017.10.09-09.54.10:806][233]LogD3D11RHI: Timed out while waiting for GPU to catch up. (0.5 s)
[2017.10.09-09.54.11:323][234]LogD3D11RHI: Timed out while waiting for GPU to catch up. (0.5 s)
[2017.10.09-09.54.16:905][236]LogD3D11RHI: Timed out while waiting for GPU to catch up. (0.5 s)
[2017.10.09-09.54.17:435][237]LogD3D11RHI: Timed out while waiting for GPU to catch up. (0.5 s)
[2017.10.09-09.54.19:126][237]LogD3D11RHI: Timed out while waiting for GPU to catch up. (0.5 s)
[2017.10.09-09.54.19:647][238]LogD3D11RHI: Timed out while waiting for GPU to catch up. (0.5 s)
[2017.10.09-09.54.23:089][238]LogD3D11RHI: Timed out while waiting for GPU to catch up. (0.5 s)
[2017.10.09-09.54.23:597][239]LogD3D11RHI: Timed out while waiting for GPU to catch up. (0.5 s)
[2017.10.09-09.54.28:060][242]LogD3D11RHI: Timed out while waiting for GPU to catch up. (0.5 s)
[2017.10.09-09.54.28:625][243]LogD3D11RHI: Timed out while waiting for GPU to catch up. (0.5 s)
[2017.10.09-09.54.32:863][243]LogD3D11RHI: Timed out while waiting for GPU to catch up. (0.5 s)
[2017.10.09-09.54.33:819][243]LogD3D11RHI: Timed out while waiting for GPU to catch up. (0.5 s)
[2017.10.09-09.54.38:650][243]LogD3D11RHI: Timed out while waiting for GPU to catch up. (0.5 s)
[2017.10.09-09.54.44:913][246]LogD3D11RHI: Timed out while waiting for GPU to catch up. (0.5 s)
[2017.10.09-09.55.04:238][781]LogD3D11RHI: Timed out while waiting for GPU to catch up. (0.5 s)
[2017.10.09-09.55.05:232][782]LogD3D11RHI: Timed out while waiting for GPU to catch up. (0.5 s)
[2017.10.09-09.55.05:737][782]LogD3D11RHI: Timed out while waiting for GPU to catch up. (0.5 s)
[2017.10.09-09.55.10:183][782]LogStats: FPlatformStackWalk::StackWalkAndDump -  0.291 s
[2017.10.09-09.55.10:183][782]LogOutputDevice:Error: === Handled ensure: ===
[2017.10.09-09.55.10:183][782]LogOutputDevice:Error: 
[2017.10.09-09.55.10:183][782]LogOutputDevice:Error: Ensure condition failed: TabBeingDraggedPtr.IsValid() [File:D:\Build\++UE4+Release-4.13+Compile\Sync\Engine\Source\Runtime\Slate\Private\Framework\Docking\SDockingTabWell.cpp] [Line: 375]
[2017.10.09-09.55.10:183][782]LogOutputDevice:Error: 
[2017.10.09-09.55.10:183][782]LogOutputDevice:Error: Stack: 
[2017.10.09-09.55.10:183][782]LogOutputDevice:Error: UE4Editor-Core.dll
[2017.10.09-09.55.10:183][782]LogOutputDevice:Error: UE4Editor-Core.dll
[2017.10.09-09.55.10:183][782]LogOutputDevice:Error: UE4Editor-Core.dll
[2017.10.09-09.55.10:183][782]LogOutputDevice:Error: UE4Editor-Slate.dll
[2017.10.09-09.55.10:183][782]LogOutputDevice:Error: UE4Editor-Slate.dll
[2017.10.09-09.55.10:183][782]LogOutputDevice:Error: UE4Editor-Slate.dll
[2017.10.09-09.55.10:183][782]LogOutputDevice:Error: UE4Editor-Slate.dll
[2017.10.09-09.55.10:183][782]LogOutputDevice:Error: UE4Editor-Slate.dll
[2017.10.09-09.55.10:183][782]LogOutputDevice:Error: UE4Editor-Slate.dll
[2017.10.09-09.55.10:183][782]LogOutputDevice:Error: UE4Editor-Core.dll
[2017.10.09-09.55.10:183][782]LogOutputDevice:Error: UE4Editor-Core.dll
[2017.10.09-09.55.10:183][782]LogOutputDevice:Error: UE4Editor-Core.dll
[2017.10.09-09.55.10:184][782]LogOutputDevice:Error: UE4Editor-Core.dll
[2017.10.09-09.55.10:184][782]LogOutputDevice:Error: USER32.dll
[2017.10.09-09.55.10:184][782]LogOutputDevice:Error: USER32.dll
[2017.10.09-09.55.10:184][782]LogOutputDevice:Error: UE4Editor-Core.dll
[2017.10.09-09.55.10:184][782]LogOutputDevice:Error: UE4Editor.exe
[2017.10.09-09.55.10:184][782]LogOutputDevice:Error: UE4Editor.exe
[2017.10.09-09.55.10:184][782]LogOutputDevice:Error: UE4Editor.exe
[2017.10.09-09.55.10:184][782]LogOutputDevice:Error: UE4Editor.exe
[2017.10.09-09.55.10:184][782]LogOutputDevice:Error: UE4Editor.exe
[2017.10.09-09.55.10:184][782]LogOutputDevice:Error: kernel32.dll
[2017.10.09-09.55.10:184][782]LogOutputDevice:Error: ntdll.dll
[2017.10.09-09.55.10:184][782]LogOutputDevice:Error: ntdll.dll
[2017.10.09-09.55.10:184][782]LogOutputDevice:Error: 
[2017.10.09-09.55.10:187][782]LogStats:                SubmitErrorReport -  0.003 s
[2017.10.09-09.55.23:804][782]LogStats:                    SendNewReport - 13.618 s
[2017.10.09-09.55.23:804][782]LogStats:             FDebug::EnsureFailed - 13.943 s
[2017.10.09-09.55.24:428][784]LogD3D11RHI: Timed out while waiting for GPU to catch up. (0.5 s)
[2017.10.09-09.55.24:951][785]LogD3D11RHI: Timed out while waiting for GPU to catch up. (0.5 s)
[2017.10.09-09.55.43:089][785]LogD3D11RHI: Timed out while waiting for GPU to catch up. (0.5 s)
[2017.10.09-09.55.43:662][786]LogD3D11RHI: Timed out while waiting for GPU to catch up. (0.5 s)
[2017.10.09-09.55.51:282][935]LogD3D11RHI: Timed out while waiting for GPU to catch up. (0.5 s)
[2017.10.09-09.55.55:281][936]LogD3D11RHI: Timed out while waiting for GPU to catch up. (0.5 s)
[2017.10.09-09.56.12:671][264]Cmd: OBJ SAVEPACKAGE PACKAGE="/Game/Maps/Laboratories" FILE="D:/Git/Loneliness/Content/Maps/Laboratories.umap" SILENT=true AUTOSAVING=false KEEPDIRTY=false
[2017.10.09-09.56.16:118][264]LogSavePackage: Save=3054.05ms
[2017.10.09-09.56.16:118][264]LogSavePackage: Moving 'D:/Git/Loneliness/Saved/LaboratoriesD8E278D34EDA344198D67AA2472FF92A.tmp' to 'D:/Git/Loneliness/Content/Maps/Laboratories.umap'
[2017.10.09-09.56.16:123][264]LogSavePackage:Display: Finished SavePackage D:/Git/Loneliness/Content/Maps/Laboratories.umap
[2017.10.09-09.56.16:329][264]LogFileHelpers: Saving map 'Laboratories' took 4.203
[2017.10.09-09.56.16:550][264]Cmd: OBJ SAVEPACKAGE PACKAGE="/Game/Maps/StreamingLevels/Floor1/hallway1" FILE="D:/Git/Loneliness/Content/Maps/StreamingLevels/Floor1/hallway1.umap" SILENT=true AUTOSAVING=false KEEPDIRTY=false
[2017.10.09-09.56.16:835][264]LogSavePackage: Save=214.10ms
[2017.10.09-09.56.16:835][264]LogSavePackage: Moving 'D:/Git/Loneliness/Saved/hallway18A27E07E40B7076AA400088874B49C33.tmp' to 'D:/Git/Loneliness/Content/Maps/StreamingLevels/Floor1/hallway1.umap'
[2017.10.09-09.56.16:838][264]LogSavePackage:Display: Finished SavePackage D:/Git/Loneliness/Content/Maps/StreamingLevels/Floor1/hallway1.umap
[2017.10.09-09.56.16:840][264]LogFileHelpers: Saving map 'hallway1' took 0.505
[2017.10.09-09.56.17:054][264]Cmd: OBJ SAVEPACKAGE PACKAGE="/Game/Maps/StreamingLevels/Floor1/room6" FILE="D:/Git/Loneliness/Content/Maps/StreamingLevels/Floor1/room6.umap" SILENT=true AUTOSAVING=false KEEPDIRTY=false
[2017.10.09-09.56.17:193][264]LogSavePackage: Save=70.70ms
[2017.10.09-09.56.17:193][264]LogSavePackage: Moving 'D:/Git/Loneliness/Saved/room6443F239746EBAECEEA3EFCB3398BD805.tmp' to 'D:/Git/Loneliness/Content/Maps/StreamingLevels/Floor1/room6.umap'
[2017.10.09-09.56.17:204][264]LogSavePackage:Display: Finished SavePackage D:/Git/Loneliness/Content/Maps/StreamingLevels/Floor1/room6.umap
[2017.10.09-09.56.17:205][264]LogFileHelpers: Saving map 'room6' took 0.360
[2017.10.09-09.56.17:427][264]Cmd: OBJ SAVEPACKAGE PACKAGE="/Game/Maps/StreamingLevels/Floor1/room14" FILE="D:/Git/Loneliness/Content/Maps/StreamingLevels/Floor1/room14.umap" SILENT=true AUTOSAVING=false KEEPDIRTY=false
[2017.10.09-09.56.17:594][264]LogSavePackage: Save=98.96ms
[2017.10.09-09.56.17:594][264]LogSavePackage: Moving 'D:/Git/Loneliness/Saved/room14B1439D894E0482940737238BCB5C469E.tmp' to 'D:/Git/Loneliness/Content/Maps/StreamingLevels/Floor1/room14.umap'
[2017.10.09-09.56.17:597][264]LogSavePackage:Display: Finished SavePackage D:/Git/Loneliness/Content/Maps/StreamingLevels/Floor1/room14.umap
[2017.10.09-09.56.17:599][264]LogFileHelpers: Saving map 'room14' took 0.388
[2017.10.09-09.56.23:906][325]Cmd: QUIT_EDITOR
[2017.10.09-09.56.25:657][325]LogExit: Preparing to exit.
[2017.10.09-09.56.29:206][325]LogExit: Editor shut down
[2017.10.09-09.56.29:207][325]LogExit: Transaction tracking system shut down
[2017.10.09-09.56.39:232][325]LogObj: Freed 0b from 0 cluster array pools.
[2017.10.09-09.56.39:232][325]LogExit: Object subsystem successfully closed.
[2017.10.09-09.56.40:844][325]LogD3D11RHI: Shutdown
[2017.10.09-09.56.40:880][325]LogD3D11RHI: CleanupD3DDevice
[2017.10.09-09.56.41:888][325]LogD3D11RHI: ~FD3D11DynamicRHI
[2017.10.09-09.56.44:717][325]LogModuleManager: Shutting down and abandoning module ExternalImagePicker (235)
[2017.10.09-09.56.44:717][325]LogModuleManager: Shutting down and abandoning module HierarchicalLODOutliner (234)
[2017.10.09-09.56.44:754][325]LogModuleManager: Shutting down and abandoning module CrashTracker (233)
[2017.10.09-09.56.44:781][325]LogModuleManager: Shutting down and abandoning module SceneOutliner (232)
[2017.10.09-09.56.44:781][325]LogModuleManager: Shutting down and abandoning module WorldBrowser (231)
[2017.10.09-09.56.44:782][325]LogModuleManager: Shutting down and abandoning module WidgetCarousel (230)
[2017.10.09-09.56.44:803][325]LogModuleManager: Shutting down and abandoning module AddContentDialog (229)
[2017.10.09-09.56.44:979][325]LogDirectoryWatcher: A directory notification for 'C:/Program Files/Epic Games/UE_4.13/FeaturePacks/' was aborted.
[2017.10.09-09.56.45:080][325]LogModuleManager: Shutting down and abandoning module GameplayTags (228)
[2017.10.09-09.56.45:080][325]LogModuleManager: Shutting down and abandoning module EditorWidgets (227)
[2017.10.09-09.56.45:080][325]LogModuleManager: Shutting down and abandoning module CollectionManager (226)
[2017.10.09-09.56.45:130][325]LogDirectoryWatcher: A directory notification for 'D:/Git/Loneliness/Content/Collections/' was aborted.
[2017.10.09-09.56.45:130][325]LogDirectoryWatcher: A directory notification for 'D:/Git/Loneliness/Content/Developers/Администратор/Collections/' was aborted.
[2017.10.09-09.56.45:130][325]LogDirectoryWatcher: A directory notification for 'D:/Git/Loneliness/Saved/Collections/' was aborted.
[2017.10.09-09.56.45:130][325]LogModuleManager: Shutting down and abandoning module StatsViewer (225)
[2017.10.09-09.56.45:209][325]LogModuleManager: Shutting down and abandoning module FoliageEdit (224)
[2017.10.09-09.56.45:217][325]LogModuleManager: Shutting down and abandoning module LandscapeEditor (223)
[2017.10.09-09.56.45:265][325]LogModuleManager: Shutting down and abandoning module SceneDepthPickerMode (222)
[2017.10.09-09.56.45:265][325]LogModuleManager: Shutting down and abandoning module ActorPickerMode (221)
[2017.10.09-09.56.45:265][325]LogModuleManager: Shutting down and abandoning module GeometryMode (220)
[2017.10.09-09.56.45:265][325]LogModuleManager: Shutting down and abandoning module TextureAlignMode (219)
[2017.10.09-09.56.45:265][325]LogModuleManager: Shutting down and abandoning module BspMode (218)
[2017.10.09-09.56.45:291][325]LogModuleManager: Shutting down and abandoning module HardwareSurvey (217)
[2017.10.09-09.56.45:320][325]LogModuleManager: Shutting down and abandoning module SequenceRecorderSections (216)
[2017.10.09-09.56.45:321][325]LogModuleManager: Shutting down and abandoning module SequenceRecorder (215)
[2017.10.09-09.56.45:415][325]LogModuleManager: Shutting down and abandoning module AutomationWorker (214)
[2017.10.09-09.56.45:419][325]LogModuleManager: Shutting down and abandoning module MatineeToLevelSequence (213)
[2017.10.09-09.56.45:453][325]LogModuleManager: Shutting down and abandoning module PlacementMode (212)
[2017.10.09-09.56.45:540][325]LogModuleManager: Shutting down and abandoning module LevelSequenceEditor (211)
[2017.10.09-09.56.45:753][325]LogModuleManager: Shutting down and abandoning module WmfMediaFactory (210)
[2017.10.09-09.56.45:753][325]LogModuleManager: Shutting down and abandoning module WmfMediaEditor (209)
[2017.10.09-09.56.45:753][325]LogModuleManager: Shutting down and abandoning module AvfMediaFactory (208)
[2017.10.09-09.56.45:753][325]LogModuleManager: Shutting down and abandoning module AvfMediaEditor (207)
[2017.10.09-09.56.45:753][325]LogModuleManager: Shutting down and abandoning module Media (206)
[2017.10.09-09.56.45:754][325]LogModuleManager: Shutting down and abandoning module AndroidMediaFactory (205)
[2017.10.09-09.56.45:754][325]LogModuleManager: Shutting down and abandoning module AndroidMediaEditor (204)
[2017.10.09-09.56.45:754][325]LogModuleManager: Shutting down and abandoning module CharacterAI (203)
[2017.10.09-09.56.45:754][325]LogModuleManager: Shutting down and abandoning module SmartSnapping (202)
[2017.10.09-09.56.45:754][325]LogModuleManager: Shutting down and abandoning module SessionServices (201)
[2017.10.09-09.56.45:754][325]LogModuleManager: Shutting down and abandoning module ViewportSnapping (200)
[2017.10.09-09.56.45:754][325]LogModuleManager: Shutting down and abandoning module ViewportInteraction (199)
[2017.10.09-09.56.45:754][325]LogModuleManager: Shutting down and abandoning module LogVisualizer (198)
[2017.10.09-09.56.45:899][325]LogModuleManager: Shutting down and abandoning module GameProjectGeneration (197)
[2017.10.09-09.56.46:057][325]LogModuleManager: Shutting down and abandoning module IntroTutorials (196)
[2017.10.09-09.56.46:100][325]LogModuleManager: Shutting down and abandoning module EditorLiveStreaming (195)
[2017.10.09-09.56.46:100][325]LogModuleManager: Shutting down and abandoning module IOSPlatformEditor (194)
[2017.10.09-09.56.46:167][325]LogModuleManager: Shutting down and abandoning module HTML5PlatformEditor (193)
[2017.10.09-09.56.46:167][325]LogModuleManager: Shutting down and abandoning module AndroidDeviceDetection (192)
[2017.10.09-09.56.46:256][325]LogModuleManager: Shutting down and abandoning module AndroidPlatformEditor (191)
[2017.10.09-09.56.46:277][325]LogModuleManager: Shutting down and abandoning module IOSRuntimeSettings (190)
[2017.10.09-09.56.46:277][325]LogModuleManager: Shutting down and abandoning module AndroidRuntimeSettings (189)
[2017.10.09-09.56.46:277][325]LogModuleManager: Shutting down and abandoning module NiagaraEditor (188)
[2017.10.09-09.56.46:328][325]LogModuleManager: Shutting down and abandoning module MergeActors (187)
[2017.10.09-09.56.46:354][325]LogModuleManager: Shutting down and abandoning module SizeMap (186)
[2017.10.09-09.56.46:379][325]LogModuleManager: Shutting down and abandoning module TreeMap (185)
[2017.10.09-09.56.46:405][325]LogModuleManager: Shutting down and abandoning module ReferenceViewer (184)
[2017.10.09-09.56.46:405][325]LogModuleManager: Shutting down and abandoning module LocalizationService (183)
[2017.10.09-09.56.46:416][325]LogModuleManager: Shutting down and abandoning module LocalizationDashboard (182)
[2017.10.09-09.56.46:513][325]LogModuleManager: Shutting down and abandoning module HardwareTargeting (181)
[2017.10.09-09.56.46:513][325]LogModuleManager: Shutting down and abandoning module DeviceProfileEditor (180)
[2017.10.09-09.56.46:609][325]LogModuleManager: Shutting down and abandoning module UndoHistory (179)
[2017.10.09-09.56.46:654][325]LogModuleManager: Shutting down and abandoning module UserFeedback (178)
[2017.10.09-09.56.46:654][325]LogModuleManager: Shutting down and abandoning module XmlParser (177)
[2017.10.09-09.56.46:684][325]LogModuleManager: Shutting down and abandoning module Blutility (176)
[2017.10.09-09.56.46:712][325]LogModuleManager: Shutting down and abandoning module ProjectTargetPlatformEditor (175)
[2017.10.09-09.56.46:748][325]LogModuleManager: Shutting down and abandoning module ProjectSettingsViewer (174)
[2017.10.09-09.56.46:748][325]LogModuleManager: Shutting down and abandoning module InputBindingEditor (173)
[2017.10.09-09.56.46:877][325]LogModuleManager: Shutting down and abandoning module EditorSettingsViewer (172)
[2017.10.09-09.56.46:877][325]LogModuleManager: Shutting down and abandoning module SettingsEditor (171)
[2017.10.09-09.56.46:904][325]LogModuleManager: Shutting down and abandoning module ProjectLauncher (170)
[2017.10.09-09.56.46:990][325]LogModuleManager: Shutting down and abandoning module SessionFrontend (169)
[2017.10.09-09.56.47:010][325]LogModuleManager: Shutting down and abandoning module ProfilerClient (168)
[2017.10.09-09.56.47:031][325]LogModuleManager: Shutting down and abandoning module TargetDeviceServices (167)
[2017.10.09-09.56.47:031][325]LogModuleManager: Shutting down and abandoning module DeviceManager (166)
[2017.10.09-09.56.47:103][325]LogModuleManager: Shutting down and abandoning module AutomationController (165)
[2017.10.09-09.56.47:196][325]LogModuleManager: Shutting down and abandoning module AutomationWindow (164)
[2017.10.09-09.56.47:281][325]LogModuleManager: Shutting down and abandoning module Layers (163)
[2017.10.09-09.56.47:433][325]LogModuleManager: Shutting down and abandoning module ComponentVisualizers (162)
[2017.10.09-09.56.47:433][325]LogModuleManager: Shutting down and abandoning module DetailCustomizations (161)
[2017.10.09-09.56.47:473][325]LogModuleManager: Shutting down and abandoning module PackagesDialog (160)
[2017.10.09-09.56.47:474][325]LogModuleManager: Shutting down and abandoning module AnimGraph (159)
[2017.10.09-09.56.47:504][325]LogModuleManager: Shutting down and abandoning module Persona (158)
[2017.10.09-09.56.47:688][325]LogModuleManager: Shutting down and abandoning module Kismet (157)
[2017.10.09-09.56.47:746][325]LogModuleManager: Shutting down and abandoning module GraphEditor (156)
[2017.10.09-09.56.47:940][325]LogModuleManager: Shutting down and abandoning module ClassViewer (155)
[2017.10.09-09.56.48:037][325]LogModuleManager: Shutting down and abandoning module Toolbox (154)
[2017.10.09-09.56.48:054][325]LogModuleManager: Shutting down and abandoning module ModuleUI (153)
[2017.10.09-09.56.48:071][325]LogModuleManager: Shutting down and abandoning module MovieSceneTools (152)
[2017.10.09-09.56.48:181][325]LogModuleManager: Shutting down and abandoning module OutputLog (151)
[2017.10.09-09.56.48:232][325]LogModuleManager: Shutting down and abandoning module GammaUI (150)
[2017.10.09-09.56.48:275][325]LogModuleManager: Shutting down and abandoning module Documentation (149)
[2017.10.09-09.56.48:275][325]LogModuleManager: Shutting down and abandoning module Niagara (148)
[2017.10.09-09.56.48:306][325]LogModuleManager: Shutting down and abandoning module StreamingPauseRendering (147)
[2017.10.09-09.56.48:306][325]LogModuleManager: Shutting down and abandoning module AnalyticsET (146)
[2017.10.09-09.56.48:306][325]LogModuleManager: Shutting down and abandoning module PortalServices (145)
[2017.10.09-09.56.48:306][325]LogModuleManager: Shutting down and abandoning module PortalRpc (144)
[2017.10.09-09.56.48:306][325]LogModuleManager: Shutting down and abandoning module MessagingRpc (143)
[2017.10.09-09.56.48:306][325]LogModuleManager: Shutting down and abandoning module GameplayDebugger (142)
[2017.10.09-09.56.48:422][325]LogModuleManager: Shutting down and abandoning module AITestSuite (141)
[2017.10.09-09.56.48:434][325]LogModuleManager: Shutting down and abandoning module AIModule (140)
[2017.10.09-09.56.48:434][325]LogModuleManager: Shutting down and abandoning module ProfilerService (139)
[2017.10.09-09.56.48:619][325]LogModuleManager: Shutting down and abandoning module TaskGraph (138)
[2017.10.09-09.56.48:717][325]LogModuleManager: Shutting down and abandoning module SlateRemote (137)
[2017.10.09-09.56.48:717][325]LogModuleManager: Shutting down and abandoning module SteamVRController (136)
[2017.10.09-09.56.48:717][325]LogModuleManager: Shutting down and abandoning module SteamVR (135)
[2017.10.09-09.56.48:717][325]LogModuleManager: Shutting down and abandoning module ProceduralMeshComponentEditor (134)
[2017.10.09-09.56.48:743][325]LogModuleManager: Shutting down and abandoning module ProceduralMeshComponent (133)
[2017.10.09-09.56.48:743][325]LogModuleManager: Shutting down and abandoning module OculusLibrary (132)
[2017.10.09-09.56.48:743][325]LogModuleManager: Shutting down and abandoning module OculusInput (131)
[2017.10.09-09.56.48:743][325]LogModuleManager: Shutting down and abandoning module CustomMeshComponent (130)
[2017.10.09-09.56.48:743][325]LogModuleManager: Shutting down and abandoning module CableComponent (129)
[2017.10.09-09.56.48:743][325]LogModuleManager: Shutting down and abandoning module ArchVisCharacter (128)
[2017.10.09-09.56.48:743][325]LogModuleManager: Shutting down and abandoning module MediaPlayerEditor (126)
[2017.10.09-09.56.48:893][325]LogModuleManager: Shutting down and abandoning module HTML5Networking (125)
[2017.10.09-09.56.48:893][325]LogModuleManager: Shutting down and abandoning module GeometryCacheEd (124)
[2017.10.09-09.56.48:893][325]LogModuleManager: Shutting down and abandoning module GeometryCache (123)
[2017.10.09-09.56.48:893][325]LogModuleManager: Shutting down and abandoning module AlembicLibrary (122)
[2017.10.09-09.56.48:893][325]LogModuleManager: Shutting down and abandoning module AlembicImporter (121)
[2017.10.09-09.56.48:908][325]LogModuleManager: Shutting down and abandoning module SuperSearch (120)
[2017.10.09-09.56.48:908][325]LogModuleManager: Shutting down and abandoning module SuperSearchEditor (119)
[2017.10.09-09.56.48:908][325]LogModuleManager: Shutting down and abandoning module SpeedTreeImporter (118)
[2017.10.09-09.56.48:908][325]LogModuleManager: Shutting down and abandoning module PluginBrowser (117)
[2017.10.09-09.56.48:926][325]LogModuleManager: Shutting down and abandoning module MobileLauncherProfileWizard (116)
[2017.10.09-09.56.49:007][325]LogModuleManager: Shutting down and abandoning module EpicSurvey (115)
[2017.10.09-09.56.49:020][325]LogModuleManager: Shutting down and abandoning module DesktopPlatform (114)
[2017.10.09-09.56.49:024][325]LogModuleManager: Shutting down and abandoning module VisualStudioSourceCodeAccess (113)
[2017.10.09-09.56.49:052][325]LogModuleManager: Shutting down and abandoning module UObjectPlugin (112)
[2017.10.09-09.56.49:052][325]LogModuleManager: Shutting down and abandoning module SubversionSourceControl (111)
[2017.10.09-09.56.49:072][325]LogModuleManager: Shutting down and abandoning module PerforceSourceControl (110)
[2017.10.09-09.56.49:137][325]LogModuleManager: Shutting down and abandoning module SourceControl (109)
[2017.10.09-09.56.49:220][325]LogModuleManager: Shutting down and abandoning module GitSourceControl (108)
[2017.10.09-09.56.49:248][325]LogModuleManager: Shutting down and abandoning module LightPropagationVolumeEditor (107)
[2017.10.09-09.56.49:248][325]LogModuleManager: Shutting down and abandoning module PaperTiledImporter (106)
[2017.10.09-09.56.49:274][325]LogModuleManager: Shutting down and abandoning module PaperSpriteSheetImporter (105)
[2017.10.09-09.56.49:274][325]LogModuleManager: Shutting down and abandoning module MeshPaint (104)
[2017.10.09-09.56.49:274][325]LogModuleManager: Shutting down and abandoning module FbxAutomationBuilderModule (103)
[2017.10.09-09.56.49:286][325]LogModuleManager: Shutting down and abandoning module PixelInspectorModule (102)
[2017.10.09-09.56.49:328][325]LogModuleManager: Shutting down and abandoning module HotReload (101)
[2017.10.09-09.56.49:400][325]LogModuleManager: Shutting down and abandoning module MainFrame (100)
[2017.10.09-09.56.49:400][325]LogModuleManager: Shutting down and abandoning module LevelEditor (99)
[2017.10.09-09.56.49:429][325]LogModuleManager: Shutting down and abandoning module ContentBrowser (98)
[2017.10.09-09.56.49:430][325]LogModuleManager: Shutting down and abandoning module Paper2DEditor (97)
[2017.10.09-09.56.49:494][325]LogModuleManager: Shutting down and abandoning module UdpMessaging (96)
[2017.10.09-09.56.49:595][325]LogModuleManager: Shutting down and abandoning module TcpMessaging (95)
[2017.10.09-09.56.49:717][325]LogModuleManager: Shutting down and abandoning module LightPropagationVolumeRuntime (94)
[2017.10.09-09.56.49:717][325]LogModuleManager: Shutting down and abandoning module Paper2D (93)
[2017.10.09-09.56.49:730][325]LogModuleManager: Shutting down and abandoning module WindowsMoviePlayer (92)
[2017.10.09-09.56.49:881][325]LogModuleManager: Shutting down and abandoning module WmfMedia (91)
[2017.10.09-09.56.49:951][325]LogModuleManager: Shutting down and abandoning module MediaAssets (90)
[2017.10.09-09.56.49:951][325]LogModuleManager: Shutting down and abandoning module GameLiveStreaming (89)
[2017.10.09-09.56.50:018][325]LogModuleManager: Shutting down and abandoning module GameplayTagsEditor (88)
[2017.10.09-09.56.50:046][325]LogModuleManager: Shutting down and abandoning module VREditor (87)
[2017.10.09-09.56.50:046][325]LogModuleManager: Shutting down and abandoning module GameplayTasksEditor (86)
[2017.10.09-09.56.50:046][325]LogModuleManager: Shutting down and abandoning module PropertyEditor (85)
[2017.10.09-09.56.50:046][325]LogModuleManager: Shutting down and abandoning module BehaviorTreeEditor (84)
[2017.10.09-09.56.50:211][325]LogModuleManager: Shutting down and abandoning module FunctionalTesting (83)
[2017.10.09-09.56.50:211][325]LogModuleManager: Shutting down and abandoning module CollisionAnalyzer (82)
[2017.10.09-09.56.50:381][325]LogModuleManager: Shutting down and abandoning module Sequencer (81)
[2017.10.09-09.56.50:556][325]LogModuleManager: Shutting down and abandoning module WorkspaceMenuStructure (80)
[2017.10.09-09.56.50:556][325]LogModuleManager: Shutting down and abandoning module MessageLog (79)
[2017.10.09-09.56.50:556][325]LogModuleManager: Shutting down and abandoning module AssetTools (78)
[2017.10.09-09.56.50:708][325]LogModuleManager: Shutting down and abandoning module UMGEditor (77)
[2017.10.09-09.56.50:820][325]LogModuleManager: Shutting down and abandoning module UMG (76)
[2017.10.09-09.56.50:864][325]LogModuleManager: Shutting down and abandoning module SlateReflector (75)
[2017.10.09-09.56.50:946][325]LogModuleManager: Shutting down and abandoning module Slate (74)
[2017.10.09-09.56.50:946][325]LogModuleManager: Shutting down and abandoning module EditorStyle (73)
[2017.10.09-09.56.50:974][325]LogModuleManager: Shutting down and abandoning module SourceCodeAccess (72)
[2017.10.09-09.56.50:974][325]LogModuleManager: Shutting down and abandoning module HeadMountedDisplay (71)
[2017.10.09-09.56.50:974][325]LogModuleManager: Shutting down and abandoning module XAudio2 (70)
[2017.10.09-09.56.50:974][325]LogModuleManager: Shutting down and abandoning module Networking (68)
[2017.10.09-09.56.50:975][325]LogModuleManager: Shutting down and abandoning module Core (67)
[2017.10.09-09.56.50:975][325]LogModuleManager: Shutting down and abandoning module DirectoryWatcher (66)
[2017.10.09-09.56.50:975][325]LogDirectoryWatcher: A directory notification for '../../../Engine/Content/' was aborted.
[2017.10.09-09.56.50:975][325]LogDirectoryWatcher: A directory notification for 'D:/Git/Loneliness/Content/' was aborted.
[2017.10.09-09.56.50:975][325]LogDirectoryWatcher: A directory notification for '../../../Engine/Plugins/2D/Paper2D/Content/' was aborted.
[2017.10.09-09.56.50:977][325]LogModuleManager: Shutting down and abandoning module AssetRegistry (65)
[2017.10.09-09.56.51:283][325]LogModuleManager: Shutting down and abandoning module KismetCompiler (64)
[2017.10.09-09.56.51:283][325]LogModuleManager: Shutting down and abandoning module PhysXFormats (63)
[2017.10.09-09.56.51:308][325]LogModuleManager: Shutting down and abandoning module MeshUtilities (62)
[2017.10.09-09.56.51:401][325]LogModuleManager: Shutting down and abandoning module DerivedDataCache (61)
[2017.10.09-09.56.51:509][325]LogDerivedDataCache: Shutdown
[2017.10.09-09.56.51:509][325]LogModuleManager: Shutting down and abandoning module VulkanShaderFormat (60)
[2017.10.09-09.56.51:518][325]LogModuleManager: Shutting down and abandoning module ShaderFormatOpenGL (59)
[2017.10.09-09.56.51:573][325]LogModuleManager: Shutting down and abandoning module ShaderFormatD3D (58)
[2017.10.09-09.56.51:629][325]LogModuleManager: Shutting down and abandoning module MetalShaderFormat (57)
[2017.10.09-09.56.51:696][325]LogModuleManager: Shutting down and abandoning module TextureFormatUncompressed (56)
[2017.10.09-09.56.51:697][325]LogModuleManager: Shutting down and abandoning module TextureFormatPVR (55)
[2017.10.09-09.56.51:740][325]LogModuleManager: Shutting down and abandoning module TextureFormatDXT (54)
[2017.10.09-09.56.51:785][325]LogModuleManager: Shutting down and abandoning module TextureFormatIntelISPCTexComp (53)
[2017.10.09-09.56.51:930][325]LogModuleManager: Shutting down and abandoning module ImageWrapper (52)
[2017.10.09-09.56.51:930][325]LogModuleManager: Shutting down and abandoning module TextureFormatASTC (51)
[2017.10.09-09.56.51:930][325]LogModuleManager: Shutting down and abandoning module TextureFormatAndroid (50)
[2017.10.09-09.56.51:931][325]LogModuleManager: Shutting down and abandoning module AudioFormatOpus (49)
[2017.10.09-09.56.51:969][325]LogModuleManager: Shutting down and abandoning module AudioFormatOgg (48)
[2017.10.09-09.56.52:001][325]LogModuleManager: Shutting down and abandoning module AudioFormatADPCM (47)
[2017.10.09-09.56.52:035][325]LogModuleManager: Shutting down and abandoning module LinuxTargetPlatform (46)
[2017.10.09-09.56.52:035][325]LogModuleManager: Shutting down and abandoning module LinuxServerTargetPlatform (45)
[2017.10.09-09.56.52:059][325]LogModuleManager: Shutting down and abandoning module LinuxNoEditorTargetPlatform (44)
[2017.10.09-09.56.52:087][325]LogModuleManager: Shutting down and abandoning module LinuxClientTargetPlatform (43)
[2017.10.09-09.56.52:116][325]LogModuleManager: Shutting down and abandoning module TVOSTargetPlatform (42)
[2017.10.09-09.56.52:116][325]LogModuleManager: Shutting down and abandoning module Messaging (41)
[2017.10.09-09.56.52:116][325]LogModuleManager: Shutting down and abandoning module IOSTargetPlatform (40)
[2017.10.09-09.56.52:116][325]LogModuleManager: Shutting down and abandoning module HTML5TargetPlatform (39)
[2017.10.09-09.56.52:116][325]LogModuleManager: Shutting down and abandoning module Android_PVRTCTargetPlatform (38)
[2017.10.09-09.56.52:116][325]LogModuleManager: Shutting down and abandoning module Android_MultiTargetPlatform (37)
[2017.10.09-09.56.52:116][325]LogModuleManager: Shutting down and abandoning module Android_ETC2TargetPlatform (36)
[2017.10.09-09.56.52:116][325]LogModuleManager: Shutting down and abandoning module Android_ETC1TargetPlatform (35)
[2017.10.09-09.56.52:116][325]LogModuleManager: Shutting down and abandoning module Android_DXTTargetPlatform (34)
[2017.10.09-09.56.52:117][325]LogModuleManager: Shutting down and abandoning module Android_ATCTargetPlatform (33)
[2017.10.09-09.56.52:117][325]LogModuleManager: Shutting down and abandoning module Android_ASTCTargetPlatform (32)
[2017.10.09-09.56.52:117][325]LogModuleManager: Shutting down and abandoning module AndroidTargetPlatform (31)
[2017.10.09-09.56.52:117][325]LogModuleManager: Shutting down and abandoning module WindowsTargetPlatform (30)
[2017.10.09-09.56.52:117][325]LogModuleManager: Shutting down and abandoning module WindowsServerTargetPlatform (29)
[2017.10.09-09.56.52:145][325]LogModuleManager: Shutting down and abandoning module WindowsNoEditorTargetPlatform (28)
[2017.10.09-09.56.52:180][325]LogModuleManager: Shutting down and abandoning module WindowsClientTargetPlatform (27)
[2017.10.09-09.56.52:202][325]LogModuleManager: Shutting down and abandoning module AllDesktopTargetPlatform (26)
[2017.10.09-09.56.52:202][325]LogModuleManager: Shutting down and abandoning module TargetPlatform (25)
[2017.10.09-09.56.52:202][325]LogModuleManager: Shutting down and abandoning module InputCore (24)
[2017.10.09-09.56.52:202][325]LogModuleManager: Shutting down and abandoning module Settings (23)
[2017.10.09-09.56.52:202][325]LogModuleManager: Shutting down and abandoning module OculusRift (22)
[2017.10.09-09.56.52:263][325]LogModuleManager: Shutting down and abandoning module GearVR (21)
[2017.10.09-09.56.52:263][325]LogModuleManager: Shutting down and abandoning module ExampleDeviceProfileSelector (20)
[2017.10.09-09.56.52:296][325]LogModuleManager: Shutting down and abandoning module OnlineBlueprintSupport (19)
[2017.10.09-09.56.52:296][325]LogModuleManager: Shutting down and abandoning module OnlineSubsystem (17)
[2017.10.09-09.56.52:352][325]LogOnline:Display: Unloading online subsystem: NULL
[2017.10.09-09.56.52:446][325]LogModuleManager: Shutting down and abandoning module HTTP (16)
[2017.10.09-09.56.52:446][325]LogHttp:Display: Http module shutting down, but needs to wait on 1 outstanding Http requests:
[2017.10.09-09.56.52:446][325]LogHttp:Display: 	verb=[POST] url=[https://datarouter.ol.epicgames.com/datarouter/api/v1/public/data?SessionID=%7B6406E572-467C-6FDB-1104-D0823CFB147A%7D&AppID=UEEditor.Rocket.Release&AppVersion=4.13.2-3172292%2B%2B%2BUE4%2BRelease-4.13&UserID=92edb32641e7b5dab51448b960f630a1%7Cced3a19fefb64cdf8fc981c8aa04a526%7Cb7dd3fa6-999d-4a07-a591-a6be22ab12b9&AppEnvironment=datacollector-binary&UploadType=eteventstream] status=Processing
[2017.10.09-09.56.52:615][325]LogModuleManager: Shutting down and abandoning module XMPP (15)
[2017.10.09-09.56.52:673][325]LogModuleManager: Shutting down and abandoning module TextureCompressor (14)
[2017.10.09-09.56.52:932][325]LogModuleManager: Shutting down and abandoning module ShaderCore (13)
[2017.10.09-09.56.52:958][325]LogModuleManager: Shutting down and abandoning module Landscape (12)
[2017.10.09-09.56.52:958][325]LogModuleManager: Shutting down and abandoning module SlateRHIRenderer (11)
[2017.10.09-09.56.53:010][325]LogModuleManager: Shutting down and abandoning module OpenGLDrv (10)
[2017.10.09-09.56.53:095][325]LogModuleManager: Shutting down and abandoning module D3D11RHI (9)
[2017.10.09-09.56.53:095][325]LogModuleManager: Shutting down and abandoning module AnimGraphRuntime (8)
[2017.10.09-09.56.53:095][325]LogModuleManager: Shutting down and abandoning module Renderer (7)
[2017.10.09-09.56.53:095][325]LogModuleManager: Shutting down and abandoning module Engine (6)
[2017.10.09-09.56.53:095][325]LogModuleManager: Shutting down and abandoning module CoreUObject (5)
[2017.10.09-09.56.53:095][325]LogModuleManager: Shutting down and abandoning module NetworkFile (4)
[2017.10.09-09.56.53:140][325]LogModuleManager: Shutting down and abandoning module StreamingFile (3)
[2017.10.09-09.56.53:184][325]LogModuleManager: Shutting down and abandoning module SandboxFile (2)
[2017.10.09-09.56.53:212][325]LogModuleManager: Shutting down and abandoning module PakFile (1)
[2017.10.09-09.56.53:782][325]LogExit: Exiting.
[2017.10.09-09.56.54:592][325]Log file closed, 10/09/17 11:56:54
